Information: Propagating switching activity (low effort zero delay simulation). (PWR-6)
Warning: Design has unannotated primary inputs. (PWR-414)
Warning: Design has unannotated sequential cell outputs. (PWR-415)
Warning: Design has unannotated black box outputs. (PWR-428)
 
****************************************
Report : power
        -analysis_effort low
Design : topfft
Version: O-2018.06-SP2
Date   : Thu Oct 31 12:08:39 2019
****************************************


Library(s) Used:

    gscl45nm (File: /home/tools/synopsys/tech_kits/FreePDK45/osu_soc/lib/files/gscl45nm.db)


Operating Conditions: typical   Library: gscl45nm
Wire Load Model Mode: top


Global Operating Voltage = 1.1  
Power-specific unit information :
    Voltage Units = 1V
    Capacitance Units = 1.000000pf
    Time Units = 1ns
    Dynamic Power Units = 1mW    (derived from V,C,T units)
    Leakage Power Units = 1nW


  Cell Internal Power  =  89.3331 mW   (13%)
  Net Switching Power  = 604.3976 mW   (87%)
                         ---------
Total Dynamic Power    = 693.7307 mW  (100%)

Cell Leakage Power     =   1.8778 mW


                 Internal         Switching           Leakage            Total
Power Group      Power            Power               Power              Power   (   %    )  Attrs
--------------------------------------------------------------------------------------------------
io_pad             0.0000            0.0000            0.0000            0.0000  (   0.00%)
memory             0.0000            0.0000            0.0000            0.0000  (   0.00%)
black_box          0.0000            0.0000            0.0000            0.0000  (   0.00%)
clock_network     34.8220          603.2268        1.4573e+06          639.6328  (  91.96%)
register          54.2228            0.2699        4.0540e+05           54.8980  (   7.89%)
sequential         0.0000            0.0000            0.0000            0.0000  (   0.00%)
combinational      0.2884            0.7304        1.5016e+04            1.0337  (   0.15%)
--------------------------------------------------------------------------------------------------
Total             89.3331 mW       604.2271 mW     1.8778e+06 nW       695.5646 mW
1
