Warning: Design 'topfft' has '19' unresolved references. For more detailed information, use the "link" command. (UID-341)
 
****************************************
Report : area
Design : topfft
Version: O-2018.06-SP2
Date   : Thu Oct 31 12:08:34 2019
****************************************

Library(s) Used:

    gscl45nm (File: /home/tools/synopsys/tech_kits/FreePDK45/osu_soc/lib/files/gscl45nm.db)

Number of ports:                         1228
Number of nets:                        112376
Number of cells:                       102726
Number of combinational cells:          95310
Number of sequential cells:              7404
Number of macros/black boxes:               0
Number of buf/inv:                      27817
Number of references:                      54

Combinational area:             291201.116637
Buf/Inv area:                    44892.767764
Noncombinational area:           58830.508095
Macro/Black Box area:                0.000000
Net Interconnect area:      undefined  (No wire load specified)

Total cell area:                350031.624731
Total area:                 undefined

Information: This design contains black box (unknown) components. (RPT-8)

Area of detected synthetic parts
--------------------------------
  No DW parts to report!

Estimated area of ungrouped synthetic parts
-------------------------------------------
                                         Estimated  Perc. of
  Module               Implem.  Count         Area cell area
  -------------------- -------  ----- ------------ ---------
  DP_OP_11J11_122_5388     str      2   16764.3525      4.8%
  DP_OP_11J11_124_5013     str      3   15479.5005      4.4%
  DP_OP_11J12_122_4572     str      2   13034.3525      3.7%
  DP_OP_11J12_124_5420     str      1    4577.0952      1.3%
  DP_OP_11J8_122_2636      str      3   11275.9180      3.2%
  DP_OP_11J8_124_6728      str      2    4798.1328      1.4%
  DP_OP_11J9_122_9344      str      1    2663.2822      0.8%
  DP_OP_12J11_123_5388     str      2   16752.6182      4.8%
  DP_OP_12J11_125_5013     str      3   15490.7646      4.4%
  DP_OP_12J12_123_4572     str      2   13153.5537      3.8%
  DP_OP_12J12_125_5420     str      1    4670.0161      1.3%
  DP_OP_12J8_123_2636      str      3   11277.7944      3.2%
  DP_OP_12J8_125_6728      str      2    4797.1943      1.4%
  DP_OP_12J9_123_9344      str      1    2659.5278      0.8%
  DW01_add             apparch      8     998.6705      0.3%
  DW01_add              pparch     12    4521.7013      1.3%
  DW01_inc             apparch     11    1142.7456      0.3%
  DW01_sub             apparch     18    2979.1167      0.9%
  DW01_sub              pparch      8    4233.5507      1.2%
  DW_cmp               apparch      4     132.8119      0.0%
  -------------------- -------  ----- ------------ ---------
  DP_OP Subtotal:                  28  137394.1030     39.3%
  Total:                           89  151402.6997     43.3%

Subtotal of datapath(DP_OP) cell area:  137394.1030  39.3%  (estimated)
Total synthetic cell area:              151402.6997  43.3%  (estimated)

1
