Warning: Design 'topfft' has '14' unresolved references. For more detailed information, use the "link" command. (UID-341)
 
****************************************
Report : area
Design : topfft
Version: O-2018.06-SP2
Date   : Fri Nov  8 15:33:30 2019
****************************************

Library(s) Used:

    gscl45nm (File: /home/tools/synopsys/tech_kits/FreePDK45/osu_soc/lib/files/gscl45nm.db)

Number of ports:                         2315
Number of nets:                         75713
Number of cells:                        66284
Number of combinational cells:          58017
Number of sequential cells:              8240
Number of macros/black boxes:               0
Number of buf/inv:                      14789
Number of references:                      47

Combinational area:             195877.841872
Buf/Inv area:                    24429.880240
Noncombinational area:           64463.046570
Macro/Black Box area:                0.000000
Net Interconnect area:      undefined  (No wire load specified)

Total cell area:                260340.888442
Total area:                 undefined

Information: This design contains black box (unknown) components. (RPT-8)

Area of detected synthetic parts
--------------------------------
  No DW parts to report!

Estimated area of ungrouped synthetic parts
-------------------------------------------
                                         Estimated  Perc. of
  Module               Implem.  Count         Area cell area
  -------------------- -------  ----- ------------ ---------
  DP_OP_11J11_122_5013     str      4   17484.3223      6.7%
  DP_OP_11J14_122_2636     str      4   13344.5762      5.1%
  DP_OP_11J9_122_5388      str      4   28531.4668     11.0%
  DP_OP_11J9_124_1579      str      2    5305.9155      2.0%
  DP_OP_12J11_123_5013     str      4   19667.0776      7.6%
  DP_OP_12J14_123_2636     str      4   13647.7437      5.2%
  DP_OP_12J9_123_5388      str      4   28473.2754     10.9%
  DP_OP_12J9_125_1579      str      2    5349.0908      2.1%
  DW01_add             apparch     26    4285.1781      1.6%
  DW01_add              pparch      2    1031.5203      0.4%
  DW01_inc             apparch     14    1446.8520      0.6%
  DW01_sub             apparch     31    5591.7096      2.1%
  DW01_sub              pparch      2    1108.4854      0.4%
  DW_cmp               apparch     11     265.2390      0.1%
  -------------------- -------  ----- ------------ ---------
  DP_OP Subtotal:                  28  131803.4683     50.6%
  Total:                          114  145532.4525     55.9%

Subtotal of datapath(DP_OP) cell area:  131803.4683  50.6%  (estimated)
Total synthetic cell area:              145532.4525  55.9%  (estimated)

1
