Warning: Design 'topfft' has '14' unresolved references. For more detailed information, use the "link" command. (UID-341)
Information: Updating design information... (UID-85)
Warning: Design 'topfft' contains 1 high-fanout nets. A fanout number of 1000 will be used for delay calculations involving these nets. (TIM-134)
 
****************************************
Report : qor
Design : topfft
Version: O-2018.06-SP2
Date   : Fri Nov  8 16:44:50 2019
****************************************


  Timing Path Group 'CLK'
  -----------------------------------
  Levels of Logic:              38.00
  Critical Path Length:          1.60
  Critical Path Slack:           0.00
  Critical Path Clk Period:      1.66
  Total Negative Slack:          0.00
  No. of Violating Paths:        0.00
  Worst Hold Violation:          0.00
  Total Hold Violation:          0.00
  No. of Hold Violations:        0.00
  -----------------------------------


  Cell Count
  -----------------------------------
  Hierarchical Cell Count:         26
  Hierarchical Port Count:       2150
  Leaf Cell Count:              68375
  Buf/Inv Cell Count:           15957
  Buf Cell Count:                3310
  Inv Cell Count:               12647
  CT Buf/Inv Cell Count:            0
  Combinational Cell Count:     60295
  Sequential Cell Count:         8080
  Macro Count:                      0
  -----------------------------------


  Area
  -----------------------------------
  Combinational Area:   199713.430654
  Noncombinational Area: 64463.046570
  Buf/Inv Area:          25765.977332
  Total Buffer Area:          7775.36
  Total Inverter Area:       17990.62
  Macro/Black Box Area:      0.000000
  Net Area:                  0.000000
  -----------------------------------
  Cell Area:            264176.477224
  Design Area:          264176.477224


  Design Rules
  -----------------------------------
  Total Number of Nets:         75791
  Nets With Violations:          6164
  Max Trans Violations:             0
  Max Cap Violations:            6164
  -----------------------------------


  Hostname: nina.localdomain

  Compile CPU Statistics
  -----------------------------------------
  Resource Sharing:                    6.02
  Logic Optimization:                 34.74
  Mapping Optimization:              312.62
  -----------------------------------------
  Overall Compile Time:              487.45
  Overall Compile Wall Clock Time:   254.77

  --------------------------------------------------------------------

  Design  WNS: 0.00  TNS: 0.00  Number of Violating Paths: 0


  Design (Hold)  WNS: 0.00  TNS: 0.00  Number of Violating Paths: 0

  --------------------------------------------------------------------


1
