Warning: Design 'topfft' has '14' unresolved references. For more detailed information, use the "link" command. (UID-341)
 
****************************************
Report : area
Design : topfft
Version: O-2018.06-SP2
Date   : Fri Nov  8 16:44:50 2019
****************************************

Library(s) Used:

    gscl45nm (File: /home/tools/synopsys/tech_kits/FreePDK45/osu_soc/lib/files/gscl45nm.db)

Number of ports:                         2312
Number of nets:                         77837
Number of cells:                        68547
Number of combinational cells:          60281
Number of sequential cells:              8240
Number of macros/black boxes:               0
Number of buf/inv:                      15957
Number of references:                      46

Combinational area:             199713.430654
Buf/Inv area:                    25765.977332
Noncombinational area:           64463.046570
Macro/Black Box area:                0.000000
Net Interconnect area:      undefined  (No wire load specified)

Total cell area:                264176.477224
Total area:                 undefined

Information: This design contains black box (unknown) components. (RPT-8)

Area of detected synthetic parts
--------------------------------
  No DW parts to report!

Estimated area of ungrouped synthetic parts
-------------------------------------------
                                         Estimated  Perc. of
  Module               Implem.  Count         Area cell area
  -------------------- -------  ----- ------------ ---------
  DP_OP_11J11_122_5013     str      4   17578.1860      6.7%
  DP_OP_11J14_122_2636     str      4   13347.3918      5.1%
  DP_OP_11J9_122_5388      str      4   28751.1113     10.9%
  DP_OP_11J9_124_1579      str      2    5298.4067      2.0%
  DP_OP_12J11_123_5013     str      4   19860.9146      7.5%
  DP_OP_12J14_123_2636     str      4   13705.4675      5.2%
  DP_OP_12J9_123_5388      str      4   28692.9199     10.9%
  DP_OP_12J9_125_1579      str      2    5359.4155      2.0%
  DW01_add             apparch     26    4259.8360      1.6%
  DW01_add              pparch      2    1122.5643      0.4%
  DW01_inc             apparch     14    1446.8520      0.5%
  DW01_sub             apparch     31    5579.5079      2.1%
  DW01_sub              pparch      2    1206.0995      0.5%
  DW_cmp               apparch     11     265.2390      0.1%
  -------------------- -------  ----- ------------ ---------
  DP_OP Subtotal:                  28  132593.8135     50.2%
  Total:                          114  146473.9123     55.4%

Subtotal of datapath(DP_OP) cell area:  132593.8135  50.2%  (estimated)
Total synthetic cell area:              146473.9123  55.4%  (estimated)

1
