Warning: Design 'topfft' has '14' unresolved references. For more detailed information, use the "link" command. (UID-341)
 
****************************************
Report : area
Design : topfft
Version: O-2018.06-SP2
Date   : Fri Nov  8 16:44:50 2019
****************************************

Library(s) Used:

    gscl45nm (File: /home/tools/synopsys/tech_kits/FreePDK45/osu_soc/lib/files/gscl45nm.db)

Number of ports:                         2312
Number of nets:                         77837
Number of cells:                        68547
Number of combinational cells:          60281
Number of sequential cells:              8240
Number of macros/black boxes:               0
Number of buf/inv:                      15957
Number of references:                      46

Combinational area:             199713.430654
Buf/Inv area:                    25765.977332
Noncombinational area:           64463.046570
Macro/Black Box area:                0.000000
Net Interconnect area:      undefined  (No wire load specified)

Total cell area:                264176.477224
Total area:                 undefined

Information: This design contains black box (unknown) components. (RPT-8)
1
