#-----------------------------------------------------------
# Vivado v2019.1.1 (64-bit)
# SW Build 2552052 on Fri May 24 14:49:42 MDT 2019
# IP Build 2579722 on Sat Jun 29 11:35:40 MDT 2019
# Start of session at: Thu Sep  5 14:57:10 2019
# Process ID: 5092
# Current directory: C:/fft-parallel4/verilog/pruebaPF
# Command line: vivado.exe -gui_launcher_event rodinguilauncherevent13532 C:\fft-parallel4\verilog\pruebaPF\pruebaPF.xpr
# Log file: C:/fft-parallel4/verilog/pruebaPF/vivado.log
# Journal file: C:/fft-parallel4/verilog/pruebaPF\vivado.jou
#-----------------------------------------------------------
start_gui
open_project C:/fft-parallel4/verilog/pruebaPF/pruebaPF.xpr
Scanning sources...
Finished scanning sources
INFO: [IP_Flow 19-234] Refreshing IP repositories
INFO: [IP_Flow 19-1704] No user IP repositories specified
INFO: [IP_Flow 19-2313] Loaded Vivado IP repository 'C:/Xilinx/Vivado/2019.1/data/ip'.
update_compile_order -fileset sources_1
update_compile_order -fileset sources_1
update_compile_order -fileset sources_1
update_compile_order -fileset sources_1
update_compile_order -fileset sources_1
export_ip_user_files -of_objects  [get_files C:/fft-parallel4/verilog/pruebaPF/pruebaPF.srcs/sources_1/new/fixtop.v] -no_script -reset -force -quiet
remove_files  C:/fft-parallel4/verilog/pruebaPF/pruebaPF.srcs/sources_1/new/fixtop.v
add_files -norecurse C:/fft-parallel4/verilog/pruebaPF/pruebaPF.srcs/sources_1/new/fixtop_sat.v
update_compile_order -fileset sources_1
update_compile_order -fileset sources_1
update_compile_order -fileset sources_1
update_compile_order -fileset sources_1
update_compile_order -fileset sources_1
update_compile_order -fileset sources_1
update_compile_order -fileset sources_1
update_compile_order -fileset sources_1
export_ip_user_files -of_objects  [get_files C:/fft-parallel4/verilog/pruebaPF/pruebaPF.srcs/sim_1/new/tb_mult.v] -no_script -reset -force -quiet
export_ip_user_files -of_objects  [get_files C:/fft-parallel4/verilog/pruebaPF/pruebaPF.srcs/sim_1/new/tb_sum.v] -no_script -reset -force -quiet
remove_files  -fileset sim_1 {C:/fft-parallel4/verilog/pruebaPF/pruebaPF.srcs/sim_1/new/tb_mult.v C:/fft-parallel4/verilog/pruebaPF/pruebaPF.srcs/sim_1/new/tb_sum.v}
export_ip_user_files -of_objects  [get_files C:/fft-parallel4/verilog/pruebaPF/pruebaPF.srcs/sources_1/new/fixtop_sat.v] -no_script -reset -force -quiet
remove_files  C:/fft-parallel4/verilog/pruebaPF/pruebaPF.srcs/sources_1/new/fixtop_sat.v
update_compile_order -fileset sources_1
update_compile_order -fileset sim_1
export_ip_user_files -of_objects  [get_files C:/fft-parallel4/verilog/pruebaPF/pruebaPF.srcs/sources_1/new/mult.v] -no_script -reset -force -quiet
remove_files  C:/fft-parallel4/verilog/pruebaPF/pruebaPF.srcs/sources_1/new/mult.v
export_ip_user_files -of_objects  [get_files C:/fft-parallel4/verilog/pruebaPF/pruebaPF.srcs/sources_1/new/sum.v] -no_script -reset -force -quiet
remove_files  C:/fft-parallel4/verilog/pruebaPF/pruebaPF.srcs/sources_1/new/sum.v
export_ip_user_files -of_objects  [get_files C:/fft-parallel4/verilog/pruebaPF/pruebaPF.srcs/sim_1/new/tb_fixtop.v] -no_script -reset -force -quiet
remove_files  -fileset sim_1 C:/fft-parallel4/verilog/pruebaPF/pruebaPF.srcs/sim_1/new/tb_fixtop.v
set_property SOURCE_SET sources_1 [get_filesets sim_1]
add_files -fileset sim_1 -norecurse C:/fft-parallel4/verilog/pruebaPF/pruebaPF.srcs/sim_1/new/tb_fixtop_sat.v
update_compile_order -fileset sim_1
update_compile_order -fileset sim_1
add_files -norecurse C:/fft-parallel4/verilog/pruebaPF/pruebaPF.srcs/sim_1/new/tb_fixtop_sat.v
update_compile_order -fileset sources_1
update_compile_order -fileset sources_1
export_ip_user_files -of_objects  [get_files C:/fft-parallel4/verilog/pruebaPF/pruebaPF.srcs/sim_1/new/tb_fixtop_sat.v] -no_script -reset -force -quiet
remove_files  C:/fft-parallel4/verilog/pruebaPF/pruebaPF.srcs/sim_1/new/tb_fixtop_sat.v
add_files -norecurse C:/fft-parallel4/verilog/pruebaPF/pruebaPF.srcs/sources_1/new/fixtop_sat.v
update_compile_order -fileset sources_1
update_compile_order -fileset sources_1
WARNING: [filemgmt 56-199] Attempt to get parsing info during refresh. "On-the-fly" syntax checking information may be incorrect. [C:/fft-parallel4/verilog/pruebaPF/pruebaPF.srcs/sources_1/new/fixtop_sat.v:]
WARNING: [filemgmt 56-199] Attempt to get parsing info during refresh. "On-the-fly" syntax checking information may be incorrect. [C:/fft-parallel4/verilog/pruebaPF/pruebaPF.srcs/sim_1/new/tb_fixtop_sat.v:]
WARNING: [filemgmt 56-199] Attempt to get parsing info during refresh. "On-the-fly" syntax checking information may be incorrect. [C:/fft-parallel4/verilog/pruebaPF/pruebaPF.srcs/sources_1/new/fixtop.v:]
WARNING: [filemgmt 56-199] Attempt to get parsing info during refresh. "On-the-fly" syntax checking information may be incorrect. [C:/fft-parallel4/verilog/pruebaPF/pruebaPF.srcs/sources_1/new/sat.v:]
WARNING: [filemgmt 56-199] Attempt to get parsing info during refresh. "On-the-fly" syntax checking information may be incorrect. [C:/fft-parallel4/verilog/pruebaPF/pruebaPF.srcs/sim_1/new/tb_fixtop.v:]
ERROR: [Common 17-180] Spawn failed: No such file or directory
WARNING: [filemgmt 56-199] Attempt to get parsing info during refresh. "On-the-fly" syntax checking information may be incorrect. [C:/fft-parallel4/verilog/pruebaPF/pruebaPF.srcs/sources_1/new/fixtop_sat.v:]
WARNING: [filemgmt 56-199] Attempt to get parsing info during refresh. "On-the-fly" syntax checking information may be incorrect. [C:/fft-parallel4/verilog/pruebaPF/pruebaPF.srcs/sim_1/new/tb_fixtop_sat.v:]
WARNING: [filemgmt 56-199] Attempt to get parsing info during refresh. "On-the-fly" syntax checking information may be incorrect. [C:/fft-parallel4/verilog/pruebaPF/pruebaPF.srcs/sources_1/new/fixtop.v:]
WARNING: [filemgmt 56-199] Attempt to get parsing info during refresh. "On-the-fly" syntax checking information may be incorrect. [C:/fft-parallel4/verilog/pruebaPF/pruebaPF.srcs/sources_1/new/sat.v:]
WARNING: [filemgmt 56-199] Attempt to get parsing info during refresh. "On-the-fly" syntax checking information may be incorrect. [C:/fft-parallel4/verilog/pruebaPF/pruebaPF.srcs/sim_1/new/tb_fixtop.v:]
WARNING: [filemgmt 56-199] Attempt to get parsing info during refresh. "On-the-fly" syntax checking information may be incorrect. [C:/fft-parallel4/verilog/pruebaPF/pruebaPF.srcs/sources_1/new/fixtop_sat.v:]
WARNING: [filemgmt 56-199] Attempt to get parsing info during refresh. "On-the-fly" syntax checking information may be incorrect. [C:/fft-parallel4/verilog/pruebaPF/pruebaPF.srcs/sim_1/new/tb_fixtop_sat.v:]
WARNING: [filemgmt 56-199] Attempt to get parsing info during refresh. "On-the-fly" syntax checking information may be incorrect. [C:/fft-parallel4/verilog/pruebaPF/pruebaPF.srcs/sources_1/new/fixtop.v:]
WARNING: [filemgmt 56-199] Attempt to get parsing info during refresh. "On-the-fly" syntax checking information may be incorrect. [C:/fft-parallel4/verilog/pruebaPF/pruebaPF.srcs/sources_1/new/sat.v:]
WARNING: [filemgmt 56-199] Attempt to get parsing info during refresh. "On-the-fly" syntax checking information may be incorrect. [C:/fft-parallel4/verilog/pruebaPF/pruebaPF.srcs/sim_1/new/tb_fixtop.v:]
ERROR: [Common 17-180] Spawn failed: No such file or directory
WARNING: [filemgmt 56-199] Attempt to get parsing info during refresh. "On-the-fly" syntax checking information may be incorrect. [C:/fft-parallel4/verilog/pruebaPF/pruebaPF.srcs/sources_1/new/fixtop_sat.v:]
WARNING: [filemgmt 56-199] Attempt to get parsing info during refresh. "On-the-fly" syntax checking information may be incorrect. [C:/fft-parallel4/verilog/pruebaPF/pruebaPF.srcs/sim_1/new/tb_fixtop_sat.v:]
WARNING: [filemgmt 56-199] Attempt to get parsing info during refresh. "On-the-fly" syntax checking information may be incorrect. [C:/fft-parallel4/verilog/pruebaPF/pruebaPF.srcs/sources_1/new/fixtop.v:]
WARNING: [filemgmt 56-199] Attempt to get parsing info during refresh. "On-the-fly" syntax checking information may be incorrect. [C:/fft-parallel4/verilog/pruebaPF/pruebaPF.srcs/sources_1/new/sat.v:]
WARNING: [filemgmt 56-199] Attempt to get parsing info during refresh. "On-the-fly" syntax checking information may be incorrect. [C:/fft-parallel4/verilog/pruebaPF/pruebaPF.srcs/sim_1/new/tb_fixtop.v:]
WARNING: [filemgmt 56-199] Attempt to get parsing info during refresh. "On-the-fly" syntax checking information may be incorrect. [C:/fft-parallel4/verilog/pruebaPF/pruebaPF.srcs/sources_1/new/fixtop_sat.v:]
WARNING: [filemgmt 56-199] Attempt to get parsing info during refresh. "On-the-fly" syntax checking information may be incorrect. [C:/fft-parallel4/verilog/pruebaPF/pruebaPF.srcs/sim_1/new/tb_fixtop_sat.v:]
WARNING: [filemgmt 56-199] Attempt to get parsing info during refresh. "On-the-fly" syntax checking information may be incorrect. [C:/fft-parallel4/verilog/pruebaPF/pruebaPF.srcs/sources_1/new/fixtop.v:]
WARNING: [filemgmt 56-199] Attempt to get parsing info during refresh. "On-the-fly" syntax checking information may be incorrect. [C:/fft-parallel4/verilog/pruebaPF/pruebaPF.srcs/sources_1/new/sat.v:]
WARNING: [filemgmt 56-199] Attempt to get parsing info during refresh. "On-the-fly" syntax checking information may be incorrect. [C:/fft-parallel4/verilog/pruebaPF/pruebaPF.srcs/sim_1/new/tb_fixtop.v:]
ERROR: [Common 17-180] Spawn failed: No such file or directory
WARNING: [filemgmt 56-199] Attempt to get parsing info during refresh. "On-the-fly" syntax checking information may be incorrect. [C:/fft-parallel4/verilog/pruebaPF/pruebaPF.srcs/sources_1/new/fixtop_sat.v:]
WARNING: [filemgmt 56-199] Attempt to get parsing info during refresh. "On-the-fly" syntax checking information may be incorrect. [C:/fft-parallel4/verilog/pruebaPF/pruebaPF.srcs/sim_1/new/tb_fixtop_sat.v:]
WARNING: [filemgmt 56-199] Attempt to get parsing info during refresh. "On-the-fly" syntax checking information may be incorrect. [C:/fft-parallel4/verilog/pruebaPF/pruebaPF.srcs/sources_1/new/fixtop.v:]
WARNING: [filemgmt 56-199] Attempt to get parsing info during refresh. "On-the-fly" syntax checking information may be incorrect. [C:/fft-parallel4/verilog/pruebaPF/pruebaPF.srcs/sources_1/new/sat.v:]
WARNING: [filemgmt 56-199] Attempt to get parsing info during refresh. "On-the-fly" syntax checking information may be incorrect. [C:/fft-parallel4/verilog/pruebaPF/pruebaPF.srcs/sim_1/new/tb_fixtop.v:]
WARNING: [filemgmt 56-199] Attempt to get parsing info during refresh. "On-the-fly" syntax checking information may be incorrect. [C:/fft-parallel4/verilog/pruebaPF/pruebaPF.srcs/sources_1/new/fixtop_sat.v:]
WARNING: [filemgmt 56-199] Attempt to get parsing info during refresh. "On-the-fly" syntax checking information may be incorrect. [C:/fft-parallel4/verilog/pruebaPF/pruebaPF.srcs/sim_1/new/tb_fixtop_sat.v:]
WARNING: [filemgmt 56-199] Attempt to get parsing info during refresh. "On-the-fly" syntax checking information may be incorrect. [C:/fft-parallel4/verilog/pruebaPF/pruebaPF.srcs/sources_1/new/fixtop.v:]
WARNING: [filemgmt 56-199] Attempt to get parsing info during refresh. "On-the-fly" syntax checking information may be incorrect. [C:/fft-parallel4/verilog/pruebaPF/pruebaPF.srcs/sources_1/new/sat.v:]
WARNING: [filemgmt 56-199] Attempt to get parsing info during refresh. "On-the-fly" syntax checking information may be incorrect. [C:/fft-parallel4/verilog/pruebaPF/pruebaPF.srcs/sim_1/new/tb_fixtop.v:]
ERROR: [Common 17-180] Spawn failed: No such file or directory
WARNING: [filemgmt 56-199] Attempt to get parsing info during refresh. "On-the-fly" syntax checking information may be incorrect. [C:/fft-parallel4/verilog/pruebaPF/pruebaPF.srcs/sources_1/new/fixtop_sat.v:]
WARNING: [filemgmt 56-199] Attempt to get parsing info during refresh. "On-the-fly" syntax checking information may be incorrect. [C:/fft-parallel4/verilog/pruebaPF/pruebaPF.srcs/sim_1/new/tb_fixtop_sat.v:]
WARNING: [filemgmt 56-199] Attempt to get parsing info during refresh. "On-the-fly" syntax checking information may be incorrect. [C:/fft-parallel4/verilog/pruebaPF/pruebaPF.srcs/sources_1/new/fixtop.v:]
WARNING: [filemgmt 56-199] Attempt to get parsing info during refresh. "On-the-fly" syntax checking information may be incorrect. [C:/fft-parallel4/verilog/pruebaPF/pruebaPF.srcs/sources_1/new/sat.v:]
WARNING: [filemgmt 56-199] Attempt to get parsing info during refresh. "On-the-fly" syntax checking information may be incorrect. [C:/fft-parallel4/verilog/pruebaPF/pruebaPF.srcs/sim_1/new/tb_fixtop.v:]
WARNING: [filemgmt 56-199] Attempt to get parsing info during refresh. "On-the-fly" syntax checking information may be incorrect. [C:/fft-parallel4/verilog/pruebaPF/pruebaPF.srcs/sources_1/new/fixtop_sat.v:]
WARNING: [filemgmt 56-199] Attempt to get parsing info during refresh. "On-the-fly" syntax checking information may be incorrect. [C:/fft-parallel4/verilog/pruebaPF/pruebaPF.srcs/sim_1/new/tb_fixtop_sat.v:]
WARNING: [filemgmt 56-199] Attempt to get parsing info during refresh. "On-the-fly" syntax checking information may be incorrect. [C:/fft-parallel4/verilog/pruebaPF/pruebaPF.srcs/sources_1/new/fixtop.v:]
WARNING: [filemgmt 56-199] Attempt to get parsing info during refresh. "On-the-fly" syntax checking information may be incorrect. [C:/fft-parallel4/verilog/pruebaPF/pruebaPF.srcs/sources_1/new/sat.v:]
WARNING: [filemgmt 56-199] Attempt to get parsing info during refresh. "On-the-fly" syntax checking information may be incorrect. [C:/fft-parallel4/verilog/pruebaPF/pruebaPF.srcs/sim_1/new/tb_fixtop.v:]
ERROR: [Common 17-180] Spawn failed: No such file or directory
WARNING: [filemgmt 56-199] Attempt to get parsing info during refresh. "On-the-fly" syntax checking information may be incorrect. [C:/fft-parallel4/verilog/pruebaPF/pruebaPF.srcs/sources_1/new/fixtop_sat.v:]
WARNING: [filemgmt 56-199] Attempt to get parsing info during refresh. "On-the-fly" syntax checking information may be incorrect. [C:/fft-parallel4/verilog/pruebaPF/pruebaPF.srcs/sim_1/new/tb_fixtop_sat.v:]
WARNING: [filemgmt 56-199] Attempt to get parsing info during refresh. "On-the-fly" syntax checking information may be incorrect. [C:/fft-parallel4/verilog/pruebaPF/pruebaPF.srcs/sources_1/new/fixtop.v:]
WARNING: [filemgmt 56-199] Attempt to get parsing info during refresh. "On-the-fly" syntax checking information may be incorrect. [C:/fft-parallel4/verilog/pruebaPF/pruebaPF.srcs/sources_1/new/sat.v:]
WARNING: [filemgmt 56-199] Attempt to get parsing info during refresh. "On-the-fly" syntax checking information may be incorrect. [C:/fft-parallel4/verilog/pruebaPF/pruebaPF.srcs/sim_1/new/tb_fixtop.v:]
ERROR: [Common 17-180] Spawn failed: No such file or directory
WARNING: [filemgmt 56-199] Attempt to get parsing info during refresh. "On-the-fly" syntax checking information may be incorrect. [C:/fft-parallel4/verilog/pruebaPF/pruebaPF.srcs/sources_1/new/fixtop_sat.v:]
WARNING: [filemgmt 56-199] Attempt to get parsing info during refresh. "On-the-fly" syntax checking information may be incorrect. [C:/fft-parallel4/verilog/pruebaPF/pruebaPF.srcs/sim_1/new/tb_fixtop_sat.v:]
WARNING: [filemgmt 56-199] Attempt to get parsing info during refresh. "On-the-fly" syntax checking information may be incorrect. [C:/fft-parallel4/verilog/pruebaPF/pruebaPF.srcs/sources_1/new/fixtop.v:]
WARNING: [filemgmt 56-199] Attempt to get parsing info during refresh. "On-the-fly" syntax checking information may be incorrect. [C:/fft-parallel4/verilog/pruebaPF/pruebaPF.srcs/sources_1/new/sat.v:]
WARNING: [filemgmt 56-199] Attempt to get parsing info during refresh. "On-the-fly" syntax checking information may be incorrect. [C:/fft-parallel4/verilog/pruebaPF/pruebaPF.srcs/sim_1/new/tb_fixtop.v:]
ERROR: [Common 17-180] Spawn failed: No such file or directory
WARNING: [filemgmt 56-199] Attempt to get parsing info during refresh. "On-the-fly" syntax checking information may be incorrect. [C:/fft-parallel4/verilog/pruebaPF/pruebaPF.srcs/sources_1/new/fixtop_sat.v:]
WARNING: [filemgmt 56-199] Attempt to get parsing info during refresh. "On-the-fly" syntax checking information may be incorrect. [C:/fft-parallel4/verilog/pruebaPF/pruebaPF.srcs/sim_1/new/tb_fixtop_sat.v:]
WARNING: [filemgmt 56-199] Attempt to get parsing info during refresh. "On-the-fly" syntax checking information may be incorrect. [C:/fft-parallel4/verilog/pruebaPF/pruebaPF.srcs/sources_1/new/fixtop.v:]
WARNING: [filemgmt 56-199] Attempt to get parsing info during refresh. "On-the-fly" syntax checking information may be incorrect. [C:/fft-parallel4/verilog/pruebaPF/pruebaPF.srcs/sources_1/new/sat.v:]
WARNING: [filemgmt 56-199] Attempt to get parsing info during refresh. "On-the-fly" syntax checking information may be incorrect. [C:/fft-parallel4/verilog/pruebaPF/pruebaPF.srcs/sim_1/new/tb_fixtop.v:]
ERROR: [Common 17-180] Spawn failed: No such file or directory
WARNING: [filemgmt 56-199] Attempt to get parsing info during refresh. "On-the-fly" syntax checking information may be incorrect. [C:/fft-parallel4/verilog/pruebaPF/pruebaPF.srcs/sources_1/new/fixtop_sat.v:]
WARNING: [filemgmt 56-199] Attempt to get parsing info during refresh. "On-the-fly" syntax checking information may be incorrect. [C:/fft-parallel4/verilog/pruebaPF/pruebaPF.srcs/sim_1/new/tb_fixtop_sat.v:]
WARNING: [filemgmt 56-199] Attempt to get parsing info during refresh. "On-the-fly" syntax checking information may be incorrect. [C:/fft-parallel4/verilog/pruebaPF/pruebaPF.srcs/sources_1/new/fixtop.v:]
WARNING: [filemgmt 56-199] Attempt to get parsing info during refresh. "On-the-fly" syntax checking information may be incorrect. [C:/fft-parallel4/verilog/pruebaPF/pruebaPF.srcs/sources_1/new/sat.v:]
WARNING: [filemgmt 56-199] Attempt to get parsing info during refresh. "On-the-fly" syntax checking information may be incorrect. [C:/fft-parallel4/verilog/pruebaPF/pruebaPF.srcs/sim_1/new/tb_fixtop.v:]
WARNING: [filemgmt 56-199] Attempt to get parsing info during refresh. "On-the-fly" syntax checking information may be incorrect. [C:/fft-parallel4/verilog/pruebaPF/pruebaPF.srcs/sources_1/new/fixtop_sat.v:]
WARNING: [filemgmt 56-199] Attempt to get parsing info during refresh. "On-the-fly" syntax checking information may be incorrect. [C:/fft-parallel4/verilog/pruebaPF/pruebaPF.srcs/sim_1/new/tb_fixtop_sat.v:]
WARNING: [filemgmt 56-199] Attempt to get parsing info during refresh. "On-the-fly" syntax checking information may be incorrect. [C:/fft-parallel4/verilog/pruebaPF/pruebaPF.srcs/sources_1/new/fixtop.v:]
WARNING: [filemgmt 56-199] Attempt to get parsing info during refresh. "On-the-fly" syntax checking information may be incorrect. [C:/fft-parallel4/verilog/pruebaPF/pruebaPF.srcs/sources_1/new/sat.v:]
WARNING: [filemgmt 56-199] Attempt to get parsing info during refresh. "On-the-fly" syntax checking information may be incorrect. [C:/fft-parallel4/verilog/pruebaPF/pruebaPF.srcs/sim_1/new/tb_fixtop.v:]
ERROR: [Common 17-180] Spawn failed: No such file or directory
WARNING: [filemgmt 56-199] Attempt to get parsing info during refresh. "On-the-fly" syntax checking information may be incorrect. [C:/fft-parallel4/verilog/pruebaPF/pruebaPF.srcs/sources_1/new/fixtop_sat.v:]
WARNING: [filemgmt 56-199] Attempt to get parsing info during refresh. "On-the-fly" syntax checking information may be incorrect. [C:/fft-parallel4/verilog/pruebaPF/pruebaPF.srcs/sim_1/new/tb_fixtop_sat.v:]
WARNING: [filemgmt 56-199] Attempt to get parsing info during refresh. "On-the-fly" syntax checking information may be incorrect. [C:/fft-parallel4/verilog/pruebaPF/pruebaPF.srcs/sources_1/new/fixtop.v:]
WARNING: [filemgmt 56-199] Attempt to get parsing info during refresh. "On-the-fly" syntax checking information may be incorrect. [C:/fft-parallel4/verilog/pruebaPF/pruebaPF.srcs/sources_1/new/sat.v:]
WARNING: [filemgmt 56-199] Attempt to get parsing info during refresh. "On-the-fly" syntax checking information may be incorrect. [C:/fft-parallel4/verilog/pruebaPF/pruebaPF.srcs/sim_1/new/tb_fixtop.v:]
ERROR: [Common 17-180] Spawn failed: No such file or directory
WARNING: [filemgmt 56-199] Attempt to get parsing info during refresh. "On-the-fly" syntax checking information may be incorrect. [C:/fft-parallel4/verilog/pruebaPF/pruebaPF.srcs/sources_1/new/fixtop_sat.v:]
WARNING: [filemgmt 56-199] Attempt to get parsing info during refresh. "On-the-fly" syntax checking information may be incorrect. [C:/fft-parallel4/verilog/pruebaPF/pruebaPF.srcs/sim_1/new/tb_fixtop_sat.v:]
WARNING: [filemgmt 56-199] Attempt to get parsing info during refresh. "On-the-fly" syntax checking information may be incorrect. [C:/fft-parallel4/verilog/pruebaPF/pruebaPF.srcs/sources_1/new/fixtop.v:]
WARNING: [filemgmt 56-199] Attempt to get parsing info during refresh. "On-the-fly" syntax checking information may be incorrect. [C:/fft-parallel4/verilog/pruebaPF/pruebaPF.srcs/sources_1/new/sat.v:]
WARNING: [filemgmt 56-199] Attempt to get parsing info during refresh. "On-the-fly" syntax checking information may be incorrect. [C:/fft-parallel4/verilog/pruebaPF/pruebaPF.srcs/sim_1/new/tb_fixtop.v:]
WARNING: [filemgmt 56-199] Attempt to get parsing info during refresh. "On-the-fly" syntax checking information may be incorrect. [C:/fft-parallel4/verilog/pruebaPF/pruebaPF.srcs/sources_1/new/fixtop_sat.v:]
WARNING: [filemgmt 56-199] Attempt to get parsing info during refresh. "On-the-fly" syntax checking information may be incorrect. [C:/fft-parallel4/verilog/pruebaPF/pruebaPF.srcs/sim_1/new/tb_fixtop_sat.v:]
WARNING: [filemgmt 56-199] Attempt to get parsing info during refresh. "On-the-fly" syntax checking information may be incorrect. [C:/fft-parallel4/verilog/pruebaPF/pruebaPF.srcs/sources_1/new/fixtop.v:]
WARNING: [filemgmt 56-199] Attempt to get parsing info during refresh. "On-the-fly" syntax checking information may be incorrect. [C:/fft-parallel4/verilog/pruebaPF/pruebaPF.srcs/sources_1/new/sat.v:]
WARNING: [filemgmt 56-199] Attempt to get parsing info during refresh. "On-the-fly" syntax checking information may be incorrect. [C:/fft-parallel4/verilog/pruebaPF/pruebaPF.srcs/sim_1/new/tb_fixtop.v:]
WARNING: [filemgmt 56-199] Attempt to get parsing info during refresh. "On-the-fly" syntax checking information may be incorrect. [C:/fft-parallel4/verilog/pruebaPF/pruebaPF.srcs/sources_1/new/fixtop_sat.v:]
WARNING: [filemgmt 56-199] Attempt to get parsing info during refresh. "On-the-fly" syntax checking information may be incorrect. [C:/fft-parallel4/verilog/pruebaPF/pruebaPF.srcs/sim_1/new/tb_fixtop_sat.v:]
WARNING: [filemgmt 56-199] Attempt to get parsing info during refresh. "On-the-fly" syntax checking information may be incorrect. [C:/fft-parallel4/verilog/pruebaPF/pruebaPF.srcs/sources_1/new/fixtop.v:]
WARNING: [filemgmt 56-199] Attempt to get parsing info during refresh. "On-the-fly" syntax checking information may be incorrect. [C:/fft-parallel4/verilog/pruebaPF/pruebaPF.srcs/sources_1/new/sat.v:]
WARNING: [filemgmt 56-199] Attempt to get parsing info during refresh. "On-the-fly" syntax checking information may be incorrect. [C:/fft-parallel4/verilog/pruebaPF/pruebaPF.srcs/sim_1/new/tb_fixtop.v:]
WARNING: [filemgmt 56-199] Attempt to get parsing info during refresh. "On-the-fly" syntax checking information may be incorrect. [C:/fft-parallel4/verilog/pruebaPF/pruebaPF.srcs/sources_1/new/fixtop_sat.v:]
WARNING: [filemgmt 56-199] Attempt to get parsing info during refresh. "On-the-fly" syntax checking information may be incorrect. [C:/fft-parallel4/verilog/pruebaPF/pruebaPF.srcs/sim_1/new/tb_fixtop_sat.v:]
WARNING: [filemgmt 56-199] Attempt to get parsing info during refresh. "On-the-fly" syntax checking information may be incorrect. [C:/fft-parallel4/verilog/pruebaPF/pruebaPF.srcs/sources_1/new/fixtop.v:]
WARNING: [filemgmt 56-199] Attempt to get parsing info during refresh. "On-the-fly" syntax checking information may be incorrect. [C:/fft-parallel4/verilog/pruebaPF/pruebaPF.srcs/sources_1/new/sat.v:]
WARNING: [filemgmt 56-199] Attempt to get parsing info during refresh. "On-the-fly" syntax checking information may be incorrect. [C:/fft-parallel4/verilog/pruebaPF/pruebaPF.srcs/sim_1/new/tb_fixtop.v:]
WARNING: [filemgmt 56-199] Attempt to get parsing info during refresh. "On-the-fly" syntax checking information may be incorrect. [C:/fft-parallel4/verilog/pruebaPF/pruebaPF.srcs/sources_1/new/fixtop_sat.v:]
WARNING: [filemgmt 56-199] Attempt to get parsing info during refresh. "On-the-fly" syntax checking information may be incorrect. [C:/fft-parallel4/verilog/pruebaPF/pruebaPF.srcs/sim_1/new/tb_fixtop_sat.v:]
WARNING: [filemgmt 56-199] Attempt to get parsing info during refresh. "On-the-fly" syntax checking information may be incorrect. [C:/fft-parallel4/verilog/pruebaPF/pruebaPF.srcs/sources_1/new/fixtop.v:]
WARNING: [filemgmt 56-199] Attempt to get parsing info during refresh. "On-the-fly" syntax checking information may be incorrect. [C:/fft-parallel4/verilog/pruebaPF/pruebaPF.srcs/sources_1/new/sat.v:]
WARNING: [filemgmt 56-199] Attempt to get parsing info during refresh. "On-the-fly" syntax checking information may be incorrect. [C:/fft-parallel4/verilog/pruebaPF/pruebaPF.srcs/sim_1/new/tb_fixtop.v:]
ERROR: [Common 17-180] Spawn failed: No such file or directory
exit
INFO: [Common 17-206] Exiting Vivado at Thu Sep  5 15:28:05 2019...
