Information: Propagating switching activity (low effort zero delay simulation). (PWR-6)
Warning: Design has unannotated primary inputs. (PWR-414)
Warning: Design has unannotated sequential cell outputs. (PWR-415)
Warning: Design has unannotated black box outputs. (PWR-428)
 
****************************************
Report : power
        -analysis_effort low
Design : topfft
Version: O-2018.06-SP2
Date   : Sun Aug 16 12:43:23 2020
****************************************


Library(s) Used:

    gscl45nm (File: /home/tools/synopsys/tech_kits/FreePDK45/osu_soc/lib/files/gscl45nm.db)


Operating Conditions: typical   Library: gscl45nm
Wire Load Model Mode: top


Global Operating Voltage = 1.1  
Power-specific unit information :
    Voltage Units = 1V
    Capacitance Units = 1.000000pf
    Time Units = 1ns
    Dynamic Power Units = 1mW    (derived from V,C,T units)
    Leakage Power Units = 1nW


  Cell Internal Power  =  82.5757 mW   (13%)
  Net Switching Power  = 563.2495 mW   (87%)
                         ---------
Total Dynamic Power    = 645.8251 mW  (100%)

Cell Leakage Power     =   1.0977 mW


                 Internal         Switching           Leakage            Total
Power Group      Power            Power               Power              Power   (   %    )  Attrs
--------------------------------------------------------------------------------------------------
io_pad             0.0000            0.0000            0.0000            0.0000  (   0.00%)
memory             0.0000            0.0000            0.0000            0.0000  (   0.00%)
black_box          0.0000            0.0000            0.0000            0.0000  (   0.00%)
clock_network     19.9015          560.4803        4.9715e+05          580.8741  (  89.79%)
register          61.1289            1.4388        4.4180e+05           63.0096  (   9.74%)
sequential         0.0000            0.0000            0.0000            0.0000  (   0.00%)
combinational      1.5451            1.3368        1.5871e+05            3.0405  (   0.47%)
--------------------------------------------------------------------------------------------------
Total             82.5755 mW       563.2559 mW     1.0977e+06 nW       646.9243 mW
1
