Warning: Design 'topfft' has '14' unresolved references. For more detailed information, use the "link" command. (UID-341)
 
****************************************
Report : area
Design : topfft
Version: O-2018.06-SP2
Date   : Tue Aug 11 17:19:21 2020
****************************************

Library(s) Used:

    gscl45nm (File: /home/tools/synopsys/tech_kits/FreePDK45/osu_soc/lib/files/gscl45nm.db)

Number of ports:                         2315
Number of nets:                         75713
Number of cells:                        66284
Number of combinational cells:          58017
Number of sequential cells:              8240
Number of macros/black boxes:               0
Number of buf/inv:                      14789
Number of references:                      47

Combinational area:             195877.841872
Buf/Inv area:                    24429.880240
Noncombinational area:           64463.046570
Macro/Black Box area:                0.000000
Net Interconnect area:      undefined  (No wire load specified)

Total cell area:                260340.888442
Total area:                 undefined

Information: This design contains black box (unknown) components. (RPT-8)
1
