Warning: Design 'topfft' has '15' unresolved references. For more detailed information, use the "link" command. (UID-341)
 
****************************************
Report : area
Design : topfft
Version: O-2018.06-SP2
Date   : Sun Aug 16 12:43:21 2020
****************************************

Library(s) Used:

    gscl45nm (File: /home/tools/synopsys/tech_kits/FreePDK45/osu_soc/lib/files/gscl45nm.db)

Number of ports:                         2192
Number of nets:                         55840
Number of cells:                        48628
Number of combinational cells:          40551
Number of sequential cells:              8054
Number of macros/black boxes:               0
Number of buf/inv:                       9158
Number of references:                      43

Combinational area:             134844.907554
Buf/Inv area:                    14112.789311
Noncombinational area:           64112.010178
Macro/Black Box area:                0.000000
Net Interconnect area:      undefined  (No wire load specified)

Total cell area:                198956.917732
Total area:                 undefined

Information: This design contains black box (unknown) components. (RPT-8)

Area of detected synthetic parts
--------------------------------
  No DW parts to report!

Estimated area of ungrouped synthetic parts
-------------------------------------------
                                        Estimated  Perc. of
  Module               Implem.  Count        Area cell area
  -------------------- -------  ----- ----------- ---------
  DP_OP_11J12_122_2636     str      4  14156.9475      7.1%
  DP_OP_11J8_122_5388      str      4  28531.4668     14.3%
  DP_OP_12J12_123_2636     str      4  13904.4673      7.0%
  DP_OP_12J8_123_5388      str      4  28473.2754     14.3%
  DW01_add             apparch     23   3251.3108      1.6%
  DW01_add              pparch      5   2185.9972      1.1%
  DW01_inc             apparch     15   1550.0980      0.8%
  DW01_sub             apparch     26   4005.4759      2.0%
  DW01_sub              pparch      7   3252.7147      1.6%
  DW_cmp               apparch     12    336.5089      0.2%
  -------------------- -------  ----- ----------- ---------
  DP_OP Subtotal:                  16  85066.1570     42.8%
  Total:                          104  99648.2625     50.1%

Subtotal of datapath(DP_OP) cell area:  85066.1570  42.8%  (estimated)
Total synthetic cell area:              99648.2625  50.1%  (estimated)

1
