#-----------------------------------------------------------
# Vivado v2019.1.1 (64-bit)
# SW Build 2552052 on Fri May 24 14:49:42 MDT 2019
# IP Build 2579722 on Sat Jun 29 11:35:40 MDT 2019
# Start of session at: Tue Aug  6 15:00:19 2019
# Process ID: 2180
# Current directory: C:/fft/blq
# Command line: vivado.exe -gui_launcher_event rodinguilauncherevent316 C:\fft\blq\blq.xpr
# Log file: C:/fft/blq/vivado.log
# Journal file: C:/fft/blq\vivado.jou
#-----------------------------------------------------------
start_gui
open_project C:/fft/blq/blq.xpr
CRITICAL WARNING: [Project 1-19] Could not find the file 'C:/fft/blq/blq.srcs/sources_1/new/a.v'.
Scanning sources...
Finished scanning sources
INFO: [IP_Flow 19-234] Refreshing IP repositories
INFO: [IP_Flow 19-1704] No user IP repositories specified
INFO: [IP_Flow 19-2313] Loaded Vivado IP repository 'C:/Xilinx/Vivado/2019.1/data/ip'.
update_compile_order -fileset sources_1
exit
INFO: [Common 17-206] Exiting Vivado at Tue Aug  6 15:00:54 2019...
