Information: Propagating switching activity (low effort zero delay simulation). (PWR-6)
Warning: Design has unannotated primary inputs. (PWR-414)
Warning: Design has unannotated sequential cell outputs. (PWR-415)
Warning: Design has unannotated black box outputs. (PWR-428)
 
****************************************
Report : power
        -analysis_effort low
Design : topfft
Version: O-2018.06-SP2
Date   : Tue Oct 22 11:47:10 2019
****************************************


Library(s) Used:

    gscl45nm (File: /home/tools/synopsys/tech_kits/FreePDK45/osu_soc/lib/files/gscl45nm.db)


Operating Conditions: typical   Library: gscl45nm
Wire Load Model Mode: top


Global Operating Voltage = 1.1  
Power-specific unit information :
    Voltage Units = 1V
    Capacitance Units = 1.000000pf
    Time Units = 1ns
    Dynamic Power Units = 1mW    (derived from V,C,T units)
    Leakage Power Units = 1nW


  Cell Internal Power  =  22.5383 mW   (87%)
  Net Switching Power  =   3.3364 mW   (13%)
                         ---------
Total Dynamic Power    =  25.8747 mW  (100%)

Cell Leakage Power     =   1.9251 mW


                 Internal         Switching           Leakage            Total
Power Group      Power            Power               Power              Power   (   %    )  Attrs
--------------------------------------------------------------------------------------------------
io_pad             0.0000            0.0000            0.0000            0.0000  (   0.00%)
memory             0.0000            0.0000            0.0000            0.0000  (   0.00%)
black_box          0.0000            0.3798            0.0000            0.3798  (   1.37%)
clock_network      0.0000            0.0000            0.0000            0.0000  (   0.00%)
register          19.3020            0.1774        4.3465e+05           19.9140  (  71.63%)
sequential         0.0000            0.0000            0.0000            0.0000  (   0.00%)
combinational      3.2363            2.7792        1.4905e+06            7.5060  (  27.00%)
--------------------------------------------------------------------------------------------------
Total             22.5384 mW         3.3364 mW     1.9251e+06 nW        27.7998 mW
1
