#-----------------------------------------------------------
# Vivado v2019.1.1 (64-bit)
# SW Build 2552052 on Fri May 24 14:49:42 MDT 2019
# IP Build 2579722 on Sat Jun 29 11:35:40 MDT 2019
# Start of session at: Fri Sep  6 14:59:25 2019
# Process ID: 11464
# Current directory: C:/fft-parallel4/verilog/topfft
# Command line: vivado.exe -gui_launcher_event rodinguilauncherevent17572 C:\fft-parallel4\verilog\topfft\topfft.xpr
# Log file: C:/fft-parallel4/verilog/topfft/vivado.log
# Journal file: C:/fft-parallel4/verilog/topfft\vivado.jou
#-----------------------------------------------------------
start_gui
open_project C:/fft-parallel4/verilog/topfft/topfft.xpr
Scanning sources...
Finished scanning sources
INFO: [IP_Flow 19-234] Refreshing IP repositories
INFO: [IP_Flow 19-1704] No user IP repositories specified
INFO: [IP_Flow 19-2313] Loaded Vivado IP repository 'C:/Xilinx/Vivado/2019.1/data/ip'.
update_compile_order -fileset sources_1
synth_design -rtl -name rtl_1
Command: synth_design -rtl -name rtl_1
Starting synth_design
Using part: xc7k70tfbv676-1
Top: topfft
INFO: [Device 21-403] Loading part xc7k70tfbv676-1
---------------------------------------------------------------------------------
Starting RTL Elaboration : Time (s): cpu = 00:00:03 ; elapsed = 00:00:03 . Memory (MB): peak = 1187.270 ; gain = 0.000
---------------------------------------------------------------------------------
INFO: [Synth 8-6157] synthesizing module 'topfft' [C:/fft-parallel4/verilog/topfft/topfft.srcs/sources_1/new/topfft.v:24]
	Parameter NBITS bound to: 2 - type: integer 
	Parameter N bound to: 8 - type: integer 
INFO: [Synth 8-6157] synthesizing module 'contador' [C:/fft-parallel4/verilog/topfft/topfft.srcs/sources_1/new/contador.v:22]
	Parameter N bound to: 4 - type: integer 
INFO: [Synth 8-6155] done synthesizing module 'contador' (1#1) [C:/fft-parallel4/verilog/topfft/topfft.srcs/sources_1/new/contador.v:22]
INFO: [Synth 8-6157] synthesizing module 'contador__parameterized0' [C:/fft-parallel4/verilog/topfft/topfft.srcs/sources_1/new/contador.v:22]
	Parameter N bound to: 2 - type: integer 
INFO: [Synth 8-6155] done synthesizing module 'contador__parameterized0' (1#1) [C:/fft-parallel4/verilog/topfft/topfft.srcs/sources_1/new/contador.v:22]
INFO: [Synth 8-6157] synthesizing module 'contador__parameterized1' [C:/fft-parallel4/verilog/topfft/topfft.srcs/sources_1/new/contador.v:22]
	Parameter N bound to: 1 - type: integer 
WARNING: [Synth 8-6014] Unused sequential element count_reg was removed.  [C:/fft-parallel4/verilog/topfft/topfft.srcs/sources_1/new/contador.v:32]
INFO: [Synth 8-6155] done synthesizing module 'contador__parameterized1' (1#1) [C:/fft-parallel4/verilog/topfft/topfft.srcs/sources_1/new/contador.v:22]
INFO: [Synth 8-6157] synthesizing module 'coeff0' [C:/fft-parallel4/verilog/topfft/topfft.srcs/sources_1/new/coeff0.v:23]
	Parameter Nbits bound to: 3 - type: integer 
	Parameter N bound to: 8 - type: integer 
INFO: [Synth 8-6157] synthesizing module 'coeff_data0' [C:/fft-parallel4/verilog/topfft/topfft.srcs/sources_1/new/coeff_data0.v:2]
	Parameter NBITS bound to: 3 - type: integer 
	Parameter N bound to: 8 - type: integer 
INFO: [Synth 8-6155] done synthesizing module 'coeff_data0' (2#1) [C:/fft-parallel4/verilog/topfft/topfft.srcs/sources_1/new/coeff_data0.v:2]
INFO: [Synth 8-6155] done synthesizing module 'coeff0' (3#1) [C:/fft-parallel4/verilog/topfft/topfft.srcs/sources_1/new/coeff0.v:23]
INFO: [Synth 8-6157] synthesizing module 'coeff1' [C:/fft-parallel4/verilog/topfft/topfft.srcs/sources_1/new/coeff1.v:23]
	Parameter Nbits bound to: 3 - type: integer 
	Parameter N bound to: 8 - type: integer 
INFO: [Synth 8-6157] synthesizing module 'coeff_data1' [C:/fft-parallel4/verilog/topfft/topfft.srcs/sources_1/new/coeff_data1.v:2]
	Parameter NBITS bound to: 3 - type: integer 
	Parameter N bound to: 8 - type: integer 
INFO: [Synth 8-6155] done synthesizing module 'coeff_data1' (4#1) [C:/fft-parallel4/verilog/topfft/topfft.srcs/sources_1/new/coeff_data1.v:2]
INFO: [Synth 8-6155] done synthesizing module 'coeff1' (5#1) [C:/fft-parallel4/verilog/topfft/topfft.srcs/sources_1/new/coeff1.v:23]
INFO: [Synth 8-6157] synthesizing module 'coeff2' [C:/fft-parallel4/verilog/topfft/topfft.srcs/sources_1/new/coeff2.v:23]
	Parameter Nbits bound to: 3 - type: integer 
	Parameter N bound to: 8 - type: integer 
INFO: [Synth 8-6157] synthesizing module 'coeff_data2' [C:/fft-parallel4/verilog/topfft/topfft.srcs/sources_1/new/coeff_data2.v:2]
	Parameter NBITS bound to: 3 - type: integer 
	Parameter N bound to: 8 - type: integer 
INFO: [Synth 8-6155] done synthesizing module 'coeff_data2' (6#1) [C:/fft-parallel4/verilog/topfft/topfft.srcs/sources_1/new/coeff_data2.v:2]
INFO: [Synth 8-6155] done synthesizing module 'coeff2' (7#1) [C:/fft-parallel4/verilog/topfft/topfft.srcs/sources_1/new/coeff2.v:23]
INFO: [Synth 8-6157] synthesizing module 'coeff3' [C:/fft-parallel4/verilog/topfft/topfft.srcs/sources_1/new/coeff3.v:23]
	Parameter Nbits bound to: 3 - type: integer 
	Parameter N bound to: 8 - type: integer 
INFO: [Synth 8-6157] synthesizing module 'coeff_data3' [C:/fft-parallel4/verilog/topfft/topfft.srcs/sources_1/new/coeff_data3.v:2]
	Parameter NBITS bound to: 3 - type: integer 
	Parameter N bound to: 8 - type: integer 
INFO: [Synth 8-6155] done synthesizing module 'coeff_data3' (8#1) [C:/fft-parallel4/verilog/topfft/topfft.srcs/sources_1/new/coeff_data3.v:2]
INFO: [Synth 8-6155] done synthesizing module 'coeff3' (9#1) [C:/fft-parallel4/verilog/topfft/topfft.srcs/sources_1/new/coeff3.v:23]
INFO: [Synth 8-6157] synthesizing module 'coeff4' [C:/fft-parallel4/verilog/topfft/topfft.srcs/sources_1/new/coeff4.v:23]
	Parameter Nbits bound to: 3 - type: integer 
	Parameter N bound to: 8 - type: integer 
INFO: [Synth 8-6157] synthesizing module 'coeff_data4' [C:/fft-parallel4/verilog/topfft/topfft.srcs/sources_1/new/coeff_data4.v:2]
	Parameter NBITS bound to: 3 - type: integer 
	Parameter N bound to: 8 - type: integer 
INFO: [Synth 8-6155] done synthesizing module 'coeff_data4' (10#1) [C:/fft-parallel4/verilog/topfft/topfft.srcs/sources_1/new/coeff_data4.v:2]
INFO: [Synth 8-6155] done synthesizing module 'coeff4' (11#1) [C:/fft-parallel4/verilog/topfft/topfft.srcs/sources_1/new/coeff4.v:23]
INFO: [Synth 8-6157] synthesizing module 'topD_1' [C:/fft-parallel4/verilog/topfft/topfft.srcs/sources_1/new/topD_1.v:24]
	Parameter ND bound to: 4 - type: integer 
INFO: [Synth 8-6157] synthesizing module 'D_reg_1' [C:/fft-parallel4/verilog/topfft/topfft.srcs/sources_1/new/D_reg_1.v:24]
INFO: [Synth 8-6155] done synthesizing module 'D_reg_1' (12#1) [C:/fft-parallel4/verilog/topfft/topfft.srcs/sources_1/new/D_reg_1.v:24]
INFO: [Synth 8-6155] done synthesizing module 'topD_1' (13#1) [C:/fft-parallel4/verilog/topfft/topfft.srcs/sources_1/new/topD_1.v:24]
INFO: [Synth 8-6157] synthesizing module 'topD_1__parameterized0' [C:/fft-parallel4/verilog/topfft/topfft.srcs/sources_1/new/topD_1.v:24]
	Parameter ND bound to: 6 - type: integer 
INFO: [Synth 8-6155] done synthesizing module 'topD_1__parameterized0' (13#1) [C:/fft-parallel4/verilog/topfft/topfft.srcs/sources_1/new/topD_1.v:24]
INFO: [Synth 8-6157] synthesizing module 'topD_1__parameterized1' [C:/fft-parallel4/verilog/topfft/topfft.srcs/sources_1/new/topD_1.v:24]
	Parameter ND bound to: 7 - type: integer 
INFO: [Synth 8-6155] done synthesizing module 'topD_1__parameterized1' (13#1) [C:/fft-parallel4/verilog/topfft/topfft.srcs/sources_1/new/topD_1.v:24]
INFO: [Synth 8-6157] synthesizing module 'multip' [C:/fft-parallel4/verilog/topfft/topfft.srcs/sources_1/new/multip.v:23]
	Parameter NBITS bound to: 3 - type: integer 
	Parameter NBITScoeff bound to: 3 - type: integer 
INFO: [Synth 8-6155] done synthesizing module 'multip' (14#1) [C:/fft-parallel4/verilog/topfft/topfft.srcs/sources_1/new/multip.v:23]
INFO: [Synth 8-6157] synthesizing module 'multip__parameterized0' [C:/fft-parallel4/verilog/topfft/topfft.srcs/sources_1/new/multip.v:23]
	Parameter NBITS bound to: 7 - type: integer 
	Parameter NBITScoeff bound to: 3 - type: integer 
INFO: [Synth 8-6155] done synthesizing module 'multip__parameterized0' (14#1) [C:/fft-parallel4/verilog/topfft/topfft.srcs/sources_1/new/multip.v:23]
INFO: [Synth 8-6157] synthesizing module 'Blq' [C:/fft-parallel4/verilog/topfft/topfft.srcs/sources_1/new/Blq.v:24]
	Parameter ND0 bound to: 4 - type: integer 
	Parameter ND1 bound to: 4 - type: integer 
	Parameter Nbits bound to: 2 - type: integer 
INFO: [Synth 8-6157] synthesizing module 'topD' [C:/fft-parallel4/verilog/topfft/topfft.srcs/sources_1/new/topD.v:24]
	Parameter ND bound to: 4 - type: integer 
	Parameter Nbits bound to: 2 - type: integer 
INFO: [Synth 8-6157] synthesizing module 'D_reg' [C:/fft-parallel4/verilog/topfft/topfft.srcs/sources_1/new/D_reg.v:24]
	Parameter Nbits bound to: 2 - type: integer 
INFO: [Synth 8-6155] done synthesizing module 'D_reg' (15#1) [C:/fft-parallel4/verilog/topfft/topfft.srcs/sources_1/new/D_reg.v:24]
INFO: [Synth 8-6155] done synthesizing module 'topD' (16#1) [C:/fft-parallel4/verilog/topfft/topfft.srcs/sources_1/new/topD.v:24]
INFO: [Synth 8-6157] synthesizing module 'switch' [C:/fft-parallel4/verilog/topfft/topfft.srcs/sources_1/new/switch.v:24]
	Parameter Nbits bound to: 2 - type: integer 
INFO: [Synth 8-226] default block is never used [C:/fft-parallel4/verilog/topfft/topfft.srcs/sources_1/new/switch.v:38]
INFO: [Synth 8-226] default block is never used [C:/fft-parallel4/verilog/topfft/topfft.srcs/sources_1/new/switch.v:51]
INFO: [Synth 8-6155] done synthesizing module 'switch' (17#1) [C:/fft-parallel4/verilog/topfft/topfft.srcs/sources_1/new/switch.v:24]
INFO: [Synth 8-6157] synthesizing module 'BF' [C:/fft-parallel4/verilog/topfft/topfft.srcs/sources_1/new/BF.v:24]
	Parameter NBITS bound to: 2 - type: integer 
INFO: [Synth 8-6155] done synthesizing module 'BF' (18#1) [C:/fft-parallel4/verilog/topfft/topfft.srcs/sources_1/new/BF.v:24]
INFO: [Synth 8-6155] done synthesizing module 'Blq' (19#1) [C:/fft-parallel4/verilog/topfft/topfft.srcs/sources_1/new/Blq.v:24]
INFO: [Synth 8-6157] synthesizing module 'Blq__parameterized0' [C:/fft-parallel4/verilog/topfft/topfft.srcs/sources_1/new/Blq.v:24]
	Parameter ND0 bound to: 2 - type: integer 
	Parameter ND1 bound to: 2 - type: integer 
	Parameter Nbits bound to: 6 - type: integer 
INFO: [Synth 8-6157] synthesizing module 'topD__parameterized0' [C:/fft-parallel4/verilog/topfft/topfft.srcs/sources_1/new/topD.v:24]
	Parameter ND bound to: 2 - type: integer 
	Parameter Nbits bound to: 6 - type: integer 
INFO: [Synth 8-6157] synthesizing module 'D_reg__parameterized0' [C:/fft-parallel4/verilog/topfft/topfft.srcs/sources_1/new/D_reg.v:24]
	Parameter Nbits bound to: 6 - type: integer 
INFO: [Synth 8-6155] done synthesizing module 'D_reg__parameterized0' (19#1) [C:/fft-parallel4/verilog/topfft/topfft.srcs/sources_1/new/D_reg.v:24]
INFO: [Synth 8-6155] done synthesizing module 'topD__parameterized0' (19#1) [C:/fft-parallel4/verilog/topfft/topfft.srcs/sources_1/new/topD.v:24]
INFO: [Synth 8-6157] synthesizing module 'switch__parameterized0' [C:/fft-parallel4/verilog/topfft/topfft.srcs/sources_1/new/switch.v:24]
	Parameter Nbits bound to: 6 - type: integer 
INFO: [Synth 8-226] default block is never used [C:/fft-parallel4/verilog/topfft/topfft.srcs/sources_1/new/switch.v:38]
INFO: [Synth 8-226] default block is never used [C:/fft-parallel4/verilog/topfft/topfft.srcs/sources_1/new/switch.v:51]
INFO: [Synth 8-6155] done synthesizing module 'switch__parameterized0' (19#1) [C:/fft-parallel4/verilog/topfft/topfft.srcs/sources_1/new/switch.v:24]
INFO: [Synth 8-6157] synthesizing module 'BF__parameterized0' [C:/fft-parallel4/verilog/topfft/topfft.srcs/sources_1/new/BF.v:24]
	Parameter NBITS bound to: 6 - type: integer 
INFO: [Synth 8-6155] done synthesizing module 'BF__parameterized0' (19#1) [C:/fft-parallel4/verilog/topfft/topfft.srcs/sources_1/new/BF.v:24]
INFO: [Synth 8-6155] done synthesizing module 'Blq__parameterized0' (19#1) [C:/fft-parallel4/verilog/topfft/topfft.srcs/sources_1/new/Blq.v:24]
INFO: [Synth 8-6157] synthesizing module 'Blq__parameterized1' [C:/fft-parallel4/verilog/topfft/topfft.srcs/sources_1/new/Blq.v:24]
	Parameter ND0 bound to: 1 - type: integer 
	Parameter ND1 bound to: 1 - type: integer 
	Parameter Nbits bound to: 2 - type: integer 
INFO: [Synth 8-6157] synthesizing module 'topD__parameterized1' [C:/fft-parallel4/verilog/topfft/topfft.srcs/sources_1/new/topD.v:24]
	Parameter ND bound to: 1 - type: integer 
	Parameter Nbits bound to: 2 - type: integer 
INFO: [Synth 8-6155] done synthesizing module 'topD__parameterized1' (19#1) [C:/fft-parallel4/verilog/topfft/topfft.srcs/sources_1/new/topD.v:24]
INFO: [Synth 8-6155] done synthesizing module 'Blq__parameterized1' (19#1) [C:/fft-parallel4/verilog/topfft/topfft.srcs/sources_1/new/Blq.v:24]
INFO: [Synth 8-6157] synthesizing module 'Blq__parameterized2' [C:/fft-parallel4/verilog/topfft/topfft.srcs/sources_1/new/Blq.v:24]
	Parameter ND0 bound to: 4 - type: integer 
	Parameter ND1 bound to: 4 - type: integer 
	Parameter Nbits bound to: 6 - type: integer 
INFO: [Synth 8-6157] synthesizing module 'topD__parameterized2' [C:/fft-parallel4/verilog/topfft/topfft.srcs/sources_1/new/topD.v:24]
	Parameter ND bound to: 4 - type: integer 
	Parameter Nbits bound to: 6 - type: integer 
INFO: [Synth 8-6155] done synthesizing module 'topD__parameterized2' (19#1) [C:/fft-parallel4/verilog/topfft/topfft.srcs/sources_1/new/topD.v:24]
INFO: [Synth 8-6155] done synthesizing module 'Blq__parameterized2' (19#1) [C:/fft-parallel4/verilog/topfft/topfft.srcs/sources_1/new/Blq.v:24]
INFO: [Synth 8-6157] synthesizing module 'fixtop_sat' [C:/fft-parallel4/verilog/pruebaPF/pruebaPF.srcs/sources_1/new/fixtop_sat.v:23]
	Parameter NBITS_IN bound to: 14 - type: integer 
	Parameter NBITS_OUT bound to: 2 - type: integer 
INFO: [Synth 8-6157] synthesizing module 'sat' [C:/fft-parallel4/verilog/topfft/topfft.srcs/sources_1/new/sat.v:24]
	Parameter NBITS_IN bound to: 14 - type: integer 
	Parameter NBITS_OUT bound to: 2 - type: integer 
INFO: [Synth 8-6155] done synthesizing module 'sat' (20#1) [C:/fft-parallel4/verilog/topfft/topfft.srcs/sources_1/new/sat.v:24]
INFO: [Synth 8-6155] done synthesizing module 'fixtop_sat' (21#1) [C:/fft-parallel4/verilog/pruebaPF/pruebaPF.srcs/sources_1/new/fixtop_sat.v:23]
INFO: [Synth 8-6157] synthesizing module 'fixtop_sat__parameterized0' [C:/fft-parallel4/verilog/pruebaPF/pruebaPF.srcs/sources_1/new/fixtop_sat.v:23]
	Parameter NBITS_IN bound to: 7 - type: integer 
	Parameter NBITS_OUT bound to: 2 - type: integer 
INFO: [Synth 8-6157] synthesizing module 'sat__parameterized0' [C:/fft-parallel4/verilog/topfft/topfft.srcs/sources_1/new/sat.v:24]
	Parameter NBITS_IN bound to: 7 - type: integer 
	Parameter NBITS_OUT bound to: 2 - type: integer 
INFO: [Synth 8-6155] done synthesizing module 'sat__parameterized0' (21#1) [C:/fft-parallel4/verilog/topfft/topfft.srcs/sources_1/new/sat.v:24]
INFO: [Synth 8-6155] done synthesizing module 'fixtop_sat__parameterized0' (21#1) [C:/fft-parallel4/verilog/pruebaPF/pruebaPF.srcs/sources_1/new/fixtop_sat.v:23]
INFO: [Synth 8-6155] done synthesizing module 'topfft' (22#1) [C:/fft-parallel4/verilog/topfft/topfft.srcs/sources_1/new/topfft.v:24]
---------------------------------------------------------------------------------
Finished RTL Elaboration : Time (s): cpu = 00:00:04 ; elapsed = 00:00:04 . Memory (MB): peak = 1194.836 ; gain = 7.566
---------------------------------------------------------------------------------

Report Check Netlist: 
+------+------------------+-------+---------+-------+------------------+
|      |Item              |Errors |Warnings |Status |Description       |
+------+------------------+-------+---------+-------+------------------+
|1     |multi_driven_nets |      0|        0|Passed |Multi driven nets |
+------+------------------+-------+---------+-------+------------------+
---------------------------------------------------------------------------------
Start Handling Custom Attributes
---------------------------------------------------------------------------------
---------------------------------------------------------------------------------
Finished Handling Custom Attributes : Time (s): cpu = 00:00:04 ; elapsed = 00:00:05 . Memory (MB): peak = 1194.836 ; gain = 7.566
---------------------------------------------------------------------------------
---------------------------------------------------------------------------------
Finished RTL Optimization Phase 1 : Time (s): cpu = 00:00:04 ; elapsed = 00:00:05 . Memory (MB): peak = 1194.836 ; gain = 7.566
---------------------------------------------------------------------------------
INFO: [Project 1-570] Preparing netlist for logic optimization

Processing XDC Constraints
Initializing timing engine
Completed Processing XDC Constraints

INFO: [Opt 31-138] Pushed 0 inverter(s) to 0 load pin(s).
Netlist sorting complete. Time (s): cpu = 00:00:00 ; elapsed = 00:00:00 . Memory (MB): peak = 1329.977 ; gain = 0.000
INFO: [Project 1-111] Unisim Transformation Summary:
No Unisim elements were transformed.

RTL Elaboration Complete:  : Time (s): cpu = 00:00:14 ; elapsed = 00:00:09 . Memory (MB): peak = 1340.902 ; gain = 153.633
84 Infos, 1 Warnings, 0 Critical Warnings and 0 Errors encountered.
synth_design completed successfully
synth_design: Time (s): cpu = 00:00:19 ; elapsed = 00:00:14 . Memory (MB): peak = 1340.902 ; gain = 370.836
refresh_design
---------------------------------------------------------------------------------
Starting RTL Elaboration : Time (s): cpu = 00:00:03 ; elapsed = 00:00:03 . Memory (MB): peak = 1374.957 ; gain = 34.055
---------------------------------------------------------------------------------
INFO: [Synth 8-6157] synthesizing module 'topfft' [C:/fft-parallel4/verilog/topfft/topfft.srcs/sources_1/new/topfft.v:24]
	Parameter NBITS bound to: 2 - type: integer 
	Parameter N bound to: 8 - type: integer 
INFO: [Synth 8-6157] synthesizing module 'contador' [C:/fft-parallel4/verilog/topfft/topfft.srcs/sources_1/new/contador.v:22]
	Parameter N bound to: 4 - type: integer 
INFO: [Synth 8-6155] done synthesizing module 'contador' (1#1) [C:/fft-parallel4/verilog/topfft/topfft.srcs/sources_1/new/contador.v:22]
INFO: [Synth 8-6157] synthesizing module 'contador__parameterized0' [C:/fft-parallel4/verilog/topfft/topfft.srcs/sources_1/new/contador.v:22]
	Parameter N bound to: 2 - type: integer 
INFO: [Synth 8-6155] done synthesizing module 'contador__parameterized0' (1#1) [C:/fft-parallel4/verilog/topfft/topfft.srcs/sources_1/new/contador.v:22]
INFO: [Synth 8-6157] synthesizing module 'contador__parameterized1' [C:/fft-parallel4/verilog/topfft/topfft.srcs/sources_1/new/contador.v:22]
	Parameter N bound to: 1 - type: integer 
WARNING: [Synth 8-6014] Unused sequential element count_reg was removed.  [C:/fft-parallel4/verilog/topfft/topfft.srcs/sources_1/new/contador.v:32]
INFO: [Synth 8-6155] done synthesizing module 'contador__parameterized1' (1#1) [C:/fft-parallel4/verilog/topfft/topfft.srcs/sources_1/new/contador.v:22]
INFO: [Synth 8-6157] synthesizing module 'coeff0' [C:/fft-parallel4/verilog/topfft/topfft.srcs/sources_1/new/coeff0.v:23]
	Parameter NBITS bound to: 3 - type: integer 
	Parameter N bound to: 8 - type: integer 
INFO: [Synth 8-6157] synthesizing module 'coeff_data0' [C:/fft-parallel4/verilog/topfft/topfft.srcs/sources_1/new/coeff_data0.v:2]
	Parameter NBITS bound to: 3 - type: integer 
	Parameter N bound to: 8 - type: integer 
INFO: [Synth 8-6155] done synthesizing module 'coeff_data0' (2#1) [C:/fft-parallel4/verilog/topfft/topfft.srcs/sources_1/new/coeff_data0.v:2]
INFO: [Synth 8-6155] done synthesizing module 'coeff0' (3#1) [C:/fft-parallel4/verilog/topfft/topfft.srcs/sources_1/new/coeff0.v:23]
INFO: [Synth 8-6157] synthesizing module 'coeff1' [C:/fft-parallel4/verilog/topfft/topfft.srcs/sources_1/new/coeff1.v:23]
	Parameter Nbits bound to: 3 - type: integer 
	Parameter N bound to: 8 - type: integer 
INFO: [Synth 8-6157] synthesizing module 'coeff_data1' [C:/fft-parallel4/verilog/topfft/topfft.srcs/sources_1/new/coeff_data1.v:2]
	Parameter NBITS bound to: 3 - type: integer 
	Parameter N bound to: 8 - type: integer 
INFO: [Synth 8-6155] done synthesizing module 'coeff_data1' (4#1) [C:/fft-parallel4/verilog/topfft/topfft.srcs/sources_1/new/coeff_data1.v:2]
INFO: [Synth 8-6155] done synthesizing module 'coeff1' (5#1) [C:/fft-parallel4/verilog/topfft/topfft.srcs/sources_1/new/coeff1.v:23]
INFO: [Synth 8-6157] synthesizing module 'coeff2' [C:/fft-parallel4/verilog/topfft/topfft.srcs/sources_1/new/coeff2.v:23]
	Parameter Nbits bound to: 3 - type: integer 
	Parameter N bound to: 8 - type: integer 
INFO: [Synth 8-6157] synthesizing module 'coeff_data2' [C:/fft-parallel4/verilog/topfft/topfft.srcs/sources_1/new/coeff_data2.v:2]
	Parameter NBITS bound to: 3 - type: integer 
	Parameter N bound to: 8 - type: integer 
INFO: [Synth 8-6155] done synthesizing module 'coeff_data2' (6#1) [C:/fft-parallel4/verilog/topfft/topfft.srcs/sources_1/new/coeff_data2.v:2]
INFO: [Synth 8-6155] done synthesizing module 'coeff2' (7#1) [C:/fft-parallel4/verilog/topfft/topfft.srcs/sources_1/new/coeff2.v:23]
INFO: [Synth 8-6157] synthesizing module 'coeff3' [C:/fft-parallel4/verilog/topfft/topfft.srcs/sources_1/new/coeff3.v:23]
	Parameter Nbits bound to: 3 - type: integer 
	Parameter N bound to: 8 - type: integer 
INFO: [Synth 8-6157] synthesizing module 'coeff_data3' [C:/fft-parallel4/verilog/topfft/topfft.srcs/sources_1/new/coeff_data3.v:2]
	Parameter NBITS bound to: 3 - type: integer 
	Parameter N bound to: 8 - type: integer 
INFO: [Synth 8-6155] done synthesizing module 'coeff_data3' (8#1) [C:/fft-parallel4/verilog/topfft/topfft.srcs/sources_1/new/coeff_data3.v:2]
INFO: [Synth 8-6155] done synthesizing module 'coeff3' (9#1) [C:/fft-parallel4/verilog/topfft/topfft.srcs/sources_1/new/coeff3.v:23]
INFO: [Synth 8-6157] synthesizing module 'coeff4' [C:/fft-parallel4/verilog/topfft/topfft.srcs/sources_1/new/coeff4.v:23]
	Parameter Nbits bound to: 3 - type: integer 
	Parameter N bound to: 8 - type: integer 
INFO: [Synth 8-6157] synthesizing module 'coeff_data4' [C:/fft-parallel4/verilog/topfft/topfft.srcs/sources_1/new/coeff_data4.v:2]
	Parameter NBITS bound to: 3 - type: integer 
	Parameter N bound to: 8 - type: integer 
INFO: [Synth 8-6155] done synthesizing module 'coeff_data4' (10#1) [C:/fft-parallel4/verilog/topfft/topfft.srcs/sources_1/new/coeff_data4.v:2]
INFO: [Synth 8-6155] done synthesizing module 'coeff4' (11#1) [C:/fft-parallel4/verilog/topfft/topfft.srcs/sources_1/new/coeff4.v:23]
INFO: [Synth 8-6157] synthesizing module 'topD_1' [C:/fft-parallel4/verilog/topfft/topfft.srcs/sources_1/new/topD_1.v:24]
	Parameter ND bound to: 4 - type: integer 
INFO: [Synth 8-6157] synthesizing module 'D_reg_1' [C:/fft-parallel4/verilog/topfft/topfft.srcs/sources_1/new/D_reg_1.v:24]
INFO: [Synth 8-6155] done synthesizing module 'D_reg_1' (12#1) [C:/fft-parallel4/verilog/topfft/topfft.srcs/sources_1/new/D_reg_1.v:24]
INFO: [Synth 8-6155] done synthesizing module 'topD_1' (13#1) [C:/fft-parallel4/verilog/topfft/topfft.srcs/sources_1/new/topD_1.v:24]
INFO: [Synth 8-6157] synthesizing module 'topD_1__parameterized0' [C:/fft-parallel4/verilog/topfft/topfft.srcs/sources_1/new/topD_1.v:24]
	Parameter ND bound to: 6 - type: integer 
INFO: [Synth 8-6155] done synthesizing module 'topD_1__parameterized0' (13#1) [C:/fft-parallel4/verilog/topfft/topfft.srcs/sources_1/new/topD_1.v:24]
INFO: [Synth 8-6157] synthesizing module 'topD_1__parameterized1' [C:/fft-parallel4/verilog/topfft/topfft.srcs/sources_1/new/topD_1.v:24]
	Parameter ND bound to: 7 - type: integer 
INFO: [Synth 8-6155] done synthesizing module 'topD_1__parameterized1' (13#1) [C:/fft-parallel4/verilog/topfft/topfft.srcs/sources_1/new/topD_1.v:24]
INFO: [Synth 8-6157] synthesizing module 'multip' [C:/fft-parallel4/verilog/topfft/topfft.srcs/sources_1/new/multip.v:23]
	Parameter NBITS bound to: 3 - type: integer 
	Parameter NBITScoeff bound to: 3 - type: integer 
INFO: [Synth 8-6155] done synthesizing module 'multip' (14#1) [C:/fft-parallel4/verilog/topfft/topfft.srcs/sources_1/new/multip.v:23]
INFO: [Synth 8-6157] synthesizing module 'multip__parameterized0' [C:/fft-parallel4/verilog/topfft/topfft.srcs/sources_1/new/multip.v:23]
	Parameter NBITS bound to: 7 - type: integer 
	Parameter NBITScoeff bound to: 3 - type: integer 
INFO: [Synth 8-6155] done synthesizing module 'multip__parameterized0' (14#1) [C:/fft-parallel4/verilog/topfft/topfft.srcs/sources_1/new/multip.v:23]
INFO: [Synth 8-6157] synthesizing module 'Blq' [C:/fft-parallel4/verilog/topfft/topfft.srcs/sources_1/new/Blq.v:24]
	Parameter ND0 bound to: 4 - type: integer 
	Parameter ND1 bound to: 4 - type: integer 
	Parameter Nbits bound to: 2 - type: integer 
INFO: [Synth 8-6157] synthesizing module 'topD' [C:/fft-parallel4/verilog/topfft/topfft.srcs/sources_1/new/topD.v:24]
	Parameter ND bound to: 4 - type: integer 
	Parameter Nbits bound to: 2 - type: integer 
INFO: [Synth 8-6157] synthesizing module 'D_reg' [C:/fft-parallel4/verilog/topfft/topfft.srcs/sources_1/new/D_reg.v:24]
	Parameter Nbits bound to: 2 - type: integer 
INFO: [Synth 8-6155] done synthesizing module 'D_reg' (15#1) [C:/fft-parallel4/verilog/topfft/topfft.srcs/sources_1/new/D_reg.v:24]
INFO: [Synth 8-6155] done synthesizing module 'topD' (16#1) [C:/fft-parallel4/verilog/topfft/topfft.srcs/sources_1/new/topD.v:24]
INFO: [Synth 8-6157] synthesizing module 'switch' [C:/fft-parallel4/verilog/topfft/topfft.srcs/sources_1/new/switch.v:24]
	Parameter Nbits bound to: 2 - type: integer 
INFO: [Synth 8-226] default block is never used [C:/fft-parallel4/verilog/topfft/topfft.srcs/sources_1/new/switch.v:38]
INFO: [Synth 8-226] default block is never used [C:/fft-parallel4/verilog/topfft/topfft.srcs/sources_1/new/switch.v:51]
INFO: [Synth 8-6155] done synthesizing module 'switch' (17#1) [C:/fft-parallel4/verilog/topfft/topfft.srcs/sources_1/new/switch.v:24]
INFO: [Synth 8-6157] synthesizing module 'BF' [C:/fft-parallel4/verilog/topfft/topfft.srcs/sources_1/new/BF.v:24]
	Parameter NBITS bound to: 2 - type: integer 
INFO: [Synth 8-6155] done synthesizing module 'BF' (18#1) [C:/fft-parallel4/verilog/topfft/topfft.srcs/sources_1/new/BF.v:24]
INFO: [Synth 8-6155] done synthesizing module 'Blq' (19#1) [C:/fft-parallel4/verilog/topfft/topfft.srcs/sources_1/new/Blq.v:24]
INFO: [Synth 8-6157] synthesizing module 'Blq__parameterized0' [C:/fft-parallel4/verilog/topfft/topfft.srcs/sources_1/new/Blq.v:24]
	Parameter ND0 bound to: 2 - type: integer 
	Parameter ND1 bound to: 2 - type: integer 
	Parameter Nbits bound to: 6 - type: integer 
INFO: [Synth 8-6157] synthesizing module 'topD__parameterized0' [C:/fft-parallel4/verilog/topfft/topfft.srcs/sources_1/new/topD.v:24]
	Parameter ND bound to: 2 - type: integer 
	Parameter Nbits bound to: 6 - type: integer 
INFO: [Synth 8-6157] synthesizing module 'D_reg__parameterized0' [C:/fft-parallel4/verilog/topfft/topfft.srcs/sources_1/new/D_reg.v:24]
	Parameter Nbits bound to: 6 - type: integer 
INFO: [Synth 8-6155] done synthesizing module 'D_reg__parameterized0' (19#1) [C:/fft-parallel4/verilog/topfft/topfft.srcs/sources_1/new/D_reg.v:24]
INFO: [Synth 8-6155] done synthesizing module 'topD__parameterized0' (19#1) [C:/fft-parallel4/verilog/topfft/topfft.srcs/sources_1/new/topD.v:24]
INFO: [Synth 8-6157] synthesizing module 'switch__parameterized0' [C:/fft-parallel4/verilog/topfft/topfft.srcs/sources_1/new/switch.v:24]
	Parameter Nbits bound to: 6 - type: integer 
INFO: [Synth 8-226] default block is never used [C:/fft-parallel4/verilog/topfft/topfft.srcs/sources_1/new/switch.v:38]
INFO: [Synth 8-226] default block is never used [C:/fft-parallel4/verilog/topfft/topfft.srcs/sources_1/new/switch.v:51]
INFO: [Synth 8-6155] done synthesizing module 'switch__parameterized0' (19#1) [C:/fft-parallel4/verilog/topfft/topfft.srcs/sources_1/new/switch.v:24]
INFO: [Synth 8-6157] synthesizing module 'BF__parameterized0' [C:/fft-parallel4/verilog/topfft/topfft.srcs/sources_1/new/BF.v:24]
	Parameter NBITS bound to: 6 - type: integer 
INFO: [Synth 8-6155] done synthesizing module 'BF__parameterized0' (19#1) [C:/fft-parallel4/verilog/topfft/topfft.srcs/sources_1/new/BF.v:24]
INFO: [Synth 8-6155] done synthesizing module 'Blq__parameterized0' (19#1) [C:/fft-parallel4/verilog/topfft/topfft.srcs/sources_1/new/Blq.v:24]
INFO: [Synth 8-6157] synthesizing module 'Blq__parameterized1' [C:/fft-parallel4/verilog/topfft/topfft.srcs/sources_1/new/Blq.v:24]
	Parameter ND0 bound to: 1 - type: integer 
	Parameter ND1 bound to: 1 - type: integer 
	Parameter Nbits bound to: 2 - type: integer 
INFO: [Synth 8-6157] synthesizing module 'topD__parameterized1' [C:/fft-parallel4/verilog/topfft/topfft.srcs/sources_1/new/topD.v:24]
	Parameter ND bound to: 1 - type: integer 
	Parameter Nbits bound to: 2 - type: integer 
INFO: [Synth 8-6155] done synthesizing module 'topD__parameterized1' (19#1) [C:/fft-parallel4/verilog/topfft/topfft.srcs/sources_1/new/topD.v:24]
INFO: [Synth 8-6155] done synthesizing module 'Blq__parameterized1' (19#1) [C:/fft-parallel4/verilog/topfft/topfft.srcs/sources_1/new/Blq.v:24]
INFO: [Synth 8-6157] synthesizing module 'Blq__parameterized2' [C:/fft-parallel4/verilog/topfft/topfft.srcs/sources_1/new/Blq.v:24]
	Parameter ND0 bound to: 4 - type: integer 
	Parameter ND1 bound to: 4 - type: integer 
	Parameter Nbits bound to: 6 - type: integer 
INFO: [Synth 8-6157] synthesizing module 'topD__parameterized2' [C:/fft-parallel4/verilog/topfft/topfft.srcs/sources_1/new/topD.v:24]
	Parameter ND bound to: 4 - type: integer 
	Parameter Nbits bound to: 6 - type: integer 
INFO: [Synth 8-6155] done synthesizing module 'topD__parameterized2' (19#1) [C:/fft-parallel4/verilog/topfft/topfft.srcs/sources_1/new/topD.v:24]
INFO: [Synth 8-6155] done synthesizing module 'Blq__parameterized2' (19#1) [C:/fft-parallel4/verilog/topfft/topfft.srcs/sources_1/new/Blq.v:24]
INFO: [Synth 8-6157] synthesizing module 'fixtop_sat' [C:/fft-parallel4/verilog/pruebaPF/pruebaPF.srcs/sources_1/new/fixtop_sat.v:23]
	Parameter NBITS_IN bound to: 14 - type: integer 
	Parameter NBITS_OUT bound to: 2 - type: integer 
INFO: [Synth 8-6157] synthesizing module 'sat' [C:/fft-parallel4/verilog/topfft/topfft.srcs/sources_1/new/sat.v:24]
	Parameter NBITS_IN bound to: 14 - type: integer 
	Parameter NBITS_OUT bound to: 2 - type: integer 
INFO: [Synth 8-6155] done synthesizing module 'sat' (20#1) [C:/fft-parallel4/verilog/topfft/topfft.srcs/sources_1/new/sat.v:24]
INFO: [Synth 8-6155] done synthesizing module 'fixtop_sat' (21#1) [C:/fft-parallel4/verilog/pruebaPF/pruebaPF.srcs/sources_1/new/fixtop_sat.v:23]
INFO: [Synth 8-6157] synthesizing module 'fixtop_sat__parameterized0' [C:/fft-parallel4/verilog/pruebaPF/pruebaPF.srcs/sources_1/new/fixtop_sat.v:23]
	Parameter NBITS_IN bound to: 7 - type: integer 
	Parameter NBITS_OUT bound to: 2 - type: integer 
INFO: [Synth 8-6157] synthesizing module 'sat__parameterized0' [C:/fft-parallel4/verilog/topfft/topfft.srcs/sources_1/new/sat.v:24]
	Parameter NBITS_IN bound to: 7 - type: integer 
	Parameter NBITS_OUT bound to: 2 - type: integer 
INFO: [Synth 8-6155] done synthesizing module 'sat__parameterized0' (21#1) [C:/fft-parallel4/verilog/topfft/topfft.srcs/sources_1/new/sat.v:24]
INFO: [Synth 8-6155] done synthesizing module 'fixtop_sat__parameterized0' (21#1) [C:/fft-parallel4/verilog/pruebaPF/pruebaPF.srcs/sources_1/new/fixtop_sat.v:23]
INFO: [Synth 8-6155] done synthesizing module 'topfft' (22#1) [C:/fft-parallel4/verilog/topfft/topfft.srcs/sources_1/new/topfft.v:24]
---------------------------------------------------------------------------------
Finished RTL Elaboration : Time (s): cpu = 00:00:04 ; elapsed = 00:00:04 . Memory (MB): peak = 1407.535 ; gain = 66.633
---------------------------------------------------------------------------------

Report Check Netlist: 
+------+------------------+-------+---------+-------+------------------+
|      |Item              |Errors |Warnings |Status |Description       |
+------+------------------+-------+---------+-------+------------------+
|1     |multi_driven_nets |      0|        0|Passed |Multi driven nets |
+------+------------------+-------+---------+-------+------------------+
---------------------------------------------------------------------------------
Start Handling Custom Attributes
---------------------------------------------------------------------------------
---------------------------------------------------------------------------------
Finished Handling Custom Attributes : Time (s): cpu = 00:00:04 ; elapsed = 00:00:04 . Memory (MB): peak = 1430.371 ; gain = 89.469
---------------------------------------------------------------------------------
---------------------------------------------------------------------------------
Finished RTL Optimization Phase 1 : Time (s): cpu = 00:00:04 ; elapsed = 00:00:04 . Memory (MB): peak = 1430.371 ; gain = 89.469
---------------------------------------------------------------------------------
INFO: [Project 1-570] Preparing netlist for logic optimization

Processing XDC Constraints
Initializing timing engine
Completed Processing XDC Constraints

INFO: [Opt 31-138] Pushed 0 inverter(s) to 0 load pin(s).
refresh_design: Time (s): cpu = 00:00:16 ; elapsed = 00:00:10 . Memory (MB): peak = 1488.199 ; gain = 147.297
launch_simulation
INFO: [Vivado 12-5682] Launching behavioral simulation in 'C:/fft-parallel4/verilog/topfft/topfft.sim/sim_1/behav/xsim'
INFO: [SIM-utils-51] Simulation object is 'sim_1'
INFO: [SIM-utils-54] Inspecting design source files for 'topfft_tb' in fileset 'sim_1'...
INFO: [SIM-utils-43] Exported 'C:/fft-parallel4/verilog/topfft/topfft.sim/sim_1/behav/xsim/Entrada_imparFFT.dat'
INFO: [SIM-utils-43] Exported 'C:/fft-parallel4/verilog/topfft/topfft.sim/sim_1/behav/xsim/Entrada_parFFT.dat'
INFO: [SIM-utils-43] Exported 'C:/fft-parallel4/verilog/topfft/topfft.sim/sim_1/behav/xsim/Entrada_imparFFT.dat'
INFO: [SIM-utils-43] Exported 'C:/fft-parallel4/verilog/topfft/topfft.sim/sim_1/behav/xsim/Entrada_parFFT.dat'
INFO: [USF-XSim-97] Finding global include files...
INFO: [USF-XSim-98] Fetching design files from 'sim_1'...
INFO: [USF-XSim-2] XSim::Compile design
INFO: [USF-XSim-61] Executing 'COMPILE and ANALYZE' step in 'C:/fft-parallel4/verilog/topfft/topfft.sim/sim_1/behav/xsim'
"xvlog --incr --relax -prj topfft_tb_vlog.prj"
INFO: [VRFC 10-2263] Analyzing Verilog file "C:/fft-parallel4/verilog/topfft/topfft.srcs/sources_1/new/BF.v" into library xil_defaultlib
INFO: [VRFC 10-311] analyzing module BF
INFO: [VRFC 10-2263] Analyzing Verilog file "C:/fft-parallel4/verilog/topfft/topfft.srcs/sources_1/new/Blq.v" into library xil_defaultlib
INFO: [VRFC 10-311] analyzing module Blq
INFO: [VRFC 10-2263] Analyzing Verilog file "C:/fft-parallel4/verilog/topfft/topfft.srcs/sources_1/new/D_reg.v" into library xil_defaultlib
INFO: [VRFC 10-311] analyzing module D_reg
INFO: [VRFC 10-2263] Analyzing Verilog file "C:/fft-parallel4/verilog/topfft/topfft.srcs/sources_1/new/D_reg_1.v" into library xil_defaultlib
INFO: [VRFC 10-311] analyzing module D_reg_1
INFO: [VRFC 10-2263] Analyzing Verilog file "C:/fft-parallel4/verilog/topfft/topfft.srcs/sources_1/new/coeff0.v" into library xil_defaultlib
INFO: [VRFC 10-311] analyzing module coeff0
INFO: [VRFC 10-2263] Analyzing Verilog file "C:/fft-parallel4/verilog/topfft/topfft.srcs/sources_1/new/coeff1.v" into library xil_defaultlib
INFO: [VRFC 10-311] analyzing module coeff1
INFO: [VRFC 10-2263] Analyzing Verilog file "C:/fft-parallel4/verilog/topfft/topfft.srcs/sources_1/new/coeff2.v" into library xil_defaultlib
INFO: [VRFC 10-311] analyzing module coeff2
INFO: [VRFC 10-2263] Analyzing Verilog file "C:/fft-parallel4/verilog/topfft/topfft.srcs/sources_1/new/coeff3.v" into library xil_defaultlib
INFO: [VRFC 10-311] analyzing module coeff3
INFO: [VRFC 10-2263] Analyzing Verilog file "C:/fft-parallel4/verilog/topfft/topfft.srcs/sources_1/new/coeff4.v" into library xil_defaultlib
INFO: [VRFC 10-311] analyzing module coeff4
INFO: [VRFC 10-2263] Analyzing Verilog file "C:/fft-parallel4/verilog/topfft/topfft.srcs/sources_1/new/coeff_data0.v" into library xil_defaultlib
INFO: [VRFC 10-311] analyzing module coeff_data0
INFO: [VRFC 10-2263] Analyzing Verilog file "C:/fft-parallel4/verilog/topfft/topfft.srcs/sources_1/new/coeff_data1.v" into library xil_defaultlib
INFO: [VRFC 10-311] analyzing module coeff_data1
INFO: [VRFC 10-2263] Analyzing Verilog file "C:/fft-parallel4/verilog/topfft/topfft.srcs/sources_1/new/coeff_data2.v" into library xil_defaultlib
INFO: [VRFC 10-311] analyzing module coeff_data2
INFO: [VRFC 10-2263] Analyzing Verilog file "C:/fft-parallel4/verilog/topfft/topfft.srcs/sources_1/new/coeff_data3.v" into library xil_defaultlib
INFO: [VRFC 10-311] analyzing module coeff_data3
INFO: [VRFC 10-2263] Analyzing Verilog file "C:/fft-parallel4/verilog/topfft/topfft.srcs/sources_1/new/coeff_data4.v" into library xil_defaultlib
INFO: [VRFC 10-311] analyzing module coeff_data4
INFO: [VRFC 10-2263] Analyzing Verilog file "C:/fft-parallel4/verilog/topfft/topfft.srcs/sources_1/new/contador.v" into library xil_defaultlib
INFO: [VRFC 10-311] analyzing module contador
INFO: [VRFC 10-2263] Analyzing Verilog file "C:/fft-parallel4/verilog/pruebaPF/pruebaPF.srcs/sources_1/new/fixtop_sat.v" into library xil_defaultlib
INFO: [VRFC 10-311] analyzing module fixtop_sat
INFO: [VRFC 10-2263] Analyzing Verilog file "C:/fft-parallel4/verilog/topfft/topfft.srcs/sources_1/new/multip.v" into library xil_defaultlib
INFO: [VRFC 10-311] analyzing module multip
INFO: [VRFC 10-2263] Analyzing Verilog file "C:/fft-parallel4/verilog/topfft/topfft.srcs/sources_1/new/sat.v" into library xil_defaultlib
INFO: [VRFC 10-311] analyzing module sat
INFO: [VRFC 10-2263] Analyzing Verilog file "C:/fft-parallel4/verilog/topfft/topfft.srcs/sources_1/new/switch.v" into library xil_defaultlib
INFO: [VRFC 10-311] analyzing module switch
INFO: [VRFC 10-2263] Analyzing Verilog file "C:/fft-parallel4/verilog/topfft/topfft.srcs/sources_1/new/topD.v" into library xil_defaultlib
INFO: [VRFC 10-311] analyzing module topD
INFO: [VRFC 10-2263] Analyzing Verilog file "C:/fft-parallel4/verilog/topfft/topfft.srcs/sources_1/new/topD_1.v" into library xil_defaultlib
INFO: [VRFC 10-311] analyzing module topD_1
INFO: [VRFC 10-2263] Analyzing Verilog file "C:/fft-parallel4/verilog/topfft/topfft.srcs/sources_1/new/topfft.v" into library xil_defaultlib
INFO: [VRFC 10-311] analyzing module topfft
INFO: [VRFC 10-2263] Analyzing Verilog file "C:/fft-parallel4/verilog/topfft/topfft.srcs/sim_1/new/topfft_tb.v" into library xil_defaultlib
INFO: [VRFC 10-311] analyzing module topfft_tb
ERROR: [VRFC 10-2989] 'Nbits' is not declared [C:/fft-parallel4/verilog/topfft/topfft.srcs/sim_1/new/topfft_tb.v:72]
ERROR: [VRFC 10-1775] range must be bounded by constant expressions [C:/fft-parallel4/verilog/topfft/topfft.srcs/sim_1/new/topfft_tb.v:72]
ERROR: [VRFC 10-2989] 'Nbits' is not declared [C:/fft-parallel4/verilog/topfft/topfft.srcs/sim_1/new/topfft_tb.v:106]
ERROR: [VRFC 10-2989] 'Nbits' is not declared [C:/fft-parallel4/verilog/topfft/topfft.srcs/sim_1/new/topfft_tb.v:129]
ERROR: [VRFC 10-2865] module 'topfft_tb' ignored due to previous errors [C:/fft-parallel4/verilog/topfft/topfft.srcs/sim_1/new/topfft_tb.v:23]
INFO: [USF-XSim-69] 'compile' step finished in '3' seconds
INFO: [USF-XSim-99] Step results log file:'C:/fft-parallel4/verilog/topfft/topfft.sim/sim_1/behav/xsim/xvlog.log'
ERROR: [USF-XSim-62] 'compile' step failed with error(s). Please check the Tcl console output or 'C:/fft-parallel4/verilog/topfft/topfft.sim/sim_1/behav/xsim/xvlog.log' file for more information.
ERROR: [Vivado 12-4473] Detected error while running simulation. Please correct the issue and retry this operation.
ERROR: [Common 17-39] 'launch_simulation' failed due to earlier errors.
exit
INFO: [Common 17-206] Exiting Vivado at Fri Sep  6 15:06:36 2019...
