#-----------------------------------------------------------
# Vivado v2019.1.1 (64-bit)
# SW Build 2552052 on Fri May 24 14:49:42 MDT 2019
# IP Build 2579722 on Sat Jun 29 11:35:40 MDT 2019
# Start of session at: Thu Aug 15 11:10:46 2019
# Process ID: 12708
# Current directory: C:/fft-parallel4/verilog/topfft
# Command line: vivado.exe -gui_launcher_event rodinguilauncherevent11488 C:\fft-parallel4\verilog\topfft\topfft.xpr
# Log file: C:/fft-parallel4/verilog/topfft/vivado.log
# Journal file: C:/fft-parallel4/verilog/topfft\vivado.jou
#-----------------------------------------------------------
start_gui
open_project C:/fft-parallel4/verilog/topfft/topfft.xpr
INFO: [Project 1-313] Project file moved from 'C:/fft/topfft' since last save.
Scanning sources...
Finished scanning sources
INFO: [IP_Flow 19-234] Refreshing IP repositories
INFO: [IP_Flow 19-1704] No user IP repositories specified
INFO: [IP_Flow 19-2313] Loaded Vivado IP repository 'C:/Xilinx/Vivado/2019.1/data/ip'.
update_compile_order -fileset sources_1
launch_simulation
INFO: [Vivado 12-5682] Launching behavioral simulation in 'C:/fft-parallel4/verilog/topfft/topfft.sim/sim_1/behav/xsim'
INFO: [SIM-utils-51] Simulation object is 'sim_1'
INFO: [SIM-utils-54] Inspecting design source files for 'topfft_tb' in fileset 'sim_1'...
INFO: [SIM-utils-43] Exported 'C:/fft-parallel4/verilog/topfft/topfft.sim/sim_1/behav/xsim/Entrada_imparFFT.dat'
INFO: [SIM-utils-43] Exported 'C:/fft-parallel4/verilog/topfft/topfft.sim/sim_1/behav/xsim/Entrada_parFFT.dat'
INFO: [SIM-utils-43] Exported 'C:/fft-parallel4/verilog/topfft/topfft.sim/sim_1/behav/xsim/Entrada_imparFFT.dat'
INFO: [SIM-utils-43] Exported 'C:/fft-parallel4/verilog/topfft/topfft.sim/sim_1/behav/xsim/Entrada_parFFT.dat'
INFO: [USF-XSim-97] Finding global include files...
INFO: [USF-XSim-98] Fetching design files from 'sim_1'...
INFO: [USF-XSim-2] XSim::Compile design
INFO: [USF-XSim-61] Executing 'COMPILE and ANALYZE' step in 'C:/fft-parallel4/verilog/topfft/topfft.sim/sim_1/behav/xsim'
"xvlog --incr --relax -prj topfft_tb_vlog.prj"
INFO: [VRFC 10-2263] Analyzing Verilog file "C:/fft-parallel4/verilog/topfft/topfft.srcs/sources_1/new/BF.v" into library xil_defaultlib
INFO: [VRFC 10-311] analyzing module BF
INFO: [VRFC 10-2263] Analyzing Verilog file "C:/fft-parallel4/verilog/topfft/topfft.srcs/sources_1/new/Blq.v" into library xil_defaultlib
INFO: [VRFC 10-311] analyzing module Blq
INFO: [VRFC 10-2263] Analyzing Verilog file "C:/fft-parallel4/verilog/topfft/topfft.srcs/sources_1/new/D_reg.v" into library xil_defaultlib
INFO: [VRFC 10-311] analyzing module D_reg
INFO: [VRFC 10-2263] Analyzing Verilog file "C:/fft-parallel4/verilog/topfft/topfft.srcs/sources_1/new/D_reg_1.v" into library xil_defaultlib
INFO: [VRFC 10-311] analyzing module D_reg_1
INFO: [VRFC 10-2263] Analyzing Verilog file "C:/fft-parallel4/verilog/topfft/topfft.srcs/sources_1/new/coeff0.v" into library xil_defaultlib
INFO: [VRFC 10-311] analyzing module coeff1
INFO: [VRFC 10-2263] Analyzing Verilog file "C:/fft-parallel4/verilog/topfft/topfft.srcs/sources_1/new/coeff1.v" into library xil_defaultlib
INFO: [VRFC 10-311] analyzing module coeff2
INFO: [VRFC 10-2263] Analyzing Verilog file "C:/fft-parallel4/verilog/topfft/topfft.srcs/sources_1/new/coeff2.v" into library xil_defaultlib
INFO: [VRFC 10-311] analyzing module coeff3
INFO: [VRFC 10-2263] Analyzing Verilog file "C:/fft-parallel4/verilog/topfft/topfft.srcs/sources_1/new/coeff3.v" into library xil_defaultlib
INFO: [VRFC 10-311] analyzing module coeff4
INFO: [VRFC 10-2263] Analyzing Verilog file "C:/fft-parallel4/verilog/topfft/topfft.srcs/sources_1/new/coeff4.v" into library xil_defaultlib
INFO: [VRFC 10-311] analyzing module coeff0
INFO: [VRFC 10-2263] Analyzing Verilog file "C:/fft-parallel4/verilog/topfft/topfft.srcs/sources_1/new/coeff_data0.v" into library xil_defaultlib
INFO: [VRFC 10-311] analyzing module coeff_data0
INFO: [VRFC 10-2263] Analyzing Verilog file "C:/fft-parallel4/verilog/topfft/topfft.srcs/sources_1/new/coeff_data1.v" into library xil_defaultlib
INFO: [VRFC 10-311] analyzing module coeff_data1
INFO: [VRFC 10-2263] Analyzing Verilog file "C:/fft-parallel4/verilog/topfft/topfft.srcs/sources_1/new/coeff_data2.v" into library xil_defaultlib
INFO: [VRFC 10-311] analyzing module coeff_data2
INFO: [VRFC 10-2263] Analyzing Verilog file "C:/fft-parallel4/verilog/topfft/topfft.srcs/sources_1/new/coeff_data3.v" into library xil_defaultlib
INFO: [VRFC 10-311] analyzing module coeff_data3
INFO: [VRFC 10-2263] Analyzing Verilog file "C:/fft-parallel4/verilog/topfft/topfft.srcs/sources_1/new/coeff_data4.v" into library xil_defaultlib
INFO: [VRFC 10-311] analyzing module coeff_data4
INFO: [VRFC 10-2263] Analyzing Verilog file "C:/fft-parallel4/verilog/topfft/topfft.srcs/sources_1/new/contador.v" into library xil_defaultlib
INFO: [VRFC 10-311] analyzing module contador
INFO: [VRFC 10-2263] Analyzing Verilog file "C:/fft-parallel4/verilog/topfft/topfft.srcs/sources_1/new/multip.v" into library xil_defaultlib
INFO: [VRFC 10-311] analyzing module multip
INFO: [VRFC 10-2263] Analyzing Verilog file "C:/fft-parallel4/verilog/topfft/topfft.srcs/sources_1/new/switch.v" into library xil_defaultlib
INFO: [VRFC 10-311] analyzing module switch
INFO: [VRFC 10-2263] Analyzing Verilog file "C:/fft-parallel4/verilog/topfft/topfft.srcs/sources_1/new/topD.v" into library xil_defaultlib
INFO: [VRFC 10-311] analyzing module topD
INFO: [VRFC 10-2263] Analyzing Verilog file "C:/fft-parallel4/verilog/topfft/topfft.srcs/sources_1/new/topD_1.v" into library xil_defaultlib
INFO: [VRFC 10-311] analyzing module topD_1
INFO: [VRFC 10-2263] Analyzing Verilog file "C:/fft-parallel4/verilog/topfft/topfft.srcs/sources_1/new/topfft.v" into library xil_defaultlib
INFO: [VRFC 10-311] analyzing module topfft
INFO: [VRFC 10-2263] Analyzing Verilog file "C:/fft-parallel4/verilog/topfft/topfft.srcs/sim_1/new/topfft_tb.v" into library xil_defaultlib
INFO: [VRFC 10-311] analyzing module topfft_tb
INFO: [VRFC 10-2263] Analyzing Verilog file "C:/fft-parallel4/verilog/topfft/topfft.sim/sim_1/behav/xsim/glbl.v" into library xil_defaultlib
INFO: [VRFC 10-311] analyzing module glbl
INFO: [USF-XSim-69] 'compile' step finished in '3' seconds
INFO: [USF-XSim-3] XSim::Elaborate design
INFO: [USF-XSim-61] Executing 'ELABORATE' step in 'C:/fft-parallel4/verilog/topfft/topfft.sim/sim_1/behav/xsim'
"xelab -wto edd69ef434ce40f1b5d3062577901c53 --incr --debug typical --relax --mt 2 -L xil_defaultlib -L unisims_ver -L unimacro_ver -L secureip --snapshot topfft_tb_behav xil_defaultlib.topfft_tb xil_defaultlib.glbl -log elaborate.log"
Vivado Simulator 2019.1
Copyright 1986-1999, 2001-2019 Xilinx, Inc. All Rights Reserved.
Running: C:/Xilinx/Vivado/2019.1/bin/unwrapped/win64.o/xelab.exe -wto edd69ef434ce40f1b5d3062577901c53 --incr --debug typical --relax --mt 2 -L xil_defaultlib -L unisims_ver -L unimacro_ver -L secureip --snapshot topfft_tb_behav xil_defaultlib.topfft_tb xil_defaultlib.glbl -log elaborate.log 
Using 2 slave threads.
Starting static elaboration
Completed static elaboration
Starting simulation data flow analysis
Completed simulation data flow analysis
Time Resolution for simulation is 1ps
Compiling module xil_defaultlib.contador(N=4)
Compiling module xil_defaultlib.contador(N=2)
Compiling module xil_defaultlib.contador
Compiling module xil_defaultlib.D_reg
Compiling module xil_defaultlib.topD_default
Compiling module xil_defaultlib.switch
Compiling module xil_defaultlib.BF
Compiling module xil_defaultlib.Blq
Compiling module xil_defaultlib.D_reg_1
Compiling module xil_defaultlib.topD_1_default
Compiling module xil_defaultlib.coeff_data0
Compiling module xil_defaultlib.coeff0
Compiling module xil_defaultlib.multip
Compiling module xil_defaultlib.topD(ND=2)
Compiling module xil_defaultlib.Blq(ND0=2,ND1=2)
Compiling module xil_defaultlib.topD_1(ND=6)
Compiling module xil_defaultlib.coeff_data1
Compiling module xil_defaultlib.coeff1
Compiling module xil_defaultlib.coeff_data2
Compiling module xil_defaultlib.coeff2
Compiling module xil_defaultlib.topD(ND=1)
Compiling module xil_defaultlib.Blq(ND0=1,ND1=1)
Compiling module xil_defaultlib.topD_1(ND=7)
Compiling module xil_defaultlib.coeff_data3
Compiling module xil_defaultlib.coeff3
Compiling module xil_defaultlib.coeff_data4
Compiling module xil_defaultlib.coeff4
Compiling module xil_defaultlib.topfft
Compiling module xil_defaultlib.topfft_tb
Compiling module xil_defaultlib.glbl
Built simulation snapshot topfft_tb_behav

****** Webtalk v2019.1.1 (64-bit)
  **** SW Build 2552052 on Fri May 24 14:49:42 MDT 2019
  **** IP Build 2579722 on Sat Jun 29 11:35:40 MDT 2019
    ** Copyright 1986-2019 Xilinx, Inc. All Rights Reserved.

source C:/fft-parallel4/verilog/topfft/topfft.sim/sim_1/behav/xsim/xsim.dir/topfft_tb_behav/webtalk/xsim_webtalk.tcl -notrace
INFO: [Common 17-186] 'C:/fft-parallel4/verilog/topfft/topfft.sim/sim_1/behav/xsim/xsim.dir/topfft_tb_behav/webtalk/usage_statistics_ext_xsim.xml' has been successfully sent to Xilinx on Thu Aug 15 11:11:53 2019. For additional details about this file, please refer to the WebTalk help file at C:/Xilinx/Vivado/2019.1/doc/webtalk_introduction.html.
INFO: [Common 17-206] Exiting Webtalk at Thu Aug 15 11:11:53 2019...
run_program: Time (s): cpu = 00:00:00 ; elapsed = 00:00:11 . Memory (MB): peak = 743.105 ; gain = 0.000
INFO: [USF-XSim-69] 'elaborate' step finished in '11' seconds
INFO: [USF-XSim-4] XSim::Simulate design
INFO: [USF-XSim-61] Executing 'SIMULATE' step in 'C:/fft-parallel4/verilog/topfft/topfft.sim/sim_1/behav/xsim'
INFO: [USF-XSim-98] *** Running xsim
   with args "topfft_tb_behav -key {Behavioral:sim_1:Functional:topfft_tb} -tclbatch {topfft_tb.tcl} -view {C:/fft-parallel4/verilog/topfft/topfft_tb_behav.wcfg} -log {simulate.log}"
INFO: [USF-XSim-8] Loading simulator feature
Vivado Simulator 2019.1
INFO: [Common 17-41] Interrupt caught. Command should exit soon.
