Information: Propagating switching activity (low effort zero delay simulation). (PWR-6)
Warning: Design has unannotated primary inputs. (PWR-414)
Warning: Design has unannotated sequential cell outputs. (PWR-415)
Warning: Design has unannotated black box outputs. (PWR-428)
 
****************************************
Report : power
        -analysis_effort low
Design : topfft
Version: O-2018.06-SP2
Date   : Tue Oct 22 12:18:40 2019
****************************************


Library(s) Used:

    gscl45nm (File: /home/tools/synopsys/tech_kits/FreePDK45/osu_soc/lib/files/gscl45nm.db)


Operating Conditions: typical   Library: gscl45nm
Wire Load Model Mode: top


Global Operating Voltage = 1.1  
Power-specific unit information :
    Voltage Units = 1V
    Capacitance Units = 1.000000pf
    Time Units = 1ns
    Dynamic Power Units = 1mW    (derived from V,C,T units)
    Leakage Power Units = 1nW


  Cell Internal Power  =  68.7006 mW   (87%)
  Net Switching Power  =  10.6527 mW   (13%)
                         ---------
Total Dynamic Power    =  79.3533 mW  (100%)

Cell Leakage Power     =   2.0381 mW


                 Internal         Switching           Leakage            Total
Power Group      Power            Power               Power              Power   (   %    )  Attrs
--------------------------------------------------------------------------------------------------
io_pad             0.0000            0.0000            0.0000            0.0000  (   0.00%)
memory             0.0000            0.0000            0.0000            0.0000  (   0.00%)
black_box          0.0000            1.1390            0.0000            1.1390  (   1.40%)
clock_network      0.0000            0.0000            0.0000            0.0000  (   0.00%)
register          58.0897            0.5563        4.3470e+05           59.0807  (  72.59%)
sequential         0.0000            0.0000            0.0000            0.0000  (   0.00%)
combinational     10.6110            8.9573        1.6034e+06           21.1717  (  26.01%)
--------------------------------------------------------------------------------------------------
Total             68.7007 mW        10.6526 mW     2.0381e+06 nW        81.3914 mW
1
