Warning: Design 'topfft' has '14' unresolved references. For more detailed information, use the "link" command. (UID-341)
 
****************************************
Report : area
Design : topfft
Version: O-2018.06-SP2
Date   : Fri Nov  8 16:03:57 2019
****************************************

Library(s) Used:

    gscl45nm (File: /home/tools/synopsys/tech_kits/FreePDK45/osu_soc/lib/files/gscl45nm.db)

Number of ports:                         4775
Number of nets:                         77565
Number of cells:                        67026
Number of combinational cells:          58894
Number of sequential cells:              8090
Number of macros/black boxes:               0
Number of buf/inv:                      20552
Number of references:                      14

Combinational area:             186425.670334
Buf/Inv area:                    37845.289572
Noncombinational area:           64399.221771
Macro/Black Box area:                0.000000
Net Interconnect area:      undefined  (No wire load specified)

Total cell area:                250824.892105
Total area:                 undefined

Information: This design contains black box (unknown) components. (RPT-8)
1
