#-----------------------------------------------------------
# Vivado v2019.1.1 (64-bit)
# SW Build 2552052 on Fri May 24 14:49:42 MDT 2019
# IP Build 2579722 on Sat Jun 29 11:35:40 MDT 2019
# Start of session at: Thu Sep 26 14:43:46 2019
# Process ID: 6980
# Current directory: C:/fft-parallel4/verilog/viejos/multip
# Command line: vivado.exe -gui_launcher_event rodinguilauncherevent8336 C:\fft-parallel4\verilog\viejos\multip\multip.xpr
# Log file: C:/fft-parallel4/verilog/viejos/multip/vivado.log
# Journal file: C:/fft-parallel4/verilog/viejos/multip\vivado.jou
#-----------------------------------------------------------
start_gui
open_project C:/fft-parallel4/verilog/viejos/multip/multip.xpr
INFO: [Project 1-313] Project file moved from 'C:/fft/multip' since last save.
Scanning sources...
Finished scanning sources
WARNING: [filemgmt 56-2] IPUserFilesDir: Could not find the directory 'C:/fft-parallel4/verilog/viejos/multip/multip.ip_user_files', nor could it be found using path 'C:/fft/multip/multip.ip_user_files'.
INFO: [IP_Flow 19-234] Refreshing IP repositories
INFO: [IP_Flow 19-1704] No user IP repositories specified
INFO: [IP_Flow 19-2313] Loaded Vivado IP repository 'C:/Xilinx/Vivado/2019.1/data/ip'.
update_compile_order -fileset sources_1
exit
INFO: [Common 17-206] Exiting Vivado at Thu Sep 26 14:45:00 2019...
