Warning: Design 'topfft' has '14' unresolved references. For more detailed information, use the "link" command. (UID-341)
 
****************************************
Report : area
Design : topfft
Version: O-2018.06-SP2
Date   : Fri Nov  8 13:55:17 2019
****************************************

Library(s) Used:

    gscl45nm (File: /home/tools/synopsys/tech_kits/FreePDK45/osu_soc/lib/files/gscl45nm.db)

Number of ports:                         1571
Number of nets:                         94523
Number of cells:                        87311
Number of combinational cells:          80220
Number of sequential cells:              7076
Number of macros/black boxes:               0
Number of buf/inv:                      23823
Number of references:                      35

Combinational area:             233949.801414
Buf/Inv area:                    36323.350042
Noncombinational area:           56229.647552
Macro/Black Box area:                0.000000
Net Interconnect area:      undefined  (No wire load specified)

Total cell area:                290179.448967
Total area:                 undefined

Information: This design contains black box (unknown) components. (RPT-8)
1
