Information: Propagating switching activity (low effort zero delay simulation). (PWR-6)
Warning: Design has unannotated primary inputs. (PWR-414)
Warning: Design has unannotated sequential cell outputs. (PWR-415)
Warning: Design has unannotated black box outputs. (PWR-428)
 
****************************************
Report : power
        -analysis_effort low
Design : topfft
Version: O-2018.06-SP2
Date   : Fri Nov  8 13:55:21 2019
****************************************


Library(s) Used:

    gscl45nm (File: /home/tools/synopsys/tech_kits/FreePDK45/osu_soc/lib/files/gscl45nm.db)


Operating Conditions: typical   Library: gscl45nm
Wire Load Model Mode: top


Global Operating Voltage = 1.1  
Power-specific unit information :
    Voltage Units = 1V
    Capacitance Units = 1.000000pf
    Time Units = 1ns
    Dynamic Power Units = 1mW    (derived from V,C,T units)
    Leakage Power Units = 1nW


  Cell Internal Power  =  76.2777 mW   (12%)
  Net Switching Power  = 584.9307 mW   (88%)
                         ---------
Total Dynamic Power    = 661.2084 mW  (100%)

Cell Leakage Power     =   1.6008 mW


                 Internal         Switching           Leakage            Total
Power Group      Power            Power               Power              Power   (   %    )  Attrs
--------------------------------------------------------------------------------------------------
io_pad             0.0000            0.0000            0.0000            0.0000  (   0.00%)
memory             0.0000            0.0000            0.0000            0.0000  (   0.00%)
black_box          0.0000            0.0000            0.0000            0.0000  (   0.00%)
clock_network     24.2875          583.5885        1.0269e+06          608.9492  (  91.87%)
register          51.0349            0.1728        3.8748e+05           51.5952  (   7.78%)
sequential         0.0000            0.0000            0.0000            0.0000  (   0.00%)
combinational      0.9554            1.1271        1.8640e+05            2.2689  (   0.34%)
--------------------------------------------------------------------------------------------------
Total             76.2778 mW       584.8884 mW     1.6008e+06 nW       662.8134 mW
1
