Warning: Design 'topfft' has '14' unresolved references. For more detailed information, use the "link" command. (UID-341)
 
****************************************
Report : timing
        -path full
        -delay max
        -nets
        -max_paths 1
        -transition_time
Design : topfft
Version: O-2018.06-SP2
Date   : Fri Nov  8 13:55:17 2019
****************************************

 # A fanout number of 1000 was used for high fanout net computations.

Operating Conditions: typical   Library: gscl45nm
Wire Load Model Mode: top

  Startpoint: u_topfft_sat1_a_sat2_control_Blq_BFV_0_pulso_reg
              (rising edge-triggered flip-flop clocked by CLK)
  Endpoint: u_topfft_sat1_a_sat2_fftOut0_down_reg_20_
            (rising edge-triggered flip-flop clocked by CLK)
  Path Group: CLK
  Path Type: max

Attributes:
    d - dont_touch
    u - dont_use
   mo - map_only
   so - size_only
    i - ideal_net or ideal_network
  inf - infeasible path

  Point                                       Fanout     Trans      Incr       Path      Attributes
  ---------------------------------------------------------------------------------------------------------
  clock CLK (rise edge)                                             0.00       0.00
  clock network delay (ideal)                                       0.00       0.00
  u_topfft_sat1_a_sat2_control_Blq_BFV_0_pulso_reg/CLK (DFFPOSX1)     0.00     0.00 #     0.00 r
  u_topfft_sat1_a_sat2_control_Blq_BFV_0_pulso_reg/Q (DFFPOSX1)     0.02     0.11     0.11 f
  u_topfft_sat1_a_sat2_ctrl_Blq_BFV (net)       3                   0.00       0.11 f
  U28223/Y (INVX1)                                        0.00      0.01       0.12 r
  n15290 (net)                                  2                   0.00       0.12 r
  U6207/Y (AND2X2)                                        0.04      0.05       0.17 r
  n8140 (net)                                   6                   0.00       0.17 r
  U15262/Y (BUFX4)                                        0.03      0.03       0.20 r
  n12163 (net)                                  6                   0.00       0.20 r
  U15171/Y (INVX8)                                        0.02      0.03       0.23 f
  n32124 (net)                                 15                   0.00       0.23 f
  U29010/Y (OR2X2)                                        0.01      0.04       0.27 f
  n16415 (net)                                  2                   0.00       0.27 f
  U29009/Y (NAND3X1)                                      0.04      0.03       0.31 r
  n33967 (net)                                  2                   0.00       0.31 r
  U6002/Y (AND2X2)                                        0.02      0.04       0.35 r
  n15018 (net)                                  3                   0.00       0.35 r
  U24559/Y (NAND3X1)                                      0.02      0.01       0.36 f
  n11762 (net)                                  1                   0.00       0.36 f
  U10498/Y (NAND2X1)                                      0.05      0.04       0.40 r
  n6963 (net)                                   2                   0.00       0.40 r
  U10802/Y (INVX2)                                        0.03      0.04       0.43 f
  n1969 (net)                                   7                   0.00       0.43 f
  U6066/Y (OAI21X1)                                       0.06      0.06       0.49 r
  n1414 (net)                                   1                   0.00       0.49 r
  U9627/Y (XOR2X1)                                        0.08      0.06       0.55 r
  n14323 (net)                                  3                   0.00       0.55 r
  U11260/Y (INVX2)                                        0.04      0.03       0.58 f
  n15657 (net)                                  2                   0.00       0.58 f
  U29092/Y (XNOR2X1)                                      0.05      0.05       0.63 r
  u_topfft_sat1_a_sat2_M4_0_DP_OP_12J13_123_5013_n1841 (net)     2     0.00     0.63 r
  U6259/Y (OR2X1)                                         0.02      0.04       0.67 r
  n30419 (net)                                  1                   0.00       0.67 r
  U32786/Y (OAI21X1)                                      0.03      0.03       0.69 f
  n23713 (net)                                  1                   0.00       0.69 f
  U42450/YC (FAX1)                                        0.03      0.09       0.78 f
  n30744 (net)                                  2                   0.00       0.78 f
  U25902/Y (OAI21X1)                                      0.04      0.02       0.81 r
  n16758 (net)                                  1                   0.00       0.81 r
  U10125/Y (NAND2X1)                                      0.03      0.03       0.84 f
  n7924 (net)                                   1                   0.00       0.84 f
  U42521/YS (FAX1)                                        0.06      0.10       0.93 r
  n30762 (net)                                  1                   0.00       0.93 r
  U42520/YS (FAX1)                                        0.05      0.10       1.03 r
  n30752 (net)                                  1                   0.00       1.03 r
  U42518/YS (FAX1)                                        0.01      0.09       1.11 f
  n30747 (net)                                  2                   0.00       1.11 f
  U25485/Y (OR2X2)                                        0.01      0.04       1.16 f
  n30751 (net)                                  3                   0.00       1.16 f
  U10699/Y (NAND2X1)                                      0.03      0.01       1.17 r
  n3719 (net)                                   1                   0.00       1.17 r
  U10025/Y (NAND2X1)                                      0.02      0.02       1.19 f
  n6001 (net)                                   2                   0.00       1.19 f
  U9890/Y (NAND2X1)                                       0.04      0.04       1.23 r
  n3021 (net)                                   2                   0.00       1.23 r
  U9889/Y (NAND2X1)                                       0.02      0.02       1.25 f
  n2209 (net)                                   2                   0.00       1.25 f
  U10072/Y (INVX1)                                        0.00      0.02       1.27 r
  n1821 (net)                                   3                   0.00       1.27 r
  U7997/Y (AND2X2)                                        0.02      0.04       1.31 r
  n1851 (net)                                   2                   0.00       1.31 r
  U7748/Y (INVX4)                                         0.02      0.03       1.34 f
  n8262 (net)                                   9                   0.00       1.34 f
  U10516/Y (AOI21X1)                                      0.04      0.04       1.38 r
  n8209 (net)                                   2                   0.00       1.38 r
  U8898/Y (NAND3X1)                                       0.03      0.03       1.41 f
  n7497 (net)                                   3                   0.00       1.41 f
  U10308/Y (NAND2X1)                                      0.04      0.02       1.43 r
  n7459 (net)                                   2                   0.00       1.43 r
  U8542/Y (INVX1)                                         0.02      0.03       1.45 f
  n1089 (net)                                   2                   0.00       1.45 f
  U7187/Y (NOR2X1)                                        0.03      0.03       1.49 r
  n737 (net)                                    1                   0.00       1.49 r
  U7186/Y (AOI21X1)                                       0.02      0.02       1.51 f
  n3907 (net)                                   1                   0.00       1.51 f
  U7599/Y (OAI21X1)                                       0.07      0.04       1.55 r
  n11044 (net)                                  3                   0.00       1.55 r
  U11273/Y (BUFX4)                                        0.02      0.03       1.57 r
  n10888 (net)                                  6                   0.00       1.57 r
  U7252/Y (AND2X2)                                        0.02      0.04       1.62 r
  n16053 (net)                                  3                   0.00       1.62 r
  U8133/Y (AOI21X1)                                       0.02      0.03       1.64 f
  n16051 (net)                                  1                   0.00       1.64 f
  U9789/Y (NAND2X1)                                       0.05      0.02       1.67 r
  n1451 (net)                                   1                   0.00       1.67 r
  U9788/Y (XNOR2X1)                                       0.06      0.05       1.72 r
  n2329 (net)                                   2                   0.00       1.72 r
  U10896/Y (BUFX2)                                        0.03      0.05       1.77 r
  n2020 (net)                                   2                   0.00       1.77 r
  U15206/Y (XNOR2X1)                                      0.02      0.04       1.80 f
  u_topfft_sat1_a_sat2_M5_1_DP_OP_12J11_123_5388_n1928 (net)     2     0.00     1.80 f
  U32639/Y (OAI21X1)                                      0.05      0.06       1.87 r
  n23793 (net)                                  1                   0.00       1.87 r
  U43434/YS (FAX1)                                        0.06      0.10       1.96 r
  n34100 (net)                                  1                   0.00       1.96 r
  U43436/YS (FAX1)                                        0.02      0.10       2.06 f
  n34095 (net)                                  1                   0.00       2.06 f
  U43435/YS (FAX1)                                        0.06      0.09       2.16 r
  n34087 (net)                                  1                   0.00       2.16 r
  U43432/YS (FAX1)                                        0.02      0.10       2.25 f
  n34272 (net)                                  1                   0.00       2.25 f
  U43475/YS (FAX1)                                        0.03      0.07       2.33 r
  n35493 (net)                                  2                   0.00       2.33 r
  U24391/Y (OR2X2)                                        0.02      0.04       2.37 r
  n10771 (net)                                  3                   0.00       2.37 r
  U7166/Y (AND2X2)                                        0.01      0.04       2.41 r
  n15658 (net)                                  2                   0.00       2.41 r
  U7165/Y (AOI21X1)                                       0.02      0.03       2.44 f
  n8200 (net)                                   2                   0.00       2.44 f
  U9982/Y (OAI21X1)                                       0.04      0.04       2.48 r
  n1506 (net)                                   1                   0.00       2.48 r
  U9281/Y (AOI21X1)                                       0.04      0.04       2.52 f
  n5410 (net)                                   4                   0.00       2.52 f
  U24740/Y (OAI21X1)                                      0.06      0.06       2.58 r
  n11099 (net)                                  1                   0.00       2.58 r
  U15474/Y (XNOR2X1)                                      0.05      0.05       2.63 r
  n13021 (net)                                  2                   0.00       2.63 r
  U8456/Y (NAND3X1)                                       0.01      0.02       2.65 f
  n17028 (net)                                  1                   0.00       2.65 f
  U29399/Y (INVX1)                                        0.00      0.00       2.65 r
  n17027 (net)                                  1                   0.00       2.65 r
  U9722/Y (NAND3X1)                                       0.02      0.02       2.67 f
  n6766 (net)                                   2                   0.00       2.67 f
  U10204/Y (INVX1)                                        0.00      0.00       2.68 r
  n17193 (net)                                  1                   0.00       2.68 r
  U10155/Y (NOR2X1)                                       0.00      0.01       2.69 f
  n1559 (net)                                   1                   0.00       2.69 f
  U10154/Y (INVX1)                                        0.00      0.00       2.69 r
  n35627 (net)                                  2                   0.00       2.69 r
  U9987/Y (AOI21X1)                                       0.03      0.02       2.71 f
  n7518 (net)                                   6                   0.00       2.71 f
  U26286/Y (AND2X2)                                       0.00      0.04       2.75 f
  n56642 (net)                                  1                   0.00       2.75 f
  U31270/Y (INVX1)                                        0.00      0.00       2.75 r
  n18124 (net)                                  1                   0.00       2.75 r
  U9721/Y (OAI21X1)                                       0.00      0.01       2.76 f
  u_topfft_sat1_a_sat2_N66 (net)                1                   0.00       2.76 f
  u_topfft_sat1_a_sat2_fftOut0_down_reg_20_/D (DFFPOSX1)     0.00     0.00     2.76 f
  data arrival time                                                            2.76

  clock CLK (rise edge)                                             2.00       2.00
  clock network delay (ideal)                                       0.00       2.00
  u_topfft_sat1_a_sat2_fftOut0_down_reg_20_/CLK (DFFPOSX1)          0.00       2.00 r
  library setup time                                               -0.05       1.95
  data required time                                                           1.95
  ---------------------------------------------------------------------------------------------------------
  data required time                                                           1.95
  data arrival time                                                           -2.76
  ---------------------------------------------------------------------------------------------------------
  slack (VIOLATED)                                                            -0.81


1
