 
****************************************
Report : multibit
Design : top_tx
Version: O-2018.06-SP2
Date   : Thu Oct 17 18:32:18 2019
****************************************

Attributes:
    b - black box (unknown)
    h - hierarchical
    n - noncombinational
    r - removable
    u - contains unmapped logic


Multibit Component : count_ptr_reg
Cell                    Reference      Library         Area   Width  Attributes
--------------------------------------------------------------------------------
u_rrc_Q/count_ptr_reg[2]
                        **SEQGEN**                     0.00   1      n, u
u_rrc_Q/count_ptr_reg[1]
                        **SEQGEN**                     0.00   1      n, u
u_rrc_Q/count_ptr_reg[0]
                        **SEQGEN**                     0.00   1      n, u
--------------------------------------------------------------------------------
Total 3 cells                                          0.00   3


Multibit Component : count_ptr_reg
Cell                    Reference      Library         Area   Width  Attributes
--------------------------------------------------------------------------------
u_rrc_I/count_ptr_reg[2]
                        **SEQGEN**                     0.00   1      n, u
u_rrc_I/count_ptr_reg[1]
                        **SEQGEN**                     0.00   1      n, u
u_rrc_I/count_ptr_reg[0]
                        **SEQGEN**                     0.00   1      n, u
--------------------------------------------------------------------------------
Total 3 cells                                          0.00   3


Multibit Component : count_valid_reg
Cell                    Reference      Library         Area   Width  Attributes
--------------------------------------------------------------------------------
count_valid_reg[2]      **SEQGEN**                     0.00   1      n, u
count_valid_reg[1]      **SEQGEN**                     0.00   1      n, u
count_valid_reg[0]      **SEQGEN**                     0.00   1      n, u
--------------------------------------------------------------------------------
Total 3 cells                                          0.00   3


Multibit Component : data_reg
Cell                    Reference      Library         Area   Width  Attributes
--------------------------------------------------------------------------------
u_prbs_Q/data_reg[8]    **SEQGEN**                     0.00   1      n, u
u_prbs_Q/data_reg[7]    **SEQGEN**                     0.00   1      n, u
u_prbs_Q/data_reg[6]    **SEQGEN**                     0.00   1      n, u
u_prbs_Q/data_reg[5]    **SEQGEN**                     0.00   1      n, u
u_prbs_Q/data_reg[4]    **SEQGEN**                     0.00   1      n, u
u_prbs_Q/data_reg[3]    **SEQGEN**                     0.00   1      n, u
u_prbs_Q/data_reg[2]    **SEQGEN**                     0.00   1      n, u
u_prbs_Q/data_reg[1]    **SEQGEN**                     0.00   1      n, u
u_prbs_Q/data_reg[0]    **SEQGEN**                     0.00   1      n, u
--------------------------------------------------------------------------------
Total 9 cells                                          0.00   9


Multibit Component : data_reg
Cell                    Reference      Library         Area   Width  Attributes
--------------------------------------------------------------------------------
u_prbs_I/data_reg[8]    **SEQGEN**                     0.00   1      n, u
u_prbs_I/data_reg[7]    **SEQGEN**                     0.00   1      n, u
u_prbs_I/data_reg[6]    **SEQGEN**                     0.00   1      n, u
u_prbs_I/data_reg[5]    **SEQGEN**                     0.00   1      n, u
u_prbs_I/data_reg[4]    **SEQGEN**                     0.00   1      n, u
u_prbs_I/data_reg[3]    **SEQGEN**                     0.00   1      n, u
u_prbs_I/data_reg[2]    **SEQGEN**                     0.00   1      n, u
u_prbs_I/data_reg[1]    **SEQGEN**                     0.00   1      n, u
u_prbs_I/data_reg[0]    **SEQGEN**                     0.00   1      n, u
--------------------------------------------------------------------------------
Total 9 cells                                          0.00   9


Multibit Component : samples_add_reg
Cell                    Reference      Library         Area   Width  Attributes
--------------------------------------------------------------------------------
u_rrc_Q/samples_add_reg[12]
                        **SEQGEN**                     0.00   1      n, u
u_rrc_Q/samples_add_reg[11]
                        **SEQGEN**                     0.00   1      n, u
u_rrc_Q/samples_add_reg[10]
                        **SEQGEN**                     0.00   1      n, u
u_rrc_Q/samples_add_reg[9]
                        **SEQGEN**                     0.00   1      n, u
u_rrc_Q/samples_add_reg[8]
                        **SEQGEN**                     0.00   1      n, u
u_rrc_Q/samples_add_reg[7]
                        **SEQGEN**                     0.00   1      n, u
u_rrc_Q/samples_add_reg[6]
                        **SEQGEN**                     0.00   1      n, u
u_rrc_Q/samples_add_reg[5]
                        **SEQGEN**                     0.00   1      n, u
u_rrc_Q/samples_add_reg[4]
                        **SEQGEN**                     0.00   1      n, u
u_rrc_Q/samples_add_reg[3]
                        **SEQGEN**                     0.00   1      n, u
u_rrc_Q/samples_add_reg[2]
                        **SEQGEN**                     0.00   1      n, u
u_rrc_Q/samples_add_reg[1]
                        **SEQGEN**                     0.00   1      n, u
u_rrc_Q/samples_add_reg[0]
                        **SEQGEN**                     0.00   1      n, u
--------------------------------------------------------------------------------
Total 13 cells                                         0.00   13


Multibit Component : samples_add_reg
Cell                    Reference      Library         Area   Width  Attributes
--------------------------------------------------------------------------------
u_rrc_I/samples_add_reg[12]
                        **SEQGEN**                     0.00   1      n, u
u_rrc_I/samples_add_reg[11]
                        **SEQGEN**                     0.00   1      n, u
u_rrc_I/samples_add_reg[10]
                        **SEQGEN**                     0.00   1      n, u
u_rrc_I/samples_add_reg[9]
                        **SEQGEN**                     0.00   1      n, u
u_rrc_I/samples_add_reg[8]
                        **SEQGEN**                     0.00   1      n, u
u_rrc_I/samples_add_reg[7]
                        **SEQGEN**                     0.00   1      n, u
u_rrc_I/samples_add_reg[6]
                        **SEQGEN**                     0.00   1      n, u
u_rrc_I/samples_add_reg[5]
                        **SEQGEN**                     0.00   1      n, u
u_rrc_I/samples_add_reg[4]
                        **SEQGEN**                     0.00   1      n, u
u_rrc_I/samples_add_reg[3]
                        **SEQGEN**                     0.00   1      n, u
u_rrc_I/samples_add_reg[2]
                        **SEQGEN**                     0.00   1      n, u
u_rrc_I/samples_add_reg[1]
                        **SEQGEN**                     0.00   1      n, u
u_rrc_I/samples_add_reg[0]
                        **SEQGEN**                     0.00   1      n, u
--------------------------------------------------------------------------------
Total 13 cells                                         0.00   13


Multibit Component : shiftReg_reg
Cell                    Reference      Library         Area   Width  Attributes
--------------------------------------------------------------------------------
u_rrc_Q/shiftReg_reg[6] **SEQGEN**                     0.00   1      n, u
u_rrc_Q/shiftReg_reg[5] **SEQGEN**                     0.00   1      n, u
u_rrc_Q/shiftReg_reg[4] **SEQGEN**                     0.00   1      n, u
u_rrc_Q/shiftReg_reg[3] **SEQGEN**                     0.00   1      n, u
u_rrc_Q/shiftReg_reg[2] **SEQGEN**                     0.00   1      n, u
u_rrc_Q/shiftReg_reg[1] **SEQGEN**                     0.00   1      n, u
u_rrc_Q/shiftReg_reg[0] **SEQGEN**                     0.00   1      n, u
--------------------------------------------------------------------------------
Total 7 cells                                          0.00   7


Multibit Component : shiftReg_reg
Cell                    Reference      Library         Area   Width  Attributes
--------------------------------------------------------------------------------
u_rrc_I/shiftReg_reg[6] **SEQGEN**                     0.00   1      n, u
u_rrc_I/shiftReg_reg[5] **SEQGEN**                     0.00   1      n, u
u_rrc_I/shiftReg_reg[4] **SEQGEN**                     0.00   1      n, u
u_rrc_I/shiftReg_reg[3] **SEQGEN**                     0.00   1      n, u
u_rrc_I/shiftReg_reg[2] **SEQGEN**                     0.00   1      n, u
u_rrc_I/shiftReg_reg[1] **SEQGEN**                     0.00   1      n, u
u_rrc_I/shiftReg_reg[0] **SEQGEN**                     0.00   1      n, u
--------------------------------------------------------------------------------
Total 7 cells                                          0.00   7


Total 9 Multibit Components
1
