Information: Propagating switching activity (low effort zero delay simulation). (PWR-6)
Warning: Design has unannotated primary inputs. (PWR-414)
Warning: Design has unannotated sequential cell outputs. (PWR-415)
Warning: Design has unannotated black box outputs. (PWR-428)
 
****************************************
Report : power
        -analysis_effort low
Design : topfft
Version: O-2018.06-SP2
Date   : Thu Nov  7 13:52:00 2019
****************************************


Library(s) Used:

    gscl45nm (File: /home/tools/synopsys/tech_kits/FreePDK45/osu_soc/lib/files/gscl45nm.db)


Operating Conditions: typical   Library: gscl45nm
Wire Load Model Mode: top


Global Operating Voltage = 1.1  
Power-specific unit information :
    Voltage Units = 1V
    Capacitance Units = 1.000000pf
    Time Units = 1ns
    Dynamic Power Units = 1mW    (derived from V,C,T units)
    Leakage Power Units = 1nW


  Cell Internal Power  =  94.9343 mW   (14%)
  Net Switching Power  = 605.0309 mW   (86%)
                         ---------
Total Dynamic Power    = 699.9652 mW  (100%)

Cell Leakage Power     =   1.9611 mW


                 Internal         Switching           Leakage            Total
Power Group      Power            Power               Power              Power   (   %    )  Attrs
--------------------------------------------------------------------------------------------------
io_pad             0.0000            0.0000            0.0000            0.0000  (   0.00%)
memory             0.0000            0.0000            0.0000            0.0000  (   0.00%)
black_box          0.0000            0.0000            0.0000            0.0000  (   0.00%)
clock_network     36.5175          603.3234        1.3702e+06          641.2228  (  91.35%)
register          57.8422            0.2604        4.3383e+05           58.5363  (   8.34%)
sequential         0.0000            0.0000            0.0000            0.0000  (   0.00%)
combinational      0.5748            1.4180        1.5702e+05            2.1498  (   0.31%)
--------------------------------------------------------------------------------------------------
Total             94.9345 mW       605.0018 mW     1.9611e+06 nW       701.9089 mW
1
