Warning: Design 'topfft' has '19' unresolved references. For more detailed information, use the "link" command. (UID-341)
 
****************************************
Report : area
Design : topfft
Version: O-2018.06-SP2
Date   : Thu Nov  7 13:51:54 2019
****************************************

Library(s) Used:

    gscl45nm (File: /home/tools/synopsys/tech_kits/FreePDK45/osu_soc/lib/files/gscl45nm.db)

Number of ports:                         1826
Number of nets:                        114367
Number of cells:                       104198
Number of combinational cells:          96271
Number of sequential cells:              7912
Number of macros/black boxes:               0
Number of buf/inv:                      26770
Number of references:                      35

Combinational area:             294733.068172
Buf/Inv area:                    41738.133324
Noncombinational area:           62955.185703
Macro/Black Box area:                0.000000
Net Interconnect area:      undefined  (No wire load specified)

Total cell area:                357688.253875
Total area:                 undefined

Information: This design contains black box (unknown) components. (RPT-8)

Area of detected synthetic parts
--------------------------------
  No DW parts to report!

Estimated area of ungrouped synthetic parts
-------------------------------------------
                                         Estimated  Perc. of
  Module               Implem.  Count         Area cell area
  -------------------- -------  ----- ------------ ---------
  DP_OP_11J11_122_9344     str      1    2864.6157      0.8%
  DP_OP_11J12_122_5013     str      3   16452.3164      4.6%
  DP_OP_11J13_122_5388     str      3   26030.5947      7.3%
  DP_OP_11J13_124_2636     str      4   18045.6641      5.0%
  DP_OP_11J9_122_4572      str      2   15237.7065      4.3%
  DP_OP_11J9_124_5420      str      2   10287.5552      2.9%
  DP_OP_11J9_126_6728      str      2    4798.1328      1.3%
  DP_OP_12J11_123_9344     str      1    2881.9800      0.8%
  DP_OP_12J12_123_5013     str      3   16465.9253      4.6%
  DP_OP_12J13_123_5388     str      3   25944.2422      7.3%
  DP_OP_12J13_125_2636     str      4   18056.9277      5.0%
  DP_OP_12J9_123_4572      str      2   15244.2764      4.3%
  DP_OP_12J9_125_5420      str      2   10260.3359      2.9%
  DP_OP_12J9_127_6728      str      2    4797.1943      1.3%
  DW01_add             apparch     10    1196.7152      0.3%
  DW01_add              pparch     16    7313.0940      2.0%
  DW01_inc             apparch     11    1142.7456      0.3%
  DW01_sub             apparch      8    1119.2806      0.3%
  DW01_sub              pparch     18    7200.9319      2.0%
  DW_cmp               apparch      4     132.8119      0.0%
  -------------------- -------  ----- ------------ ---------
  DP_OP Subtotal:                  34  187367.4673     52.4%
  Total:                          101  205473.0465     57.4%

Subtotal of datapath(DP_OP) cell area:  187367.4673  52.4%  (estimated)
Total synthetic cell area:              205473.0465  57.4%  (estimated)

1
