Warning: Design 'topfft' has '19' unresolved references. For more detailed information, use the "link" command. (UID-341)
 
****************************************
Report : timing
        -path full
        -delay max
        -nets
        -max_paths 1
        -transition_time
Design : topfft
Version: O-2018.06-SP2
Date   : Thu Nov  7 13:51:54 2019
****************************************

 # A fanout number of 1000 was used for high fanout net computations.

Operating Conditions: typical   Library: gscl45nm
Wire Load Model Mode: top

  Startpoint: u_topfft_sat0_a_sat1/control_Blq_BFIII_0_pulso_reg
              (rising edge-triggered flip-flop clocked by CLK)
  Endpoint: u_topfft_sat0_a_sat1/fftOut1_down_reg_0_
            (rising edge-triggered flip-flop clocked by CLK)
  Path Group: CLK
  Path Type: max

Attributes:
    d - dont_touch
    u - dont_use
   mo - map_only
   so - size_only
    i - ideal_net or ideal_network
  inf - infeasible path

  Point                                       Fanout     Trans      Incr       Path      Attributes
  ---------------------------------------------------------------------------------------------------------
  clock CLK (rise edge)                                             0.00       0.00
  clock network delay (ideal)                                       0.00       0.00
  u_topfft_sat0_a_sat1/control_Blq_BFIII_0_pulso_reg/CLK (DFFPOSX1)     0.00     0.00 #     0.00 r
  u_topfft_sat0_a_sat1/control_Blq_BFIII_0_pulso_reg/Q (DFFPOSX1)     0.04     0.08     0.08 r
  u_topfft_sat0_a_sat1/ctrl_Blq_BFIII (net)     8                   0.00       0.08 r
  u_topfft_sat0_a_sat1/Blq_BFIII_1/ctrl (Blq_ND08_ND18_Nbits15_0)     0.00     0.08 r
  u_topfft_sat0_a_sat1/Blq_BFIII_1/ctrl (net)                       0.00       0.08 r
  u_topfft_sat0_a_sat1/Blq_BFIII_1/U129/Y (AND2X2)        0.14      0.07       0.15 r
  u_topfft_sat0_a_sat1/Blq_BFIII_1/n273 (net)    13                 0.00       0.15 r
  u_topfft_sat0_a_sat1/Blq_BFIII_1/U216/Y (INVX1)         0.00      0.05       0.20 f
  u_topfft_sat0_a_sat1/Blq_BFIII_1/n55 (net)     1                  0.00       0.20 f
  u_topfft_sat0_a_sat1/Blq_BFIII_1/U215/Y (INVX1)         0.00      0.02       0.22 r
  u_topfft_sat0_a_sat1/Blq_BFIII_1/n458 (net)     4                 0.00       0.22 r
  u_topfft_sat0_a_sat1/Blq_BFIII_1/U222/Y (NAND2X1)       0.02      0.01       0.23 f
  u_topfft_sat0_a_sat1/Blq_BFIII_1/n125 (net)     1                 0.00       0.23 f
  u_topfft_sat0_a_sat1/Blq_BFIII_1/U572/Y (OAI21X1)       0.07      0.04       0.27 r
  u_topfft_sat0_a_sat1/Blq_BFIII_1/n806 (net)     4                 0.00       0.27 r
  u_topfft_sat0_a_sat1/Blq_BFIII_1/U195/Y (NAND2X1)       0.02      0.03       0.30 f
  u_topfft_sat0_a_sat1/Blq_BFIII_1/n302 (net)     1                 0.00       0.30 f
  u_topfft_sat0_a_sat1/Blq_BFIII_1/U109/Y (INVX1)         0.00      0.01       0.30 r
  u_topfft_sat0_a_sat1/Blq_BFIII_1/n14 (net)     2                  0.00       0.30 r
  u_topfft_sat0_a_sat1/Blq_BFIII_1/U186/Y (NAND2X1)       0.02      0.01       0.32 f
  u_topfft_sat0_a_sat1/Blq_BFIII_1/n92 (net)     1                  0.00       0.32 f
  u_topfft_sat0_a_sat1/Blq_BFIII_1/U217/Y (NAND2X1)       0.04      0.03       0.35 r
  u_topfft_sat0_a_sat1/Blq_BFIII_1/n146 (net)     1                 0.00       0.35 r
  u_topfft_sat0_a_sat1/Blq_BFIII_1/U163/Y (AOI21X1)       0.03      0.03       0.38 f
  u_topfft_sat0_a_sat1/Blq_BFIII_1/n424 (net)     3                 0.00       0.38 f
  u_topfft_sat0_a_sat1/Blq_BFIII_1/U142/Y (INVX2)         0.03      0.03       0.41 r
  u_topfft_sat0_a_sat1/Blq_BFIII_1/n336 (net)     4                 0.00       0.41 r
  u_topfft_sat0_a_sat1/Blq_BFIII_1/U564/Y (AOI21X1)       0.03      0.04       0.45 f
  u_topfft_sat0_a_sat1/Blq_BFIII_1/n433 (net)     3                 0.00       0.45 f
  u_topfft_sat0_a_sat1/Blq_BFIII_1/U329/Y (INVX2)         0.03      0.04       0.48 r
  u_topfft_sat0_a_sat1/Blq_BFIII_1/n249 (net)     5                 0.00       0.48 r
  u_topfft_sat0_a_sat1/Blq_BFIII_1/U104/Y (NAND2X1)       0.02      0.02       0.50 f
  u_topfft_sat0_a_sat1/Blq_BFIII_1/n12 (net)     1                  0.00       0.50 f
  u_topfft_sat0_a_sat1/Blq_BFIII_1/U103/Y (NAND2X1)       0.05      0.04       0.54 r
  u_topfft_sat0_a_sat1/Blq_BFIII_1/n218 (net)     1                 0.00       0.54 r
  u_topfft_sat0_a_sat1/Blq_BFIII_1/U344/Y (XNOR2X1)       0.05      0.05       0.59 r
  u_topfft_sat0_a_sat1/Blq_BFIII_1/n432 (net)     1                 0.00       0.59 r
  u_topfft_sat0_a_sat1/Blq_BFIII_1/U525/Y (INVX4)         0.03      0.03       0.62 f
  u_topfft_sat0_a_sat1/Blq_BFIII_1/BlqOut_up[13] (net)     7        0.00       0.62 f
  u_topfft_sat0_a_sat1/Blq_BFIII_1/BlqOut_up[13] (Blq_ND08_ND18_Nbits15_0)     0.00     0.62 f
  u_topfft_sat0_a_sat1/blqIII_1_a_m_up[13] (net)                    0.00       0.62 f
  u_topfft_sat0_a_sat1/U1391/Y (XNOR2X1)                  0.05      0.04       0.67 r
  u_topfft_sat0_a_sat1/n7863 (net)              2                   0.00       0.67 r
  u_topfft_sat0_a_sat1/U2902/Y (NAND2X1)                  0.02      0.02       0.69 f
  u_topfft_sat0_a_sat1/n655 (net)               1                   0.00       0.69 f
  u_topfft_sat0_a_sat1/U2901/Y (OAI21X1)                  0.07      0.05       0.74 r
  u_topfft_sat0_a_sat1/n20073 (net)             1                   0.00       0.74 r
  u_topfft_sat0_a_sat1/U19464/YC (FAX1)                   0.07      0.09       0.83 r
  u_topfft_sat0_a_sat1/n20104 (net)             1                   0.00       0.83 r
  u_topfft_sat0_a_sat1/U19474/YS (FAX1)                   0.04      0.10       0.93 r
  u_topfft_sat0_a_sat1/n20125 (net)             2                   0.00       0.93 r
  u_topfft_sat0_a_sat1/U8779/Y (OAI21X1)                  0.01      0.02       0.95 f
  u_topfft_sat0_a_sat1/n4428 (net)              1                   0.00       0.95 f
  u_topfft_sat0_a_sat1/U2235/Y (NAND2X1)                  0.06      0.03       0.98 r
  u_topfft_sat0_a_sat1/n2664 (net)              1                   0.00       0.98 r
  u_topfft_sat0_a_sat1/U19484/YS (FAX1)                   0.02      0.09       1.07 f
  u_topfft_sat0_a_sat1/n20163 (net)             1                   0.00       1.07 f
  u_topfft_sat0_a_sat1/U19489/YS (FAX1)                   0.03      0.08       1.15 r
  u_topfft_sat0_a_sat1/n20201 (net)             2                   0.00       1.15 r
  u_topfft_sat0_a_sat1/U9618/Y (OR2X2)                    0.02      0.04       1.19 r
  u_topfft_sat0_a_sat1/n20447 (net)             3                   0.00       1.19 r
  u_topfft_sat0_a_sat1/U2900/Y (NAND2X1)                  0.02      0.02       1.21 f
  u_topfft_sat0_a_sat1/n1398 (net)              1                   0.00       1.21 f
  u_topfft_sat0_a_sat1/U1041/Y (NAND2X1)                  0.04      0.02       1.23 r
  u_topfft_sat0_a_sat1/n2561 (net)              2                   0.00       1.23 r
  u_topfft_sat0_a_sat1/U1534/Y (INVX1)                    0.01      0.02       1.25 f
  u_topfft_sat0_a_sat1/n5275 (net)              1                   0.00       1.25 f
  u_topfft_sat0_a_sat1/U4282/Y (INVX1)                    0.00      0.01       1.26 r
  u_topfft_sat0_a_sat1/n2562 (net)              2                   0.00       1.26 r
  u_topfft_sat0_a_sat1/U9191/Y (INVX1)                    0.01      0.01       1.27 f
  u_topfft_sat0_a_sat1/n20444 (net)             1                   0.00       1.27 f
  u_topfft_sat0_a_sat1/U1439/Y (OAI21X1)                  0.05      0.03       1.30 r
  u_topfft_sat0_a_sat1/n259 (net)               1                   0.00       1.30 r
  u_topfft_sat0_a_sat1/U1438/Y (XNOR2X1)                  0.04      0.04       1.34 r
  u_topfft_sat0_a_sat1/m_a_blqIV_1_up[45] (net)     2               0.00       1.34 r
  u_topfft_sat0_a_sat1/Blq_BFIV_1/BlqIn_up[45] (Blq_ND04_ND14_Nbits28_0)     0.00     1.34 r
  u_topfft_sat0_a_sat1/Blq_BFIV_1/BlqIn_up[45] (net)                0.00       1.34 r
  u_topfft_sat0_a_sat1/Blq_BFIV_1/U191/Y (INVX1)          0.01      0.02       1.37 f
  u_topfft_sat0_a_sat1/Blq_BFIV_1/n34 (net)     1                   0.00       1.37 f
  u_topfft_sat0_a_sat1/Blq_BFIV_1/U192/Y (NOR2X1)         0.02      0.03       1.40 r
  u_topfft_sat0_a_sat1/Blq_BFIV_1/n1106 (net)     1                 0.00       1.40 r
  u_topfft_sat0_a_sat1/Blq_BFIV_1/U350/Y (NOR2X1)         0.00      0.01       1.41 f
  u_topfft_sat0_a_sat1/Blq_BFIV_1/n1221 (net)     1                 0.00       1.41 f
  u_topfft_sat0_a_sat1/Blq_BFIV_1/U426/Y (INVX1)          0.00      0.00       1.41 r
  u_topfft_sat0_a_sat1/Blq_BFIV_1/n251 (net)     2                  0.00       1.41 r
  u_topfft_sat0_a_sat1/Blq_BFIV_1/U348/Y (NAND2X1)        0.03      0.02       1.43 f
  u_topfft_sat0_a_sat1/Blq_BFIV_1/n304 (net)     2                  0.00       1.43 f
  u_topfft_sat0_a_sat1/Blq_BFIV_1/U803/Y (AND2X2)         0.00      0.04       1.47 f
  u_topfft_sat0_a_sat1/Blq_BFIV_1/n946 (net)     1                  0.00       1.47 f
  u_topfft_sat0_a_sat1/Blq_BFIV_1/U204/Y (NAND2X1)        0.04      0.02       1.48 r
  u_topfft_sat0_a_sat1/Blq_BFIV_1/n150 (net)     2                  0.00       1.48 r
  u_topfft_sat0_a_sat1/Blq_BFIV_1/U202/Y (NAND2X1)        0.02      0.02       1.51 f
  u_topfft_sat0_a_sat1/Blq_BFIV_1/n38 (net)     1                   0.00       1.51 f
  u_topfft_sat0_a_sat1/Blq_BFIV_1/U201/Y (AOI21X1)        0.03      0.04       1.54 r
  u_topfft_sat0_a_sat1/Blq_BFIV_1/n671 (net)     1                  0.00       1.54 r
  u_topfft_sat0_a_sat1/Blq_BFIV_1/U343/Y (NAND2X1)        0.04      0.03       1.57 f
  u_topfft_sat0_a_sat1/Blq_BFIV_1/n411 (net)     4                  0.00       1.57 f
  u_topfft_sat0_a_sat1/Blq_BFIV_1/U242/Y (AOI21X1)        0.04      0.05       1.62 r
  u_topfft_sat0_a_sat1/Blq_BFIV_1/n616 (net)     1                  0.00       1.62 r
  u_topfft_sat0_a_sat1/Blq_BFIV_1/U354/Y (XOR2X1)         0.03      0.04       1.66 f
  u_topfft_sat0_a_sat1/Blq_BFIV_1/BlqOut_down_52_ (net)     1       0.00       1.66 f
  u_topfft_sat0_a_sat1/Blq_BFIV_1/BlqOut_down_52_ (Blq_ND04_ND14_Nbits28_0)     0.00     1.66 f
  u_topfft_sat0_a_sat1/blqIV_a_m_1_down[52] (net)                   0.00       1.66 f
  u_topfft_sat0_a_sat1/U9167/Y (INVX4)                    0.06      0.05       1.71 r
  u_topfft_sat0_a_sat1/n25739 (net)             8                   0.00       1.71 r
  u_topfft_sat0_a_sat1/U9309/Y (XOR2X1)                   0.02      0.04       1.75 f
  u_topfft_sat0_a_sat1/n12721 (net)             2                   0.00       1.75 f
  u_topfft_sat0_a_sat1/U3425/Y (AND2X2)                   0.03      0.04       1.79 f
  u_topfft_sat0_a_sat1/n5256 (net)              1                   0.00       1.79 f
  u_topfft_sat0_a_sat1/U3426/Y (INVX1)                    0.00      0.00       1.79 r
  u_topfft_sat0_a_sat1/n1151 (net)              1                   0.00       1.79 r
  u_topfft_sat0_a_sat1/U4380/Y (AND2X2)                   0.01      0.03       1.83 r
  u_topfft_sat0_a_sat1/n7463 (net)              2                   0.00       1.83 r
  u_topfft_sat0_a_sat1/U4381/Y (INVX1)                    0.02      0.02       1.85 f
  u_topfft_sat0_a_sat1/n2775 (net)              2                   0.00       1.85 f
  u_topfft_sat0_a_sat1/U9688/Y (OR2X2)                    0.01      0.04       1.89 f
  u_topfft_sat0_a_sat1/n5356 (net)              1                   0.00       1.89 f
  u_topfft_sat0_a_sat1/U9687/Y (AOI21X1)                  0.02      0.03       1.91 r
  u_topfft_sat0_a_sat1/n5355 (net)              1                   0.00       1.91 r
  u_topfft_sat0_a_sat1/U5188/Y (INVX1)                    0.01      0.02       1.94 f
  u_topfft_sat0_a_sat1/n3730 (net)              2                   0.00       1.94 f
  u_topfft_sat0_a_sat1/U5189/Y (INVX1)                    0.00      0.01       1.95 r
  u_topfft_sat0_a_sat1/n3731 (net)              1                   0.00       1.95 r
  u_topfft_sat0_a_sat1/U9686/Y (XNOR2X1)                  0.05      0.06       2.01 r
  u_topfft_sat0_a_sat1/n5354 (net)              1                   0.00       2.01 r
  u_topfft_sat0_a_sat1/U1379/Y (XOR2X1)                   0.07      0.06       2.06 r
  u_topfft_sat0_a_sat1/n14526 (net)             2                   0.00       2.06 r
  u_topfft_sat0_a_sat1/U8957/Y (OAI21X1)                  0.01      0.03       2.09 f
  u_topfft_sat0_a_sat1/n4584 (net)              1                   0.00       2.09 f
  u_topfft_sat0_a_sat1/U2195/Y (NAND2X1)                  0.06      0.03       2.12 r
  u_topfft_sat0_a_sat1/n2663 (net)              1                   0.00       2.12 r
  u_topfft_sat0_a_sat1/U17434/YS (FAX1)                   0.02      0.09       2.22 f
  u_topfft_sat0_a_sat1/n14638 (net)             2                   0.00       2.22 f
  u_topfft_sat0_a_sat1/U2192/Y (XNOR2X1)                  0.05      0.06       2.27 r
  u_topfft_sat0_a_sat1/n12546 (net)             2                   0.00       2.27 r
  u_topfft_sat0_a_sat1/U2191/Y (OR2X2)                    0.02      0.05       2.32 r
  u_topfft_sat0_a_sat1/n6196 (net)              3                   0.00       2.32 r
  u_topfft_sat0_a_sat1/U939/Y (NAND2X1)                   0.03      0.02       2.34 f
  u_topfft_sat0_a_sat1/n5020 (net)              2                   0.00       2.34 f
  u_topfft_sat0_a_sat1/U938/Y (OAI21X1)                   0.04      0.04       2.38 r
  u_topfft_sat0_a_sat1/n636 (net)               1                   0.00       2.38 r
  u_topfft_sat0_a_sat1/U2803/Y (INVX1)                    0.01      0.02       2.40 f
  u_topfft_sat0_a_sat1/n1532 (net)              1                   0.00       2.40 f
  u_topfft_sat0_a_sat1/U877/Y (OAI21X1)                   0.06      0.03       2.43 r
  u_topfft_sat0_a_sat1/n5781 (net)              2                   0.00       2.43 r
  u_topfft_sat0_a_sat1/U6159/Y (BUFX4)                    0.03      0.03       2.47 r
  u_topfft_sat0_a_sat1/n4220 (net)              8                   0.00       2.47 r
  u_topfft_sat0_a_sat1/U1835/Y (AOI21X1)                  0.02      0.03       2.50 f
  u_topfft_sat0_a_sat1/n380 (net)               1                   0.00       2.50 f
  u_topfft_sat0_a_sat1/U1834/Y (XNOR2X1)                  0.02      0.03       2.53 f
  u_topfft_sat0_a_sat1/n12851 (net)             2                   0.00       2.53 f
  u_topfft_sat0_a_sat1/U2055/Y (NAND3X1)                  0.04      0.04       2.57 r
  u_topfft_sat0_a_sat1/n4858 (net)              1                   0.00       2.57 r
  u_topfft_sat0_a_sat1/U2908/Y (NOR2X1)                   0.00      0.02       2.59 f
  u_topfft_sat0_a_sat1/n2089 (net)              1                   0.00       2.59 f
  u_topfft_sat0_a_sat1/U2606/Y (NAND3X1)                  0.05      0.03       2.63 r
  u_topfft_sat0_a_sat1/n2253 (net)              2                   0.00       2.63 r
  u_topfft_sat0_a_sat1/U2740/Y (NOR2X1)                   0.03      0.04       2.66 f
  u_topfft_sat0_a_sat1/n2893 (net)              1                   0.00       2.66 f
  u_topfft_sat0_a_sat1/U4472/Y (INVX8)                    0.02      0.03       2.69 r
  u_topfft_sat0_a_sat1/n2895 (net)             18                   0.00       2.69 r
  u_topfft_sat0_a_sat1/U17482/Y (OAI21X1)                 0.00      0.01       2.71 f
  u_topfft_sat0_a_sat1/N118 (net)               1                   0.00       2.71 f
  u_topfft_sat0_a_sat1/fftOut1_down_reg_0_/D (DFFPOSX1)     0.00     0.00      2.71 f
  data arrival time                                                            2.71

  clock CLK (rise edge)                                             2.00       2.00
  clock network delay (ideal)                                       0.00       2.00
  u_topfft_sat0_a_sat1/fftOut1_down_reg_0_/CLK (DFFPOSX1)           0.00       2.00 r
  library setup time                                               -0.05       1.95
  data required time                                                           1.95
  ---------------------------------------------------------------------------------------------------------
  data required time                                                           1.95
  data arrival time                                                           -2.71
  ---------------------------------------------------------------------------------------------------------
  slack (VIOLATED)                                                            -0.76


1
