INFO: [VRFC 10-2263] Analyzing Verilog file "C:/fft-parallel4/verilog/pruebaPF/pruebaPF.srcs/sources_1/new/fixtop_sat.v" into library xil_defaultlib
INFO: [VRFC 10-311] analyzing module fixtop_sat
INFO: [VRFC 10-2263] Analyzing Verilog file "C:/fft-parallel4/verilog/pruebaPF/pruebaPF.srcs/sources_1/new/sat.v" into library xil_defaultlib
INFO: [VRFC 10-311] analyzing module sat
INFO: [VRFC 10-2263] Analyzing Verilog file "C:/fft-parallel4/verilog/pruebaPF/pruebaPF.srcs/sim_1/new/tb_fixtop_sat.v" into library xil_defaultlib
INFO: [VRFC 10-311] analyzing module tb_fixtop_sat
WARNING: [VRFC 10-986] literal value truncated to fit in 8 bits [C:/fft-parallel4/verilog/pruebaPF/pruebaPF.srcs/sim_1/new/tb_fixtop_sat.v:53]
WARNING: [VRFC 10-986] literal value truncated to fit in 8 bits [C:/fft-parallel4/verilog/pruebaPF/pruebaPF.srcs/sim_1/new/tb_fixtop_sat.v:54]
WARNING: [VRFC 10-986] literal value truncated to fit in 8 bits [C:/fft-parallel4/verilog/pruebaPF/pruebaPF.srcs/sim_1/new/tb_fixtop_sat.v:55]
WARNING: [VRFC 10-986] literal value truncated to fit in 8 bits [C:/fft-parallel4/verilog/pruebaPF/pruebaPF.srcs/sim_1/new/tb_fixtop_sat.v:56]
WARNING: [VRFC 10-986] literal value truncated to fit in 8 bits [C:/fft-parallel4/verilog/pruebaPF/pruebaPF.srcs/sim_1/new/tb_fixtop_sat.v:57]
WARNING: [VRFC 10-986] literal value truncated to fit in 8 bits [C:/fft-parallel4/verilog/pruebaPF/pruebaPF.srcs/sim_1/new/tb_fixtop_sat.v:58]
WARNING: [VRFC 10-986] literal value truncated to fit in 8 bits [C:/fft-parallel4/verilog/pruebaPF/pruebaPF.srcs/sim_1/new/tb_fixtop_sat.v:59]
WARNING: [VRFC 10-986] literal value truncated to fit in 8 bits [C:/fft-parallel4/verilog/pruebaPF/pruebaPF.srcs/sim_1/new/tb_fixtop_sat.v:60]
WARNING: [VRFC 10-986] literal value truncated to fit in 8 bits [C:/fft-parallel4/verilog/pruebaPF/pruebaPF.srcs/sim_1/new/tb_fixtop_sat.v:61]
WARNING: [VRFC 10-986] literal value truncated to fit in 8 bits [C:/fft-parallel4/verilog/pruebaPF/pruebaPF.srcs/sim_1/new/tb_fixtop_sat.v:64]
WARNING: [VRFC 10-986] literal value truncated to fit in 8 bits [C:/fft-parallel4/verilog/pruebaPF/pruebaPF.srcs/sim_1/new/tb_fixtop_sat.v:65]
WARNING: [VRFC 10-986] literal value truncated to fit in 8 bits [C:/fft-parallel4/verilog/pruebaPF/pruebaPF.srcs/sim_1/new/tb_fixtop_sat.v:66]
WARNING: [VRFC 10-986] literal value truncated to fit in 8 bits [C:/fft-parallel4/verilog/pruebaPF/pruebaPF.srcs/sim_1/new/tb_fixtop_sat.v:67]
WARNING: [VRFC 10-986] literal value truncated to fit in 8 bits [C:/fft-parallel4/verilog/pruebaPF/pruebaPF.srcs/sim_1/new/tb_fixtop_sat.v:68]
WARNING: [VRFC 10-986] literal value truncated to fit in 8 bits [C:/fft-parallel4/verilog/pruebaPF/pruebaPF.srcs/sim_1/new/tb_fixtop_sat.v:69]
WARNING: [VRFC 10-986] literal value truncated to fit in 8 bits [C:/fft-parallel4/verilog/pruebaPF/pruebaPF.srcs/sim_1/new/tb_fixtop_sat.v:70]
WARNING: [VRFC 10-986] literal value truncated to fit in 8 bits [C:/fft-parallel4/verilog/pruebaPF/pruebaPF.srcs/sim_1/new/tb_fixtop_sat.v:71]
WARNING: [VRFC 10-986] literal value truncated to fit in 8 bits [C:/fft-parallel4/verilog/pruebaPF/pruebaPF.srcs/sim_1/new/tb_fixtop_sat.v:72]
