#-----------------------------------------------------------
# Vivado v2019.1.1 (64-bit)
# SW Build 2552052 on Fri May 24 14:49:42 MDT 2019
# IP Build 2579722 on Sat Jun 29 11:35:40 MDT 2019
# Start of session at: Thu Jul 25 17:42:45 2019
# Process ID: 372
# Current directory: C:/fft/d
# Command line: vivado.exe -gui_launcher_event rodinguilauncherevent8432 C:\fft\d\d.xpr
# Log file: C:/fft/d/vivado.log
# Journal file: C:/fft/d\vivado.jou
#-----------------------------------------------------------
start_gui
open_project C:/fft/d/d.xpr
Scanning sources...
Finished scanning sources
INFO: [IP_Flow 19-234] Refreshing IP repositories
INFO: [IP_Flow 19-1704] No user IP repositories specified
INFO: [IP_Flow 19-2313] Loaded Vivado IP repository 'C:/Xilinx/Vivado/2019.1/data/ip'.
update_compile_order -fileset sources_1
exit
INFO: [Common 17-206] Exiting Vivado at Thu Jul 25 17:43:11 2019...
_compile_order -fileset sources_1
launch_runs synth_1 -jobs 4
[Thu Jul 25 17:43:14 2019] Launched synth_1...
Run output will be captured here: C:/fft/d/d.runs/synth_1/runme.log
synth_design -rtl -name rtl_1
Command: synth_design -rtl -name rtl_1
Starting synth_design
Using part: xc7k70tfbv676-1
Top: topD
INFO: [Device 21-403] Loading part xc7k70tfbv676-1
---------------------------------------------------------------------------------
Starting RTL Elaboration : Time (s): cpu = 00:00:03 ; elapsed = 00:00:03 . Memory (MB): peak = 1125.758 ; gain = 149.105
---------------------------------------------------------------------------------
INFO: [Synth 8-6157] synthesizing module 'topD' [C:/fft/d/d.srcs/sources_1/new/topD.v:24]
	Parameter Nbits bound to: 2 - type: integer 
	Parameter cant bound to: 2 - type: integer 
INFO: [Synth 8-6157] synthesizing module 'D_reg' [C:/fft/d/d.srcs/sources_1/new/D_reg.v:24]
	Parameter Nbits bound to: 2 - type: integer 
INFO: [Synth 8-6155] done synthesizing module 'D_reg' (1#1) [C:/fft/d/d.srcs/sources_1/new/D_reg.v:24]
WARNING: [Synth 8-3848] Net Q in module/entity topD does not have driver. [C:/fft/d/d.srcs/sources_1/new/topD.v:34]
INFO: [Synth 8-6155] done synthesizing module 'topD' (2#1) [C:/fft/d/d.srcs/sources_1/new/topD.v:24]
WARNING: [Synth 8-3331] design D_reg has unconnected port D[2]
WARNING: [Synth 8-3331] design D_reg has unconnected port D[3]
---------------------------------------------------------------------------------
Finished RTL Elaboration : Time (s): cpu = 00:00:05 ; elapsed = 00:00:04 . Memory (MB): peak = 1214.629 ; gain = 237.977
---------------------------------------------------------------------------------

Report Check Netlist: 
+------+------------------+-------+---------+-------+------------------+
|      |Item              |Errors |Warnings |Status |Description       |
+------+------------------+-------+---------+-------+------------------+
|1     |multi_driven_nets |      0|        0|Passed |Multi driven nets |
+------+------------------+-------+---------+-------+------------------+
---------------------------------------------------------------------------------
Start Handling Custom Attributes
---------------------------------------------------------------------------------
---------------------------------------------------------------------------------
Finished Handling Custom Attributes : Time (s): cpu = 00:00:05 ; elapsed = 00:00:04 . Memory (MB): peak = 1214.629 ; gain = 237.977
---------------------------------------------------------------------------------
---------------------------------------------------------------------------------
Finished RTL Optimization Phase 1 : Time (s): cpu = 00:00:05 ; elapsed = 00:00:04 . Memory (MB): peak = 1214.629 ; gain = 237.977
---------------------------------------------------------------------------------
INFO: [Project 1-570] Preparing netlist for logic optimization

Processing XDC Constraints
Initializing timing engine
Completed Processing XDC Constraints

INFO: [Opt 31-138] Pushed 0 inverter(s) to 0 load pin(s).
Netlist sorting complete. Time (s): cpu = 00:00:00 ; elapsed = 00:00:00 . Memory (MB): peak = 1292.086 ; gain = 0.000
INFO: [Project 1-111] Unisim Transformation Summary:
No Unisim elements were transformed.

RTL Elaboration Complete:  : Time (s): cpu = 00:00:16 ; elapsed = 00:00:08 . Memory (MB): peak = 1321.457 ; gain = 344.805
8 Infos, 3 Warnings, 0 Critical Warnings and 0 Errors encountered.
synth_design completed successfully
synth_design: Time (s): cpu = 00:00:21 ; elapsed = 00:00:14 . Memory (MB): peak = 1321.457 ; gain = 542.652
refresh_design
---------------------------------------------------------------------------------
Starting RTL Elaboration : Time (s): cpu = 00:00:03 ; elapsed = 00:00:03 . Memory (MB): peak = 1343.695 ; gain = 18.859
---------------------------------------------------------------------------------
INFO: [Synth 8-6157] synthesizing module 'topD' [C:/fft/d/d.srcs/sources_1/new/topD.v:24]
	Parameter Nbits bound to: 2 - type: integer 
	Parameter cant bound to: 2 - type: integer 
INFO: [Synth 8-6157] synthesizing module 'D_reg' [C:/fft/d/d.srcs/sources_1/new/D_reg.v:24]
	Parameter Nbits bound to: 2 - type: integer 
INFO: [Synth 8-6155] done synthesizing module 'D_reg' (1#1) [C:/fft/d/d.srcs/sources_1/new/D_reg.v:24]
WARNING: [Synth 8-3848] Net Q in module/entity topD does not have driver. [C:/fft/d/d.srcs/sources_1/new/topD.v:34]
INFO: [Synth 8-6155] done synthesizing module 'topD' (2#1) [C:/fft/d/d.srcs/sources_1/new/topD.v:24]
WARNING: [Synth 8-3331] design D_reg has unconnected port D[2]
WARNING: [Synth 8-3331] design D_reg has unconnected port D[3]
---------------------------------------------------------------------------------
Finished RTL Elaboration : Time (s): cpu = 00:00:04 ; elapsed = 00:00:04 . Memory (MB): peak = 1376.926 ; gain = 52.090
---------------------------------------------------------------------------------

Report Check Netlist: 
+------+------------------+-------+---------+-------+------------------+
|      |Item              |Errors |Warnings |Status |Description       |
+------+------------------+-------+---------+-------+------------------+
|1     |multi_driven_nets |      0|        0|Passed |Multi driven nets |
+------+------------------+-------+---------+-------+------------------+
---------------------------------------------------------------------------------
Start Handling Custom Attributes
---------------------------------------------------------------------------------
---------------------------------------------------------------------------------
Finished Handling Custom Attributes : Time (s): cpu = 00:00:04 ; elapsed = 00:00:04 . Memory (MB): peak = 1376.926 ; gain = 52.090
---------------------------------------------------------------------------------
---------------------------------------------------------------------------------
Finished RTL Optimization Phase 1 : Time (s): cpu = 00:00:04 ; elapsed = 00:00:04 . Memory (MB): peak = 1376.926 ; gain = 52.090
---------------------------------------------------------------------------------
INFO: [Project 1-570] Preparing netlist for logic optimization

Processing XDC Constraints
Initializing timing engine
Completed Processing XDC Constraints

INFO: [Opt 31-138] Pushed 0 inverter(s) to 0 load pin(s).
refresh_design: Time (s): cpu = 00:00:13 ; elapsed = 00:00:07 . Memory (MB): peak = 1376.926 ; gain = 52.090
refresh_design
---------------------------------------------------------------------------------
Starting RTL Elaboration : Time (s): cpu = 00:00:03 ; elapsed = 00:00:03 . Memory (MB): peak = 1453.387 ; gain = 14.422
---------------------------------------------------------------------------------
INFO: [Synth 8-6157] synthesizing module 'topD' [C:/fft/d/d.srcs/sources_1/new/topD.v:24]
	Parameter Nbits bound to: 2 - type: integer 
	Parameter cant bound to: 2 - type: integer 
INFO: [Synth 8-6157] synthesizing module 'D_reg' [C:/fft/d/d.srcs/sources_1/new/D_reg.v:24]
	Parameter Nbits bound to: 2 - type: integer 
INFO: [Synth 8-6155] done synthesizing module 'D_reg' (1#1) [C:/fft/d/d.srcs/sources_1/new/D_reg.v:24]
WARNING: [Synth 8-3848] Net Q in module/entity topD does not have driver. [C:/fft/d/d.srcs/sources_1/new/topD.v:34]
INFO: [Synth 8-6155] done synthesizing module 'topD' (2#1) [C:/fft/d/d.srcs/sources_1/new/topD.v:24]
WARNING: [Synth 8-3331] design D_reg has unconnected port D[2]
WARNING: [Synth 8-3331] design D_reg has unconnected port D[3]
---------------------------------------------------------------------------------
Finished RTL Elaboration : Time (s): cpu = 00:00:04 ; elapsed = 00:00:04 . Memory (MB): peak = 1475.191 ; gain = 36.227
---------------------------------------------------------------------------------

Report Check Netlist: 
+------+------------------+-------+---------+-------+------------------+
|      |Item              |Errors |Warnings |Status |Description       |
+------+------------------+-------+---------+-------+------------------+
|1     |multi_driven_nets |      0|        0|Passed |Multi driven nets |
+------+------------------+-------+---------+-------+------------------+
---------------------------------------------------------------------------------
Start Handling Custom Attributes
---------------------------------------------------------------------------------
---------------------------------------------------------------------------------
Finished Handling Custom Attributes : Time (s): cpu = 00:00:04 ; elapsed = 00:00:04 . Memory (MB): peak = 1475.191 ; gain = 36.227
---------------------------------------------------------------------------------
---------------------------------------------------------------------------------
Finished RTL Optimization Phase 1 : Time (s): cpu = 00:00:04 ; elapsed = 00:00:04 . Memory (MB): peak = 1475.191 ; gain = 36.227
---------------------------------------------------------------------------------
INFO: [Project 1-570] Preparing netlist for logic optimization

Processing XDC Constraints
Initializing timing engine
Completed Processing XDC Constraints

INFO: [Opt 31-138] Pushed 0 inverter(s) to 0 load pin(s).
refresh_design: Time (s): cpu = 00:00:09 ; elapsed = 00:00:08 . Memory (MB): peak = 1475.191 ; gain = 36.227
refresh_design
---------------------------------------------------------------------------------
Starting RTL Elaboration : Time (s): cpu = 00:00:04 ; elapsed = 00:00:03 . Memory (MB): peak = 1507.406 ; gain = 12.324
---------------------------------------------------------------------------------
INFO: [Synth 8-6157] synthesizing module 'topD' [C:/fft/d/d.srcs/sources_1/new/topD.v:24]
	Parameter Nbits bound to: 2 - type: integer 
	Parameter cant bound to: 2 - type: integer 
INFO: [Synth 8-6157] synthesizing module 'D_reg' [C:/fft/d/d.srcs/sources_1/new/D_reg.v:24]
	Parameter Nbits bound to: 2 - type: integer 
INFO: [Synth 8-6155] done synthesizing module 'D_reg' (1#1) [C:/fft/d/d.srcs/sources_1/new/D_reg.v:24]
WARNING: [Synth 8-3848] Net Q in module/entity topD does not have driver. [C:/fft/d/d.srcs/sources_1/new/topD.v:34]
INFO: [Synth 8-6155] done synthesizing module 'topD' (2#1) [C:/fft/d/d.srcs/sources_1/new/topD.v:24]
WARNING: [Synth 8-3331] design D_reg has unconnected port D[2]
WARNING: [Synth 8-3331] design D_reg has unconnected port D[3]
---------------------------------------------------------------------------------
Finished RTL Elaboration : Time (s): cpu = 00:00:04 ; elapsed = 00:00:04 . Memory (MB): peak = 1525.684 ; gain = 30.602
---------------------------------------------------------------------------------

Report Check Netlist: 
+------+------------------+-------+---------+-------+------------------+
|      |Item              |Errors |Warnings |Status |Description       |
+------+------------------+-------+---------+-------+------------------+
|1     |multi_driven_nets |      0|        0|Passed |Multi driven nets |
+------+------------------+-------+---------+-------+------------------+
---------------------------------------------------------------------------------
Start Handling Custom Attributes
---------------------------------------------------------------------------------
---------------------------------------------------------------------------------
Finished Handling Custom Attributes : Time (s): cpu = 00:00:04 ; elapsed = 00:00:04 . Memory (MB): peak = 1536.754 ; gain = 41.672
---------------------------------------------------------------------------------
---------------------------------------------------------------------------------
Finished RTL Optimization Phase 1 : Time (s): cpu = 00:00:04 ; elapsed = 00:00:04 . Memory (MB): peak = 1536.754 ; gain = 41.672
---------------------------------------------------------------------------------
INFO: [Project 1-570] Preparing netlist for logic optimization

Processing XDC Constraints
Initializing timing engine
Completed Processing XDC Constraints

INFO: [Opt 31-138] Pushed 0 inverter(s) to 0 load pin(s).
refresh_design: Time (s): cpu = 00:00:10 ; elapsed = 00:00:07 . Memory (MB): peak = 1536.754 ; gain = 41.672
reset_run synth_1
launch_runs synth_1 -jobs 4
[Thu Jul 25 17:52:52 2019] Launched synth_1...
Run output will be captured here: C:/fft/d/d.runs/synth_1/runme.log
reset_run synth_1
launch_runs synth_1 -jobs 4
[Thu Jul 25 17:53:27 2019] Launched synth_1...
Run output will be captured here: C:/fft/d/d.runs/synth_1/runme.log
launch_runs impl_1 -jobs 4
[Thu Jul 25 17:53:53 2019] Launched impl_1...
Run output will be captured here: C:/fft/d/d.runs/impl_1/runme.log
refresh_design
---------------------------------------------------------------------------------
Starting RTL Elaboration : Time (s): cpu = 00:00:03 ; elapsed = 00:00:03 . Memory (MB): peak = 1536.754 ; gain = 0.000
---------------------------------------------------------------------------------
INFO: [Synth 8-6157] synthesizing module 'topD' [C:/fft/d/d.srcs/sources_1/new/topD.v:24]
	Parameter Nbits bound to: 2 - type: integer 
	Parameter cant bound to: 2 - type: integer 
INFO: [Synth 8-6157] synthesizing module 'D_reg' [C:/fft/d/d.srcs/sources_1/new/D_reg.v:24]
	Parameter Nbits bound to: 2 - type: integer 
INFO: [Synth 8-6155] done synthesizing module 'D_reg' (1#1) [C:/fft/d/d.srcs/sources_1/new/D_reg.v:24]
WARNING: [Synth 8-3848] Net Q in module/entity topD does not have driver. [C:/fft/d/d.srcs/sources_1/new/topD.v:34]
INFO: [Synth 8-6155] done synthesizing module 'topD' (2#1) [C:/fft/d/d.srcs/sources_1/new/topD.v:24]
WARNING: [Synth 8-3331] design D_reg has unconnected port D[2]
WARNING: [Synth 8-3331] design D_reg has unconnected port D[3]
---------------------------------------------------------------------------------
Finished RTL Elaboration : Time (s): cpu = 00:00:04 ; elapsed = 00:00:04 . Memory (MB): peak = 1536.754 ; gain = 0.000
---------------------------------------------------------------------------------

Report Check Netlist: 
+------+------------------+-------+---------+-------+------------------+
|      |Item              |Errors |Warnings |Status |Description       |
+------+------------------+-------+---------+-------+------------------+
|1     |multi_driven_nets |      0|        0|Passed |Multi driven nets |
+------+------------------+-------+---------+-------+------------------+
---------------------------------------------------------------------------------
Start Handling Custom Attributes
---------------------------------------------------------------------------------
---------------------------------------------------------------------------------
Finished Handling Custom Attributes : Time (s): cpu = 00:00:04 ; elapsed = 00:00:04 . Memory (MB): peak = 1536.754 ; gain = 0.000
---------------------------------------------------------------------------------
---------------------------------------------------------------------------------
Finished RTL Optimization Phase 1 : Time (s): cpu = 00:00:04 ; elapsed = 00:00:04 . Memory (MB): peak = 1536.754 ; gain = 0.000
---------------------------------------------------------------------------------
INFO: [Project 1-570] Preparing netlist for logic optimization

Processing XDC Constraints
Initializing timing engine
Completed Processing XDC Constraints

INFO: [Opt 31-138] Pushed 0 inverter(s) to 0 load pin(s).
refresh_design: Time (s): cpu = 00:00:10 ; elapsed = 00:00:08 . Memory (MB): peak = 1536.754 ; gain = 0.000
open_run synth_1 -name synth_1
Design is defaulting to impl run constrset: constrs_1
Design is defaulting to synth run part: xc7k70tfbv676-1
INFO: [Project 1-479] Netlist was created with Vivado 2019.1.1
INFO: [Project 1-570] Preparing netlist for logic optimization
INFO: [Opt 31-138] Pushed 0 inverter(s) to 0 load pin(s).
Netlist sorting complete. Time (s): cpu = 00:00:00 ; elapsed = 00:00:00 . Memory (MB): peak = 1551.801 ; gain = 0.000
INFO: [Project 1-111] Unisim Transformation Summary:
No Unisim elements were transformed.

current_design rtl_1
current_design synth_1
exit
INFO: [Common 17-206] Exiting Vivado at Thu Jul 25 17:55:46 2019...
