#-----------------------------------------------------------
# Vivado v2019.1.1 (64-bit)
# SW Build 2552052 on Fri May 24 14:49:42 MDT 2019
# IP Build 2579722 on Sat Jun 29 11:35:40 MDT 2019
# Start of session at: Thu Jul 25 15:13:56 2019
# Process ID: 7852
# Current directory: C:/fft/d
# Command line: vivado.exe -gui_launcher_event rodinguilauncherevent17308 C:\fft\d\d.xpr
# Log file: C:/fft/d/vivado.log
# Journal file: C:/fft/d\vivado.jou
#-----------------------------------------------------------
start_gui
open_project C:/fft/d/d.xpr
Scanning sources...
Finished scanning sources
INFO: [IP_Flow 19-234] Refreshing IP repositories
INFO: [IP_Flow 19-1704] No user IP repositories specified
INFO: [IP_Flow 19-2313] Loaded Vivado IP repository 'C:/Xilinx/Vivado/2019.1/data/ip'.
update_compile_order -fileset sources_1
close [ open C:/fft/d/d.srcs/sources_1/new/def.v w ]
add_files C:/fft/d/d.srcs/sources_1/new/def.v
update_compile_order -fileset sources_1
update_compile_order -fileset sources_1
update_compile_order -fileset sources_1
update_compile_order -fileset sources_1
export_ip_user_files -of_objects  [get_files C:/fft/d/d.srcs/sources_1/new/topD.v] -no_script -reset -force -quiet
remove_files  C:/fft/d/d.srcs/sources_1/new/topD.v
set_property top D_reg [current_fileset]
synth_design -rtl -name rtl_1
Command: synth_design -rtl -name rtl_1
Starting synth_design
Using part: xc7k70tfbv676-1
Top: D_reg
INFO: [Device 21-403] Loading part xc7k70tfbv676-1
---------------------------------------------------------------------------------
Starting RTL Elaboration : Time (s): cpu = 00:00:02 ; elapsed = 00:00:03 . Memory (MB): peak = 1150.133 ; gain = 176.488
---------------------------------------------------------------------------------
INFO: [Synth 8-6157] synthesizing module 'D_reg' [C:/fft/d/d.srcs/sources_1/new/D_reg.v:24]
	Parameter Nbits bound to: 8 - type: integer 
INFO: [Synth 8-6155] done synthesizing module 'D_reg' (1#1) [C:/fft/d/d.srcs/sources_1/new/D_reg.v:24]
WARNING: [Synth 8-3331] design D_reg has unconnected port D[8]
WARNING: [Synth 8-3331] design D_reg has unconnected port D[9]
WARNING: [Synth 8-3331] design D_reg has unconnected port D[10]
WARNING: [Synth 8-3331] design D_reg has unconnected port D[11]
WARNING: [Synth 8-3331] design D_reg has unconnected port D[12]
WARNING: [Synth 8-3331] design D_reg has unconnected port D[13]
WARNING: [Synth 8-3331] design D_reg has unconnected port D[14]
WARNING: [Synth 8-3331] design D_reg has unconnected port D[15]
---------------------------------------------------------------------------------
Finished RTL Elaboration : Time (s): cpu = 00:00:03 ; elapsed = 00:00:04 . Memory (MB): peak = 1213.656 ; gain = 240.012
---------------------------------------------------------------------------------

Report Check Netlist: 
+------+------------------+-------+---------+-------+------------------+
|      |Item              |Errors |Warnings |Status |Description       |
+------+------------------+-------+---------+-------+------------------+
|1     |multi_driven_nets |      0|        0|Passed |Multi driven nets |
+------+------------------+-------+---------+-------+------------------+
---------------------------------------------------------------------------------
Start Handling Custom Attributes
---------------------------------------------------------------------------------
---------------------------------------------------------------------------------
Finished Handling Custom Attributes : Time (s): cpu = 00:00:04 ; elapsed = 00:00:04 . Memory (MB): peak = 1213.656 ; gain = 240.012
---------------------------------------------------------------------------------
---------------------------------------------------------------------------------
Finished RTL Optimization Phase 1 : Time (s): cpu = 00:00:04 ; elapsed = 00:00:04 . Memory (MB): peak = 1213.656 ; gain = 240.012
---------------------------------------------------------------------------------
INFO: [Project 1-570] Preparing netlist for logic optimization

Processing XDC Constraints
Initializing timing engine
Completed Processing XDC Constraints

INFO: [Opt 31-138] Pushed 0 inverter(s) to 0 load pin(s).
Netlist sorting complete. Time (s): cpu = 00:00:00 ; elapsed = 00:00:00 . Memory (MB): peak = 1283.031 ; gain = 0.000
INFO: [Project 1-111] Unisim Transformation Summary:
No Unisim elements were transformed.

RTL Elaboration Complete:  : Time (s): cpu = 00:00:16 ; elapsed = 00:00:09 . Memory (MB): peak = 1347.824 ; gain = 374.180
6 Infos, 8 Warnings, 0 Critical Warnings and 0 Errors encountered.
synth_design completed successfully
synth_design: Time (s): cpu = 00:00:21 ; elapsed = 00:00:14 . Memory (MB): peak = 1347.824 ; gain = 578.715
refresh_design
---------------------------------------------------------------------------------
Starting RTL Elaboration : Time (s): cpu = 00:00:03 ; elapsed = 00:00:03 . Memory (MB): peak = 1384.383 ; gain = 36.559
---------------------------------------------------------------------------------
INFO: [Synth 8-6157] synthesizing module 'D_reg' [C:/fft/d/d.srcs/sources_1/new/D_reg.v:24]
	Parameter Nbits bound to: 8 - type: integer 
INFO: [Synth 8-6155] done synthesizing module 'D_reg' (1#1) [C:/fft/d/d.srcs/sources_1/new/D_reg.v:24]
WARNING: [Synth 8-3331] design D_reg has unconnected port D[8]
WARNING: [Synth 8-3331] design D_reg has unconnected port D[9]
WARNING: [Synth 8-3331] design D_reg has unconnected port D[10]
WARNING: [Synth 8-3331] design D_reg has unconnected port D[11]
WARNING: [Synth 8-3331] design D_reg has unconnected port D[12]
WARNING: [Synth 8-3331] design D_reg has unconnected port D[13]
WARNING: [Synth 8-3331] design D_reg has unconnected port D[14]
WARNING: [Synth 8-3331] design D_reg has unconnected port D[15]
---------------------------------------------------------------------------------
Finished RTL Elaboration : Time (s): cpu = 00:00:04 ; elapsed = 00:00:04 . Memory (MB): peak = 1411.152 ; gain = 63.328
---------------------------------------------------------------------------------

Report Check Netlist: 
+------+------------------+-------+---------+-------+------------------+
|      |Item              |Errors |Warnings |Status |Description       |
+------+------------------+-------+---------+-------+------------------+
|1     |multi_driven_nets |      0|        0|Passed |Multi driven nets |
+------+------------------+-------+---------+-------+------------------+
---------------------------------------------------------------------------------
Start Handling Custom Attributes
---------------------------------------------------------------------------------
---------------------------------------------------------------------------------
Finished Handling Custom Attributes : Time (s): cpu = 00:00:04 ; elapsed = 00:00:04 . Memory (MB): peak = 1434.020 ; gain = 86.195
---------------------------------------------------------------------------------
---------------------------------------------------------------------------------
Finished RTL Optimization Phase 1 : Time (s): cpu = 00:00:04 ; elapsed = 00:00:04 . Memory (MB): peak = 1434.020 ; gain = 86.195
---------------------------------------------------------------------------------
INFO: [Project 1-570] Preparing netlist for logic optimization

Processing XDC Constraints
Initializing timing engine
Completed Processing XDC Constraints

INFO: [Opt 31-138] Pushed 0 inverter(s) to 0 load pin(s).
refresh_design: Time (s): cpu = 00:00:12 ; elapsed = 00:00:09 . Memory (MB): peak = 1467.750 ; gain = 119.926
refresh_design
---------------------------------------------------------------------------------
Starting RTL Elaboration : Time (s): cpu = 00:00:04 ; elapsed = 00:00:03 . Memory (MB): peak = 1467.750 ; gain = 0.000
---------------------------------------------------------------------------------
INFO: [Synth 8-6157] synthesizing module 'D_reg' [C:/fft/d/d.srcs/sources_1/new/D_reg.v:24]
	Parameter Nbits bound to: 16 - type: integer 
INFO: [Synth 8-6155] done synthesizing module 'D_reg' (1#1) [C:/fft/d/d.srcs/sources_1/new/D_reg.v:24]
WARNING: [Synth 8-3331] design D_reg has unconnected port D[16]
WARNING: [Synth 8-3331] design D_reg has unconnected port D[17]
WARNING: [Synth 8-3331] design D_reg has unconnected port D[18]
WARNING: [Synth 8-3331] design D_reg has unconnected port D[19]
WARNING: [Synth 8-3331] design D_reg has unconnected port D[20]
WARNING: [Synth 8-3331] design D_reg has unconnected port D[21]
WARNING: [Synth 8-3331] design D_reg has unconnected port D[22]
WARNING: [Synth 8-3331] design D_reg has unconnected port D[23]
WARNING: [Synth 8-3331] design D_reg has unconnected port D[24]
WARNING: [Synth 8-3331] design D_reg has unconnected port D[25]
WARNING: [Synth 8-3331] design D_reg has unconnected port D[26]
WARNING: [Synth 8-3331] design D_reg has unconnected port D[27]
WARNING: [Synth 8-3331] design D_reg has unconnected port D[28]
WARNING: [Synth 8-3331] design D_reg has unconnected port D[29]
WARNING: [Synth 8-3331] design D_reg has unconnected port D[30]
WARNING: [Synth 8-3331] design D_reg has unconnected port D[31]
---------------------------------------------------------------------------------
Finished RTL Elaboration : Time (s): cpu = 00:00:04 ; elapsed = 00:00:04 . Memory (MB): peak = 1467.750 ; gain = 0.000
---------------------------------------------------------------------------------

Report Check Netlist: 
+------+------------------+-------+---------+-------+------------------+
|      |Item              |Errors |Warnings |Status |Description       |
+------+------------------+-------+---------+-------+------------------+
|1     |multi_driven_nets |      0|        0|Passed |Multi driven nets |
+------+------------------+-------+---------+-------+------------------+
---------------------------------------------------------------------------------
Start Handling Custom Attributes
---------------------------------------------------------------------------------
---------------------------------------------------------------------------------
Finished Handling Custom Attributes : Time (s): cpu = 00:00:04 ; elapsed = 00:00:04 . Memory (MB): peak = 1484.141 ; gain = 16.391
---------------------------------------------------------------------------------
---------------------------------------------------------------------------------
Finished RTL Optimization Phase 1 : Time (s): cpu = 00:00:04 ; elapsed = 00:00:04 . Memory (MB): peak = 1484.141 ; gain = 16.391
---------------------------------------------------------------------------------
INFO: [Project 1-570] Preparing netlist for logic optimization

Processing XDC Constraints
Initializing timing engine
Completed Processing XDC Constraints

INFO: [Opt 31-138] Pushed 0 inverter(s) to 0 load pin(s).
refresh_design: Time (s): cpu = 00:00:11 ; elapsed = 00:00:07 . Memory (MB): peak = 1484.141 ; gain = 16.391
close [ open C:/fft/d/d.srcs/sources_1/new/topD.v w ]
add_files C:/fft/d/d.srcs/sources_1/new/topD.v
update_compile_order -fileset sources_1
WARNING: [filemgmt 56-199] Attempt to get parsing info during refresh. "On-the-fly" syntax checking information may be incorrect. [C:/fft/d/d.srcs/sources_1/new/D_reg.v:]
WARNING: [filemgmt 56-199] Attempt to get parsing info during refresh. "On-the-fly" syntax checking information may be incorrect. [C:/fft/d/d.srcs/sources_1/new/topD.v:]
ERROR: [Common 17-180] Spawn failed: No error
WARNING: [filemgmt 56-199] Attempt to get parsing info during refresh. "On-the-fly" syntax checking information may be incorrect. [C:/fft/d/d.srcs/sources_1/new/D_reg.v:]
WARNING: [filemgmt 56-199] Attempt to get parsing info during refresh. "On-the-fly" syntax checking information may be incorrect. [C:/fft/d/d.srcs/sources_1/new/topD.v:]
ERROR: [Common 17-180] Spawn failed: No error
WARNING: [filemgmt 56-199] Attempt to get parsing info during refresh. "On-the-fly" syntax checking information may be incorrect. [C:/fft/d/d.srcs/sources_1/new/D_reg.v:]
WARNING: [filemgmt 56-199] Attempt to get parsing info during refresh. "On-the-fly" syntax checking information may be incorrect. [C:/fft/d/d.srcs/sources_1/new/topD.v:]
ERROR: [Common 17-180] Spawn failed: No error
WARNING: [filemgmt 56-199] Attempt to get parsing info during refresh. "On-the-fly" syntax checking information may be incorrect. [C:/fft/d/d.srcs/sources_1/new/D_reg.v:]
WARNING: [filemgmt 56-199] Attempt to get parsing info during refresh. "On-the-fly" syntax checking information may be incorrect. [C:/fft/d/d.srcs/sources_1/new/topD.v:]
ERROR: [Common 17-180] Spawn failed: No error
WARNING: [filemgmt 56-199] Attempt to get parsing info during refresh. "On-the-fly" syntax checking information may be incorrect. [C:/fft/d/d.srcs/sources_1/new/D_reg.v:]
WARNING: [filemgmt 56-199] Attempt to get parsing info during refresh. "On-the-fly" syntax checking information may be incorrect. [C:/fft/d/d.srcs/sources_1/new/topD.v:]
WARNING: [filemgmt 56-199] Attempt to get parsing info during refresh. "On-the-fly" syntax checking information may be incorrect. [C:/fft/d/d.srcs/sources_1/new/D_reg.v:]
WARNING: [filemgmt 56-199] Attempt to get parsing info during refresh. "On-the-fly" syntax checking information may be incorrect. [C:/fft/d/d.srcs/sources_1/new/topD.v:]
ERROR: [Common 17-180] Spawn failed: No error
WARNING: [filemgmt 56-199] Attempt to get parsing info during refresh. "On-the-fly" syntax checking information may be incorrect. [C:/fft/d/d.srcs/sources_1/new/D_reg.v:]
WARNING: [filemgmt 56-199] Attempt to get parsing info during refresh. "On-the-fly" syntax checking information may be incorrect. [C:/fft/d/d.srcs/sources_1/new/topD.v:]
WARNING: [filemgmt 56-199] Attempt to get parsing info during refresh. "On-the-fly" syntax checking information may be incorrect. [C:/fft/d/d.srcs/sources_1/new/D_reg.v:]
WARNING: [filemgmt 56-199] Attempt to get parsing info during refresh. "On-the-fly" syntax checking information may be incorrect. [C:/fft/d/d.srcs/sources_1/new/topD.v:]
ERROR: [Common 17-180] Spawn failed: No error
WARNING: [filemgmt 56-199] Attempt to get parsing info during refresh. "On-the-fly" syntax checking information may be incorrect. [C:/fft/d/d.srcs/sources_1/new/D_reg.v:]
WARNING: [filemgmt 56-199] Attempt to get parsing info during refresh. "On-the-fly" syntax checking information may be incorrect. [C:/fft/d/d.srcs/sources_1/new/topD.v:]
ERROR: [Common 17-180] Spawn failed: No error
WARNING: [filemgmt 56-199] Attempt to get parsing info during refresh. "On-the-fly" syntax checking information may be incorrect. [C:/fft/d/d.srcs/sources_1/new/D_reg.v:]
WARNING: [filemgmt 56-199] Attempt to get parsing info during refresh. "On-the-fly" syntax checking information may be incorrect. [C:/fft/d/d.srcs/sources_1/new/topD.v:]
ERROR: [Common 17-180] Spawn failed: No error
WARNING: [filemgmt 56-199] Attempt to get parsing info during refresh. "On-the-fly" syntax checking information may be incorrect. [C:/fft/d/d.srcs/sources_1/new/D_reg.v:]
WARNING: [filemgmt 56-199] Attempt to get parsing info during refresh. "On-the-fly" syntax checking information may be incorrect. [C:/fft/d/d.srcs/sources_1/new/topD.v:]
WARNING: [filemgmt 56-199] Attempt to get parsing info during refresh. "On-the-fly" syntax checking information may be incorrect. [C:/fft/d/d.srcs/sources_1/new/D_reg.v:]
WARNING: [filemgmt 56-199] Attempt to get parsing info during refresh. "On-the-fly" syntax checking information may be incorrect. [C:/fft/d/d.srcs/sources_1/new/topD.v:]
ERROR: [Common 17-180] Spawn failed: No error
WARNING: [filemgmt 56-199] Attempt to get parsing info during refresh. "On-the-fly" syntax checking information may be incorrect. [C:/fft/d/d.srcs/sources_1/new/D_reg.v:]
WARNING: [filemgmt 56-199] Attempt to get parsing info during refresh. "On-the-fly" syntax checking information may be incorrect. [C:/fft/d/d.srcs/sources_1/new/topD.v:]
WARNING: [filemgmt 56-199] Attempt to get parsing info during refresh. "On-the-fly" syntax checking information may be incorrect. [C:/fft/d/d.srcs/sources_1/new/D_reg.v:]
WARNING: [filemgmt 56-199] Attempt to get parsing info during refresh. "On-the-fly" syntax checking information may be incorrect. [C:/fft/d/d.srcs/sources_1/new/topD.v:]
ERROR: [Common 17-180] Spawn failed: No error
WARNING: [filemgmt 56-199] Attempt to get parsing info during refresh. "On-the-fly" syntax checking information may be incorrect. [C:/fft/d/d.srcs/sources_1/new/D_reg.v:]
WARNING: [filemgmt 56-199] Attempt to get parsing info during refresh. "On-the-fly" syntax checking information may be incorrect. [C:/fft/d/d.srcs/sources_1/new/topD.v:]
WARNING: [filemgmt 56-199] Attempt to get parsing info during refresh. "On-the-fly" syntax checking information may be incorrect. [C:/fft/d/d.srcs/sources_1/new/D_reg.v:]
WARNING: [filemgmt 56-199] Attempt to get parsing info during refresh. "On-the-fly" syntax checking information may be incorrect. [C:/fft/d/d.srcs/sources_1/new/topD.v:]
ERROR: [Common 17-180] Spawn failed: No error
WARNING: [filemgmt 56-199] Attempt to get parsing info during refresh. "On-the-fly" syntax checking information may be incorrect. [C:/fft/d/d.srcs/sources_1/new/D_reg.v:]
WARNING: [filemgmt 56-199] Attempt to get parsing info during refresh. "On-the-fly" syntax checking information may be incorrect. [C:/fft/d/d.srcs/sources_1/new/topD.v:]
WARNING: [filemgmt 56-199] Attempt to get parsing info during refresh. "On-the-fly" syntax checking information may be incorrect. [C:/fft/d/d.srcs/sources_1/new/D_reg.v:]
WARNING: [filemgmt 56-199] Attempt to get parsing info during refresh. "On-the-fly" syntax checking information may be incorrect. [C:/fft/d/d.srcs/sources_1/new/topD.v:]
ERROR: [Common 17-180] Spawn failed: No error
WARNING: [filemgmt 56-199] Attempt to get parsing info during refresh. "On-the-fly" syntax checking information may be incorrect. [C:/fft/d/d.srcs/sources_1/new/D_reg.v:]
WARNING: [filemgmt 56-199] Attempt to get parsing info during refresh. "On-the-fly" syntax checking information may be incorrect. [C:/fft/d/d.srcs/sources_1/new/topD.v:]
WARNING: [filemgmt 56-199] Attempt to get parsing info during refresh. "On-the-fly" syntax checking information may be incorrect. [C:/fft/d/d.srcs/sources_1/new/D_reg.v:]
WARNING: [filemgmt 56-199] Attempt to get parsing info during refresh. "On-the-fly" syntax checking information may be incorrect. [C:/fft/d/d.srcs/sources_1/new/topD.v:]
ERROR: [Common 17-180] Spawn failed: No error
WARNING: [filemgmt 56-199] Attempt to get parsing info during refresh. "On-the-fly" syntax checking information may be incorrect. [C:/fft/d/d.srcs/sources_1/new/D_reg.v:]
WARNING: [filemgmt 56-199] Attempt to get parsing info during refresh. "On-the-fly" syntax checking information may be incorrect. [C:/fft/d/d.srcs/sources_1/new/topD.v:]
WARNING: [filemgmt 56-199] Attempt to get parsing info during refresh. "On-the-fly" syntax checking information may be incorrect. [C:/fft/d/d.srcs/sources_1/new/D_reg.v:]
WARNING: [filemgmt 56-199] Attempt to get parsing info during refresh. "On-the-fly" syntax checking information may be incorrect. [C:/fft/d/d.srcs/sources_1/new/topD.v:]
ERROR: [Common 17-180] Spawn failed: No error
WARNING: [filemgmt 56-199] Attempt to get parsing info during refresh. "On-the-fly" syntax checking information may be incorrect. [C:/fft/d/d.srcs/sources_1/new/D_reg.v:]
WARNING: [filemgmt 56-199] Attempt to get parsing info during refresh. "On-the-fly" syntax checking information may be incorrect. [C:/fft/d/d.srcs/sources_1/new/topD.v:]
ERROR: [Common 17-180] Spawn failed: No error
WARNING: [filemgmt 56-199] Attempt to get parsing info during refresh. "On-the-fly" syntax checking information may be incorrect. [C:/fft/d/d.srcs/sources_1/new/D_reg.v:]
WARNING: [filemgmt 56-199] Attempt to get parsing info during refresh. "On-the-fly" syntax checking information may be incorrect. [C:/fft/d/d.srcs/sources_1/new/topD.v:]
ERROR: [Common 17-180] Spawn failed: No error
WARNING: [filemgmt 56-199] Attempt to get parsing info during refresh. "On-the-fly" syntax checking information may be incorrect. [C:/fft/d/d.srcs/sources_1/new/D_reg.v:]
WARNING: [filemgmt 56-199] Attempt to get parsing info during refresh. "On-the-fly" syntax checking information may be incorrect. [C:/fft/d/d.srcs/sources_1/new/topD.v:]
ERROR: [Common 17-180] Spawn failed: No error
WARNING: [filemgmt 56-199] Attempt to get parsing info during refresh. "On-the-fly" syntax checking information may be incorrect. [C:/fft/d/d.srcs/sources_1/new/D_reg.v:]
WARNING: [filemgmt 56-199] Attempt to get parsing info during refresh. "On-the-fly" syntax checking information may be incorrect. [C:/fft/d/d.srcs/sources_1/new/topD.v:]
ERROR: [Common 17-180] Spawn failed: No error
WARNING: [filemgmt 56-199] Attempt to get parsing info during refresh. "On-the-fly" syntax checking information may be incorrect. [C:/fft/d/d.srcs/sources_1/new/D_reg.v:]
WARNING: [filemgmt 56-199] Attempt to get parsing info during refresh. "On-the-fly" syntax checking information may be incorrect. [C:/fft/d/d.srcs/sources_1/new/topD.v:]
ERROR: [Common 17-180] Spawn failed: No error
WARNING: [filemgmt 56-199] Attempt to get parsing info during refresh. "On-the-fly" syntax checking information may be incorrect. [C:/fft/d/d.srcs/sources_1/new/D_reg.v:]
WARNING: [filemgmt 56-199] Attempt to get parsing info during refresh. "On-the-fly" syntax checking information may be incorrect. [C:/fft/d/d.srcs/sources_1/new/topD.v:]
ERROR: [Common 17-180] Spawn failed: No error
WARNING: [filemgmt 56-199] Attempt to get parsing info during refresh. "On-the-fly" syntax checking information may be incorrect. [C:/fft/d/d.srcs/sources_1/new/D_reg.v:]
WARNING: [filemgmt 56-199] Attempt to get parsing info during refresh. "On-the-fly" syntax checking information may be incorrect. [C:/fft/d/d.srcs/sources_1/new/topD.v:]
ERROR: [Common 17-180] Spawn failed: No error
WARNING: [filemgmt 56-199] Attempt to get parsing info during refresh. "On-the-fly" syntax checking information may be incorrect. [C:/fft/d/d.srcs/sources_1/new/D_reg.v:]
WARNING: [filemgmt 56-199] Attempt to get parsing info during refresh. "On-the-fly" syntax checking information may be incorrect. [C:/fft/d/d.srcs/sources_1/new/topD.v:]
ERROR: [Common 17-180] Spawn failed: No error
WARNING: [filemgmt 56-199] Attempt to get parsing info during refresh. "On-the-fly" syntax checking information may be incorrect. [C:/fft/d/d.srcs/sources_1/new/D_reg.v:]
WARNING: [filemgmt 56-199] Attempt to get parsing info during refresh. "On-the-fly" syntax checking information may be incorrect. [C:/fft/d/d.srcs/sources_1/new/topD.v:]
ERROR: [Common 17-180] Spawn failed: No error
WARNING: [filemgmt 56-199] Attempt to get parsing info during refresh. "On-the-fly" syntax checking information may be incorrect. [C:/fft/d/d.srcs/sources_1/new/D_reg.v:]
WARNING: [filemgmt 56-199] Attempt to get parsing info during refresh. "On-the-fly" syntax checking information may be incorrect. [C:/fft/d/d.srcs/sources_1/new/topD.v:]
ERROR: [Common 17-180] Spawn failed: No error
WARNING: [filemgmt 56-199] Attempt to get parsing info during refresh. "On-the-fly" syntax checking information may be incorrect. [C:/fft/d/d.srcs/sources_1/new/D_reg.v:]
WARNING: [filemgmt 56-199] Attempt to get parsing info during refresh. "On-the-fly" syntax checking information may be incorrect. [C:/fft/d/d.srcs/sources_1/new/topD.v:]
ERROR: [Common 17-180] Spawn failed: No error
WARNING: [filemgmt 56-199] Attempt to get parsing info during refresh. "On-the-fly" syntax checking information may be incorrect. [C:/fft/d/d.srcs/sources_1/new/D_reg.v:]
WARNING: [filemgmt 56-199] Attempt to get parsing info during refresh. "On-the-fly" syntax checking information may be incorrect. [C:/fft/d/d.srcs/sources_1/new/topD.v:]
ERROR: [Common 17-180] Spawn failed: No error
WARNING: [filemgmt 56-199] Attempt to get parsing info during refresh. "On-the-fly" syntax checking information may be incorrect. [C:/fft/d/d.srcs/sources_1/new/D_reg.v:]
WARNING: [filemgmt 56-199] Attempt to get parsing info during refresh. "On-the-fly" syntax checking information may be incorrect. [C:/fft/d/d.srcs/sources_1/new/topD.v:]
ERROR: [Common 17-180] Spawn failed: No error
WARNING: [filemgmt 56-199] Attempt to get parsing info during refresh. "On-the-fly" syntax checking information may be incorrect. [C:/fft/d/d.srcs/sources_1/new/D_reg.v:]
WARNING: [filemgmt 56-199] Attempt to get parsing info during refresh. "On-the-fly" syntax checking information may be incorrect. [C:/fft/d/d.srcs/sources_1/new/topD.v:]
ERROR: [Common 17-180] Spawn failed: No error
WARNING: [filemgmt 56-199] Attempt to get parsing info during refresh. "On-the-fly" syntax checking information may be incorrect. [C:/fft/d/d.srcs/sources_1/new/D_reg.v:]
WARNING: [filemgmt 56-199] Attempt to get parsing info during refresh. "On-the-fly" syntax checking information may be incorrect. [C:/fft/d/d.srcs/sources_1/new/topD.v:]
ERROR: [Common 17-180] Spawn failed: No error
WARNING: [filemgmt 56-199] Attempt to get parsing info during refresh. "On-the-fly" syntax checking information may be incorrect. [C:/fft/d/d.srcs/sources_1/new/D_reg.v:]
WARNING: [filemgmt 56-199] Attempt to get parsing info during refresh. "On-the-fly" syntax checking information may be incorrect. [C:/fft/d/d.srcs/sources_1/new/topD.v:]
ERROR: [Common 17-180] Spawn failed: No error
WARNING: [filemgmt 56-199] Attempt to get parsing info during refresh. "On-the-fly" syntax checking information may be incorrect. [C:/fft/d/d.srcs/sources_1/new/D_reg.v:]
WARNING: [filemgmt 56-199] Attempt to get parsing info during refresh. "On-the-fly" syntax checking information may be incorrect. [C:/fft/d/d.srcs/sources_1/new/topD.v:]
ERROR: [Common 17-180] Spawn failed: No error
WARNING: [filemgmt 56-199] Attempt to get parsing info during refresh. "On-the-fly" syntax checking information may be incorrect. [C:/fft/d/d.srcs/sources_1/new/D_reg.v:]
WARNING: [filemgmt 56-199] Attempt to get parsing info during refresh. "On-the-fly" syntax checking information may be incorrect. [C:/fft/d/d.srcs/sources_1/new/topD.v:]
ERROR: [Common 17-180] Spawn failed: No error
WARNING: [filemgmt 56-199] Attempt to get parsing info during refresh. "On-the-fly" syntax checking information may be incorrect. [C:/fft/d/d.srcs/sources_1/new/D_reg.v:]
WARNING: [filemgmt 56-199] Attempt to get parsing info during refresh. "On-the-fly" syntax checking information may be incorrect. [C:/fft/d/d.srcs/sources_1/new/topD.v:]
ERROR: [Common 17-180] Spawn failed: No error
refresh_design
---------------------------------------------------------------------------------
Starting RTL Elaboration : Time (s): cpu = 00:00:03 ; elapsed = 00:00:03 . Memory (MB): peak = 1549.832 ; gain = 3.191
---------------------------------------------------------------------------------
INFO: [Synth 8-6157] synthesizing module 'D_reg' [C:/fft/d/d.srcs/sources_1/new/D_reg.v:24]
	Parameter Nbits bound to: 16 - type: integer 
INFO: [Synth 8-6155] done synthesizing module 'D_reg' (1#1) [C:/fft/d/d.srcs/sources_1/new/D_reg.v:24]
WARNING: [Synth 8-3331] design D_reg has unconnected port D[16]
WARNING: [Synth 8-3331] design D_reg has unconnected port D[17]
WARNING: [Synth 8-3331] design D_reg has unconnected port D[18]
WARNING: [Synth 8-3331] design D_reg has unconnected port D[19]
WARNING: [Synth 8-3331] design D_reg has unconnected port D[20]
WARNING: [Synth 8-3331] design D_reg has unconnected port D[21]
WARNING: [Synth 8-3331] design D_reg has unconnected port D[22]
WARNING: [Synth 8-3331] design D_reg has unconnected port D[23]
WARNING: [Synth 8-3331] design D_reg has unconnected port D[24]
WARNING: [Synth 8-3331] design D_reg has unconnected port D[25]
WARNING: [Synth 8-3331] design D_reg has unconnected port D[26]
WARNING: [Synth 8-3331] design D_reg has unconnected port D[27]
WARNING: [Synth 8-3331] design D_reg has unconnected port D[28]
WARNING: [Synth 8-3331] design D_reg has unconnected port D[29]
WARNING: [Synth 8-3331] design D_reg has unconnected port D[30]
WARNING: [Synth 8-3331] design D_reg has unconnected port D[31]
---------------------------------------------------------------------------------
Finished RTL Elaboration : Time (s): cpu = 00:00:04 ; elapsed = 00:00:04 . Memory (MB): peak = 1549.832 ; gain = 3.191
---------------------------------------------------------------------------------

Report Check Netlist: 
+------+------------------+-------+---------+-------+------------------+
|      |Item              |Errors |Warnings |Status |Description       |
+------+------------------+-------+---------+-------+------------------+
|1     |multi_driven_nets |      0|        0|Passed |Multi driven nets |
+------+------------------+-------+---------+-------+------------------+
---------------------------------------------------------------------------------
Start Handling Custom Attributes
---------------------------------------------------------------------------------
---------------------------------------------------------------------------------
Finished Handling Custom Attributes : Time (s): cpu = 00:00:04 ; elapsed = 00:00:04 . Memory (MB): peak = 1568.910 ; gain = 22.270
---------------------------------------------------------------------------------
---------------------------------------------------------------------------------
Finished RTL Optimization Phase 1 : Time (s): cpu = 00:00:04 ; elapsed = 00:00:04 . Memory (MB): peak = 1568.910 ; gain = 22.270
---------------------------------------------------------------------------------
INFO: [Project 1-570] Preparing netlist for logic optimization

Processing XDC Constraints
Initializing timing engine
Completed Processing XDC Constraints

INFO: [Opt 31-138] Pushed 0 inverter(s) to 0 load pin(s).
refresh_design: Time (s): cpu = 00:00:10 ; elapsed = 00:00:08 . Memory (MB): peak = 1606.105 ; gain = 59.465
set_property top topD [current_fileset]
update_compile_order -fileset sources_1
WARNING: [filemgmt 56-199] Attempt to get parsing info during refresh. "On-the-fly" syntax checking information may be incorrect. [C:/fft/d/d.srcs/sources_1/new/D_reg.v:]
WARNING: [filemgmt 56-199] Attempt to get parsing info during refresh. "On-the-fly" syntax checking information may be incorrect. [C:/fft/d/d.srcs/sources_1/new/topD.v:]
ERROR: [Common 17-180] Spawn failed: No error
WARNING: [filemgmt 56-199] Attempt to get parsing info during refresh. "On-the-fly" syntax checking information may be incorrect. [C:/fft/d/d.srcs/sources_1/new/D_reg.v:]
WARNING: [filemgmt 56-199] Attempt to get parsing info during refresh. "On-the-fly" syntax checking information may be incorrect. [C:/fft/d/d.srcs/sources_1/new/topD.v:]
ERROR: [Common 17-180] Spawn failed: No error
WARNING: [filemgmt 56-199] Attempt to get parsing info during refresh. "On-the-fly" syntax checking information may be incorrect. [C:/fft/d/d.srcs/sources_1/new/D_reg.v:]
WARNING: [filemgmt 56-199] Attempt to get parsing info during refresh. "On-the-fly" syntax checking information may be incorrect. [C:/fft/d/d.srcs/sources_1/new/topD.v:]
WARNING: [filemgmt 56-199] Attempt to get parsing info during refresh. "On-the-fly" syntax checking information may be incorrect. [C:/fft/d/d.srcs/sources_1/new/D_reg.v:]
WARNING: [filemgmt 56-199] Attempt to get parsing info during refresh. "On-the-fly" syntax checking information may be incorrect. [C:/fft/d/d.srcs/sources_1/new/topD.v:]
ERROR: [Common 17-180] Spawn failed: No error
WARNING: [filemgmt 56-199] Attempt to get parsing info during refresh. "On-the-fly" syntax checking information may be incorrect. [C:/fft/d/d.srcs/sources_1/new/D_reg.v:]
WARNING: [filemgmt 56-199] Attempt to get parsing info during refresh. "On-the-fly" syntax checking information may be incorrect. [C:/fft/d/d.srcs/sources_1/new/topD.v:]
ERROR: [Common 17-180] Spawn failed: No error
WARNING: [filemgmt 56-199] Attempt to get parsing info during refresh. "On-the-fly" syntax checking information may be incorrect. [C:/fft/d/d.srcs/sources_1/new/D_reg.v:]
WARNING: [filemgmt 56-199] Attempt to get parsing info during refresh. "On-the-fly" syntax checking information may be incorrect. [C:/fft/d/d.srcs/sources_1/new/topD.v:]
ERROR: [Common 17-180] Spawn failed: No error
WARNING: [filemgmt 56-199] Attempt to get parsing info during refresh. "On-the-fly" syntax checking information may be incorrect. [C:/fft/d/d.srcs/sources_1/new/D_reg.v:]
WARNING: [filemgmt 56-199] Attempt to get parsing info during refresh. "On-the-fly" syntax checking information may be incorrect. [C:/fft/d/d.srcs/sources_1/new/topD.v:]
WARNING: [filemgmt 56-199] Attempt to get parsing info during refresh. "On-the-fly" syntax checking information may be incorrect. [C:/fft/d/d.srcs/sources_1/new/D_reg.v:]
WARNING: [filemgmt 56-199] Attempt to get parsing info during refresh. "On-the-fly" syntax checking information may be incorrect. [C:/fft/d/d.srcs/sources_1/new/topD.v:]
ERROR: [Common 17-180] Spawn failed: No error
WARNING: [filemgmt 56-199] Attempt to get parsing info during refresh. "On-the-fly" syntax checking information may be incorrect. [C:/fft/d/d.srcs/sources_1/new/D_reg.v:]
WARNING: [filemgmt 56-199] Attempt to get parsing info during refresh. "On-the-fly" syntax checking information may be incorrect. [C:/fft/d/d.srcs/sources_1/new/topD.v:]
WARNING: [filemgmt 56-199] Attempt to get parsing info during refresh. "On-the-fly" syntax checking information may be incorrect. [C:/fft/d/d.srcs/sources_1/new/D_reg.v:]
WARNING: [filemgmt 56-199] Attempt to get parsing info during refresh. "On-the-fly" syntax checking information may be incorrect. [C:/fft/d/d.srcs/sources_1/new/topD.v:]
ERROR: [Common 17-180] Spawn failed: No error
WARNING: [filemgmt 56-199] Attempt to get parsing info during refresh. "On-the-fly" syntax checking information may be incorrect. [C:/fft/d/d.srcs/sources_1/new/D_reg.v:]
WARNING: [filemgmt 56-199] Attempt to get parsing info during refresh. "On-the-fly" syntax checking information may be incorrect. [C:/fft/d/d.srcs/sources_1/new/topD.v:]
ERROR: [Common 17-180] Spawn failed: No error
refresh_design
WARNING: [Synth 8-1751] cannot index into non-array rst [C:/fft/d/d.srcs/sources_1/new/topD.v:46]
WARNING: [Synth 8-1751] cannot index into non-array clk [C:/fft/d/d.srcs/sources_1/new/topD.v:46]
---------------------------------------------------------------------------------
Starting RTL Elaboration : Time (s): cpu = 00:00:03 ; elapsed = 00:00:03 . Memory (MB): peak = 1728.102 ; gain = 27.793
---------------------------------------------------------------------------------
INFO: [Synth 8-6157] synthesizing module 'topD' [C:/fft/d/d.srcs/sources_1/new/topD.v:24]
	Parameter Nbits bound to: 16 - type: integer 
ERROR: [Synth 8-439] module 'D0' not found [C:/fft/d/d.srcs/sources_1/new/topD.v:46]
ERROR: [Synth 8-373] invalid index for scalar 'rst' [C:/fft/d/d.srcs/sources_1/new/topD.v:46]
ERROR: [Synth 8-373] invalid index for scalar 'clk' [C:/fft/d/d.srcs/sources_1/new/topD.v:46]
ERROR: [Synth 8-196] conditional expression could not be resolved to a constant [C:/fft/d/d.srcs/sources_1/new/topD.v:45]
ERROR: [Synth 8-6156] failed synthesizing module 'topD' [C:/fft/d/d.srcs/sources_1/new/topD.v:24]
---------------------------------------------------------------------------------
Finished RTL Elaboration : Time (s): cpu = 00:00:04 ; elapsed = 00:00:04 . Memory (MB): peak = 1729.336 ; gain = 29.027
---------------------------------------------------------------------------------
RTL Elaboration failed
ERROR: [Common 17-39] 'refresh_design' failed due to earlier errors.
WARNING: [filemgmt 56-199] Attempt to get parsing info during refresh. "On-the-fly" syntax checking information may be incorrect. [C:/fft/d/d.srcs/sources_1/new/D_reg.v:]
WARNING: [filemgmt 56-199] Attempt to get parsing info during refresh. "On-the-fly" syntax checking information may be incorrect. [C:/fft/d/d.srcs/sources_1/new/topD.v:]
ERROR: [Common 17-180] Spawn failed: No error
WARNING: [filemgmt 56-199] Attempt to get parsing info during refresh. "On-the-fly" syntax checking information may be incorrect. [C:/fft/d/d.srcs/sources_1/new/D_reg.v:]
WARNING: [filemgmt 56-199] Attempt to get parsing info during refresh. "On-the-fly" syntax checking information may be incorrect. [C:/fft/d/d.srcs/sources_1/new/topD.v:]
ERROR: [Common 17-180] Spawn failed: No error
WARNING: [filemgmt 56-199] Attempt to get parsing info during refresh. "On-the-fly" syntax checking information may be incorrect. [C:/fft/d/d.srcs/sources_1/new/D_reg.v:]
WARNING: [filemgmt 56-199] Attempt to get parsing info during refresh. "On-the-fly" syntax checking information may be incorrect. [C:/fft/d/d.srcs/sources_1/new/topD.v:]
ERROR: [Common 17-180] Spawn failed: No error
WARNING: [filemgmt 56-199] Attempt to get parsing info during refresh. "On-the-fly" syntax checking information may be incorrect. [C:/fft/d/d.srcs/sources_1/new/D_reg.v:]
WARNING: [filemgmt 56-199] Attempt to get parsing info during refresh. "On-the-fly" syntax checking information may be incorrect. [C:/fft/d/d.srcs/sources_1/new/topD.v:]
ERROR: [Common 17-180] Spawn failed: No error
refresh_design
---------------------------------------------------------------------------------
Starting RTL Elaboration : Time (s): cpu = 00:00:04 ; elapsed = 00:00:03 . Memory (MB): peak = 1748.961 ; gain = 19.625
---------------------------------------------------------------------------------
INFO: [Synth 8-6157] synthesizing module 'topD' [C:/fft/d/d.srcs/sources_1/new/topD.v:24]
	Parameter Nbits bound to: 16 - type: integer 
ERROR: [Synth 8-439] module 'D0' not found [C:/fft/d/d.srcs/sources_1/new/topD.v:46]
ERROR: [Synth 8-196] conditional expression could not be resolved to a constant [C:/fft/d/d.srcs/sources_1/new/topD.v:45]
ERROR: [Synth 8-6156] failed synthesizing module 'topD' [C:/fft/d/d.srcs/sources_1/new/topD.v:24]
---------------------------------------------------------------------------------
Finished RTL Elaboration : Time (s): cpu = 00:00:04 ; elapsed = 00:00:04 . Memory (MB): peak = 1748.961 ; gain = 19.625
---------------------------------------------------------------------------------
RTL Elaboration failed
ERROR: [Common 17-39] 'refresh_design' failed due to earlier errors.
WARNING: [filemgmt 56-199] Attempt to get parsing info during refresh. "On-the-fly" syntax checking information may be incorrect. [C:/fft/d/d.srcs/sources_1/new/D_reg.v:]
WARNING: [filemgmt 56-199] Attempt to get parsing info during refresh. "On-the-fly" syntax checking information may be incorrect. [C:/fft/d/d.srcs/sources_1/new/topD.v:]
ERROR: [Common 17-180] Spawn failed: No error
WARNING: [filemgmt 56-199] Attempt to get parsing info during refresh. "On-the-fly" syntax checking information may be incorrect. [C:/fft/d/d.srcs/sources_1/new/D_reg.v:]
WARNING: [filemgmt 56-199] Attempt to get parsing info during refresh. "On-the-fly" syntax checking information may be incorrect. [C:/fft/d/d.srcs/sources_1/new/topD.v:]
ERROR: [Common 17-180] Spawn failed: No error
WARNING: [filemgmt 56-199] Attempt to get parsing info during refresh. "On-the-fly" syntax checking information may be incorrect. [C:/fft/d/d.srcs/sources_1/new/D_reg.v:]
WARNING: [filemgmt 56-199] Attempt to get parsing info during refresh. "On-the-fly" syntax checking information may be incorrect. [C:/fft/d/d.srcs/sources_1/new/topD.v:]
ERROR: [Common 17-180] Spawn failed: No error
WARNING: [filemgmt 56-199] Attempt to get parsing info during refresh. "On-the-fly" syntax checking information may be incorrect. [C:/fft/d/d.srcs/sources_1/new/D_reg.v:]
WARNING: [filemgmt 56-199] Attempt to get parsing info during refresh. "On-the-fly" syntax checking information may be incorrect. [C:/fft/d/d.srcs/sources_1/new/topD.v:]
WARNING: [filemgmt 56-199] Attempt to get parsing info during refresh. "On-the-fly" syntax checking information may be incorrect. [C:/fft/d/d.srcs/sources_1/new/D_reg.v:]
WARNING: [filemgmt 56-199] Attempt to get parsing info during refresh. "On-the-fly" syntax checking information may be incorrect. [C:/fft/d/d.srcs/sources_1/new/topD.v:]
ERROR: [Common 17-180] Spawn failed: No error
WARNING: [filemgmt 56-199] Attempt to get parsing info during refresh. "On-the-fly" syntax checking information may be incorrect. [C:/fft/d/d.srcs/sources_1/new/D_reg.v:]
WARNING: [filemgmt 56-199] Attempt to get parsing info during refresh. "On-the-fly" syntax checking information may be incorrect. [C:/fft/d/d.srcs/sources_1/new/topD.v:]
ERROR: [Common 17-180] Spawn failed: No error
WARNING: [filemgmt 56-199] Attempt to get parsing info during refresh. "On-the-fly" syntax checking information may be incorrect. [C:/fft/d/d.srcs/sources_1/new/D_reg.v:]
WARNING: [filemgmt 56-199] Attempt to get parsing info during refresh. "On-the-fly" syntax checking information may be incorrect. [C:/fft/d/d.srcs/sources_1/new/topD.v:]
ERROR: [Common 17-180] Spawn failed: No error
WARNING: [filemgmt 56-199] Attempt to get parsing info during refresh. "On-the-fly" syntax checking information may be incorrect. [C:/fft/d/d.srcs/sources_1/new/D_reg.v:]
WARNING: [filemgmt 56-199] Attempt to get parsing info during refresh. "On-the-fly" syntax checking information may be incorrect. [C:/fft/d/d.srcs/sources_1/new/topD.v:]
ERROR: [Common 17-180] Spawn failed: No error
WARNING: [filemgmt 56-199] Attempt to get parsing info during refresh. "On-the-fly" syntax checking information may be incorrect. [C:/fft/d/d.srcs/sources_1/new/D_reg.v:]
WARNING: [filemgmt 56-199] Attempt to get parsing info during refresh. "On-the-fly" syntax checking information may be incorrect. [C:/fft/d/d.srcs/sources_1/new/topD.v:]
ERROR: [Common 17-180] Spawn failed: No error
WARNING: [filemgmt 56-199] Attempt to get parsing info during refresh. "On-the-fly" syntax checking information may be incorrect. [C:/fft/d/d.srcs/sources_1/new/D_reg.v:]
WARNING: [filemgmt 56-199] Attempt to get parsing info during refresh. "On-the-fly" syntax checking information may be incorrect. [C:/fft/d/d.srcs/sources_1/new/topD.v:]
ERROR: [Common 17-180] Spawn failed: No error
WARNING: [filemgmt 56-199] Attempt to get parsing info during refresh. "On-the-fly" syntax checking information may be incorrect. [C:/fft/d/d.srcs/sources_1/new/D_reg.v:]
WARNING: [filemgmt 56-199] Attempt to get parsing info during refresh. "On-the-fly" syntax checking information may be incorrect. [C:/fft/d/d.srcs/sources_1/new/topD.v:]
WARNING: [filemgmt 56-199] Attempt to get parsing info during refresh. "On-the-fly" syntax checking information may be incorrect. [C:/fft/d/d.srcs/sources_1/new/D_reg.v:]
WARNING: [filemgmt 56-199] Attempt to get parsing info during refresh. "On-the-fly" syntax checking information may be incorrect. [C:/fft/d/d.srcs/sources_1/new/topD.v:]
ERROR: [Common 17-180] Spawn failed: No error
WARNING: [filemgmt 56-199] Attempt to get parsing info during refresh. "On-the-fly" syntax checking information may be incorrect. [C:/fft/d/d.srcs/sources_1/new/D_reg.v:]
WARNING: [filemgmt 56-199] Attempt to get parsing info during refresh. "On-the-fly" syntax checking information may be incorrect. [C:/fft/d/d.srcs/sources_1/new/topD.v:]
ERROR: [Common 17-180] Spawn failed: No error
WARNING: [filemgmt 56-199] Attempt to get parsing info during refresh. "On-the-fly" syntax checking information may be incorrect. [C:/fft/d/d.srcs/sources_1/new/D_reg.v:]
WARNING: [filemgmt 56-199] Attempt to get parsing info during refresh. "On-the-fly" syntax checking information may be incorrect. [C:/fft/d/d.srcs/sources_1/new/topD.v:]
ERROR: [Common 17-180] Spawn failed: No error
WARNING: [filemgmt 56-199] Attempt to get parsing info during refresh. "On-the-fly" syntax checking information may be incorrect. [C:/fft/d/d.srcs/sources_1/new/D_reg.v:]
WARNING: [filemgmt 56-199] Attempt to get parsing info during refresh. "On-the-fly" syntax checking information may be incorrect. [C:/fft/d/d.srcs/sources_1/new/topD.v:]
ERROR: [Common 17-180] Spawn failed: No error
WARNING: [filemgmt 56-199] Attempt to get parsing info during refresh. "On-the-fly" syntax checking information may be incorrect. [C:/fft/d/d.srcs/sources_1/new/D_reg.v:]
WARNING: [filemgmt 56-199] Attempt to get parsing info during refresh. "On-the-fly" syntax checking information may be incorrect. [C:/fft/d/d.srcs/sources_1/new/topD.v:]
ERROR: [Common 17-180] Spawn failed: No error
WARNING: [filemgmt 56-199] Attempt to get parsing info during refresh. "On-the-fly" syntax checking information may be incorrect. [C:/fft/d/d.srcs/sources_1/new/D_reg.v:]
WARNING: [filemgmt 56-199] Attempt to get parsing info during refresh. "On-the-fly" syntax checking information may be incorrect. [C:/fft/d/d.srcs/sources_1/new/topD.v:]
ERROR: [Common 17-180] Spawn failed: No error
WARNING: [filemgmt 56-199] Attempt to get parsing info during refresh. "On-the-fly" syntax checking information may be incorrect. [C:/fft/d/d.srcs/sources_1/new/D_reg.v:]
WARNING: [filemgmt 56-199] Attempt to get parsing info during refresh. "On-the-fly" syntax checking information may be incorrect. [C:/fft/d/d.srcs/sources_1/new/topD.v:]
ERROR: [Common 17-180] Spawn failed: No error
WARNING: [filemgmt 56-199] Attempt to get parsing info during refresh. "On-the-fly" syntax checking information may be incorrect. [C:/fft/d/d.srcs/sources_1/new/D_reg.v:]
WARNING: [filemgmt 56-199] Attempt to get parsing info during refresh. "On-the-fly" syntax checking information may be incorrect. [C:/fft/d/d.srcs/sources_1/new/topD.v:]
ERROR: [Common 17-180] Spawn failed: No error
WARNING: [filemgmt 56-199] Attempt to get parsing info during refresh. "On-the-fly" syntax checking information may be incorrect. [C:/fft/d/d.srcs/sources_1/new/D_reg.v:]
WARNING: [filemgmt 56-199] Attempt to get parsing info during refresh. "On-the-fly" syntax checking information may be incorrect. [C:/fft/d/d.srcs/sources_1/new/topD.v:]
ERROR: [Common 17-180] Spawn failed: No error
refresh_design
ERROR: [Synth 8-2715] syntax error near genvar [C:/fft/d/d.srcs/sources_1/new/topD.v:46]
ERROR: [Synth 8-2062] generate loop index i is not defined as a genvar [C:/fft/d/d.srcs/sources_1/new/topD.v:48]
INFO: [Synth 8-2350] module topD ignored due to previous errors [C:/fft/d/d.srcs/sources_1/new/topD.v:24]
Failed to read verilog 'C:/fft/d/d.srcs/sources_1/new/topD.v'
ERROR: [Common 17-39] 'refresh_design' failed due to earlier errors.
refresh_design
ERROR: [Synth 8-2715] syntax error near genvar [C:/fft/d/d.srcs/sources_1/new/topD.v:46]
ERROR: [Synth 8-2062] generate loop index i is not defined as a genvar [C:/fft/d/d.srcs/sources_1/new/topD.v:48]
INFO: [Synth 8-2350] module topD ignored due to previous errors [C:/fft/d/d.srcs/sources_1/new/topD.v:24]
Failed to read verilog 'C:/fft/d/d.srcs/sources_1/new/topD.v'
ERROR: [Common 17-39] 'refresh_design' failed due to earlier errors.
update_compile_order -fileset sources_1
refresh_design
ERROR: [Synth 8-2715] syntax error near genvar [C:/fft/d/d.srcs/sources_1/new/topD.v:46]
ERROR: [Synth 8-2062] generate loop index i is not defined as a genvar [C:/fft/d/d.srcs/sources_1/new/topD.v:48]
ERROR: [Synth 8-988] D is already declared [C:/fft/d/d.srcs/sources_1/new/topD.v:49]
INFO: [Synth 8-2350] module topD ignored due to previous errors [C:/fft/d/d.srcs/sources_1/new/topD.v:24]
Failed to read verilog 'C:/fft/d/d.srcs/sources_1/new/topD.v'
ERROR: [Common 17-39] 'refresh_design' failed due to earlier errors.
WARNING: [filemgmt 56-199] Attempt to get parsing info during refresh. "On-the-fly" syntax checking information may be incorrect. [C:/fft/d/d.srcs/sources_1/new/D_reg.v:]
WARNING: [filemgmt 56-199] Attempt to get parsing info during refresh. "On-the-fly" syntax checking information may be incorrect. [C:/fft/d/d.srcs/sources_1/new/topD.v:]
ERROR: [Common 17-180] Spawn failed: No error
WARNING: [filemgmt 56-199] Attempt to get parsing info during refresh. "On-the-fly" syntax checking information may be incorrect. [C:/fft/d/d.srcs/sources_1/new/D_reg.v:]
WARNING: [filemgmt 56-199] Attempt to get parsing info during refresh. "On-the-fly" syntax checking information may be incorrect. [C:/fft/d/d.srcs/sources_1/new/topD.v:]
WARNING: [filemgmt 56-199] Attempt to get parsing info during refresh. "On-the-fly" syntax checking information may be incorrect. [C:/fft/d/d.srcs/sources_1/new/D_reg.v:]
WARNING: [filemgmt 56-199] Attempt to get parsing info during refresh. "On-the-fly" syntax checking information may be incorrect. [C:/fft/d/d.srcs/sources_1/new/topD.v:]
ERROR: [Common 17-180] Spawn failed: No error
refresh_design
ERROR: [Synth 8-2715] syntax error near genvar [C:/fft/d/d.srcs/sources_1/new/topD.v:46]
ERROR: [Synth 8-2062] generate loop index i is not defined as a genvar [C:/fft/d/d.srcs/sources_1/new/topD.v:48]
ERROR: [Synth 8-988] D is already declared [C:/fft/d/d.srcs/sources_1/new/topD.v:49]
INFO: [Synth 8-2350] module topD ignored due to previous errors [C:/fft/d/d.srcs/sources_1/new/topD.v:24]
Failed to read verilog 'C:/fft/d/d.srcs/sources_1/new/topD.v'
ERROR: [Common 17-39] 'refresh_design' failed due to earlier errors.
refresh_design
ERROR: [Synth 8-2715] syntax error near genvar [C:/fft/d/d.srcs/sources_1/new/topD.v:46]
ERROR: [Synth 8-2062] generate loop index i is not defined as a genvar [C:/fft/d/d.srcs/sources_1/new/topD.v:49]
ERROR: [Synth 8-988] D is already declared [C:/fft/d/d.srcs/sources_1/new/topD.v:50]
INFO: [Synth 8-2350] module topD ignored due to previous errors [C:/fft/d/d.srcs/sources_1/new/topD.v:24]
Failed to read verilog 'C:/fft/d/d.srcs/sources_1/new/topD.v'
ERROR: [Common 17-39] 'refresh_design' failed due to earlier errors.
refresh_design
ERROR: [Synth 8-2715] syntax error near genvar [C:/fft/d/d.srcs/sources_1/new/topD.v:46]
ERROR: [Synth 8-2062] generate loop index i is not defined as a genvar [C:/fft/d/d.srcs/sources_1/new/topD.v:48]
ERROR: [Synth 8-988] D is already declared [C:/fft/d/d.srcs/sources_1/new/topD.v:49]
INFO: [Synth 8-2350] module topD ignored due to previous errors [C:/fft/d/d.srcs/sources_1/new/topD.v:24]
Failed to read verilog 'C:/fft/d/d.srcs/sources_1/new/topD.v'
ERROR: [Common 17-39] 'refresh_design' failed due to earlier errors.
update_compile_order -fileset sources_1
WARNING: [filemgmt 56-199] Attempt to get parsing info during refresh. "On-the-fly" syntax checking information may be incorrect. [C:/fft/d/d.srcs/sources_1/new/D_reg.v:]
WARNING: [filemgmt 56-199] Attempt to get parsing info during refresh. "On-the-fly" syntax checking information may be incorrect. [C:/fft/d/d.srcs/sources_1/new/topD.v:]
ERROR: [Common 17-180] Spawn failed: No error
update_compile_order -fileset sources_1
update_compile_order -fileset sources_1
update_compile_order -fileset sources_1
refresh_design
ERROR: [Synth 8-2715] syntax error near genvar [C:/fft/d/d.srcs/sources_1/new/topD.v:46]
ERROR: [Synth 8-2062] generate loop index i is not defined as a genvar [C:/fft/d/d.srcs/sources_1/new/topD.v:48]
ERROR: [Synth 8-988] D is already declared [C:/fft/d/d.srcs/sources_1/new/topD.v:49]
INFO: [Synth 8-2350] module topD ignored due to previous errors [C:/fft/d/d.srcs/sources_1/new/topD.v:24]
Failed to read verilog 'C:/fft/d/d.srcs/sources_1/new/topD.v'
ERROR: [Common 17-39] 'refresh_design' failed due to earlier errors.
refresh_design
ERROR: [Synth 8-2715] syntax error near genvar [C:/fft/d/d.srcs/sources_1/new/topD.v:46]
ERROR: [Synth 8-2062] generate loop index i is not defined as a genvar [C:/fft/d/d.srcs/sources_1/new/topD.v:48]
ERROR: [Synth 8-988] D is already declared [C:/fft/d/d.srcs/sources_1/new/topD.v:49]
INFO: [Synth 8-2350] module topD ignored due to previous errors [C:/fft/d/d.srcs/sources_1/new/topD.v:24]
Failed to read verilog 'C:/fft/d/d.srcs/sources_1/new/topD.v'
ERROR: [Common 17-39] 'refresh_design' failed due to earlier errors.
exit
INFO: [Common 17-206] Exiting Vivado at Thu Jul 25 16:23:45 2019...
