Warning: Design 'topfft' has '14' unresolved references. For more detailed information, use the "link" command. (UID-341)
 
****************************************
Report : resources
Design : topfft
Version: O-2018.06-SP2
Date   : Fri Nov  8 16:34:17 2019
****************************************


Resource Report for this hierarchy in file
        /home/digital4/vlsi/dc/rtl/topfftsrcN128_version5/topfft_sat2_a_sat3.v
=============================================================================
| Cell           | Module         | Parameters | Contained Operations       |
=============================================================================
| gte_x_5        | DW_cmp         | width=23   | u_topfft_sat2_a_sat3/control_Blq_BFVII_0/gte_37 (contador.v:37) |
| add_x_6        | DW01_inc       | width=23   | u_topfft_sat2_a_sat3/control_Blq_BFVII_0/add_42 (contador.v:42) |
| add_x_10       | DW01_inc       | width=23   | u_topfft_sat2_a_sat3/EnableCM_stage7/add_40 (topD_1.v:40) |
| gte_x_12       | DW_cmp         | width=23   | u_topfft_sat2_a_sat3/EnableCM_stage7/gte_46 (topD_1.v:46) |
| add_x_17       | DW01_add       | width=22   | u_topfft_sat2_a_sat3/Blq_BFVII_0/Butterfly/add_54 (BF.v:54) |
| add_x_18       | DW01_add       | width=22   | u_topfft_sat2_a_sat3/Blq_BFVII_0/Butterfly/add_55 (BF.v:55) |
| sub_x_19       | DW01_sub       | width=22   | u_topfft_sat2_a_sat3/Blq_BFVII_0/Butterfly/sub_57 (BF.v:57) |
| sub_x_20       | DW01_sub       | width=22   | u_topfft_sat2_a_sat3/Blq_BFVII_0/Butterfly/sub_58 (BF.v:58) |
| add_x_28       | DW01_add       | width=22   | u_topfft_sat2_a_sat3/Blq_BFV_1/Butterfly/add_54 (BF.v:54) |
| add_x_29       | DW01_add       | width=22   | u_topfft_sat2_a_sat3/Blq_BFV_1/Butterfly/add_55 (BF.v:55) |
| sub_x_30       | DW01_sub       | width=22   | u_topfft_sat2_a_sat3/Blq_BFV_1/Butterfly/sub_57 (BF.v:57) |
| sub_x_31       | DW01_sub       | width=22   | u_topfft_sat2_a_sat3/Blq_BFV_1/Butterfly/sub_58 (BF.v:58) |
=============================================================================


Resource Report for Ungrouped Hierarchy u_topfft_in_a_sat0/M1_2 in file
        /home/digital4/vlsi/dc/rtl/topfftsrcN128_version5/multip.v
=============================================================================
| Cell           | Module         | Parameters | Contained Operations       |
=============================================================================
| DP_OP_11J9_124_1579             |            |                            |
|                | DP_OP_11J9_124_1579 |       |                            |
| DP_OP_12J9_125_1579             |            |                            |
|                | DP_OP_12J9_125_1579 |       |                            |
=============================================================================

Datapath Report for DP_OP_11J9_124_1579
==============================================================================
| Cell                 | Contained Operations                                |
==============================================================================
| DP_OP_11J9_124_1579  | mult_26 (multip.v:26) sub_26 (multip.v:26)          |
|                      | mult_26_2 (multip.v:26)                             |
==============================================================================

==============================================================================
|       |      | Data     |       |                                          |
| Var   | Type | Class    | Width | Expression                               |
==============================================================================
| I1    | PI   | Signed   | 12    |                                          |
| I2    | PI   | Signed   | 11    |                                          |
| I3    | PI   | Signed   | 12    |                                          |
| I4    | PI   | Signed   | 11    |                                          |
| T0    | IFO  | Signed   | 23    | I1 * I2 (multip.v:26)                    |
| T1    | IFO  | Signed   | 23    | I3 * I4 (multip.v:26)                    |
| O1    | PO   | Signed   | 24    | T0 - T1 (multip.v:26)                    |
==============================================================================

Datapath Report for DP_OP_12J9_125_1579
==============================================================================
| Cell                 | Contained Operations                                |
==============================================================================
| DP_OP_12J9_125_1579  | mult_27 (multip.v:27) add_27 (multip.v:27)          |
|                      | mult_27_2 (multip.v:27)                             |
==============================================================================

==============================================================================
|       |      | Data     |       |                                          |
| Var   | Type | Class    | Width | Expression                               |
==============================================================================
| I1    | PI   | Signed   | 12    |                                          |
| I2    | PI   | Signed   | 11    |                                          |
| I3    | PI   | Signed   | 12    |                                          |
| I4    | PI   | Signed   | 11    |                                          |
| T3    | IFO  | Signed   | 23    | I1 * I2 (multip.v:27)                    |
| T4    | IFO  | Signed   | 23    | I3 * I4 (multip.v:27)                    |
| O1    | PO   | Signed   | 24    | T3 + T4 (multip.v:27)                    |
==============================================================================


Resource Report for Ungrouped Hierarchy u_topfft_in_a_sat0/M1_1 in file
        /home/digital4/vlsi/dc/rtl/topfftsrcN128_version5/multip.v
=============================================================================
| Cell           | Module         | Parameters | Contained Operations       |
=============================================================================
| DP_OP_11J9_124_1579             |            |                            |
|                | DP_OP_11J9_124_1579 |       |                            |
| DP_OP_12J9_125_1579             |            |                            |
|                | DP_OP_12J9_125_1579 |       |                            |
=============================================================================

Datapath Report for DP_OP_11J9_124_1579
==============================================================================
| Cell                 | Contained Operations                                |
==============================================================================
| DP_OP_11J9_124_1579  | mult_26 (multip.v:26) sub_26 (multip.v:26)          |
|                      | mult_26_2 (multip.v:26)                             |
==============================================================================

==============================================================================
|       |      | Data     |       |                                          |
| Var   | Type | Class    | Width | Expression                               |
==============================================================================
| I1    | PI   | Signed   | 12    |                                          |
| I2    | PI   | Signed   | 11    |                                          |
| I3    | PI   | Signed   | 12    |                                          |
| I4    | PI   | Signed   | 11    |                                          |
| T0    | IFO  | Signed   | 23    | I1 * I2 (multip.v:26)                    |
| T1    | IFO  | Signed   | 23    | I3 * I4 (multip.v:26)                    |
| O1    | PO   | Signed   | 24    | T0 - T1 (multip.v:26)                    |
==============================================================================

Datapath Report for DP_OP_12J9_125_1579
==============================================================================
| Cell                 | Contained Operations                                |
==============================================================================
| DP_OP_12J9_125_1579  | mult_27 (multip.v:27) add_27 (multip.v:27)          |
|                      | mult_27_2 (multip.v:27)                             |
==============================================================================

==============================================================================
|       |      | Data     |       |                                          |
| Var   | Type | Class    | Width | Expression                               |
==============================================================================
| I1    | PI   | Signed   | 12    |                                          |
| I2    | PI   | Signed   | 11    |                                          |
| I3    | PI   | Signed   | 12    |                                          |
| I4    | PI   | Signed   | 11    |                                          |
| T3    | IFO  | Signed   | 23    | I1 * I2 (multip.v:27)                    |
| T4    | IFO  | Signed   | 23    | I3 * I4 (multip.v:27)                    |
| O1    | PO   | Signed   | 24    | T3 + T4 (multip.v:27)                    |
==============================================================================


Resource Report for Ungrouped Hierarchy u_topfft_sat1_a_sat2/M5_3 in file
        /home/digital4/vlsi/dc/rtl/topfftsrcN128_version5/multip.v
=============================================================================
| Cell           | Module         | Parameters | Contained Operations       |
=============================================================================
| DP_OP_11J9_122_5388             |            |                            |
|                | DP_OP_11J9_122_5388 |       |                            |
| DP_OP_12J9_123_5388             |            |                            |
|                | DP_OP_12J9_123_5388 |       |                            |
=============================================================================

Datapath Report for DP_OP_11J9_122_5388
==============================================================================
| Cell                 | Contained Operations                                |
==============================================================================
| DP_OP_11J9_122_5388  | mult_26 (multip.v:26) sub_26 (multip.v:26)          |
|                      | mult_26_2 (multip.v:26)                             |
==============================================================================

==============================================================================
|       |      | Data     |       |                                          |
| Var   | Type | Class    | Width | Expression                               |
==============================================================================
| I1    | PI   | Signed   | 33    |                                          |
| I2    | PI   | Signed   | 11    |                                          |
| I3    | PI   | Signed   | 33    |                                          |
| I4    | PI   | Signed   | 11    |                                          |
| T0    | IFO  | Signed   | 44    | I1 * I2 (multip.v:26)                    |
| T1    | IFO  | Signed   | 44    | I3 * I4 (multip.v:26)                    |
| O1    | PO   | Signed   | 45    | T0 - T1 (multip.v:26)                    |
==============================================================================

Datapath Report for DP_OP_12J9_123_5388
==============================================================================
| Cell                 | Contained Operations                                |
==============================================================================
| DP_OP_12J9_123_5388  | mult_27 (multip.v:27) add_27 (multip.v:27)          |
|                      | mult_27_2 (multip.v:27)                             |
==============================================================================

==============================================================================
|       |      | Data     |       |                                          |
| Var   | Type | Class    | Width | Expression                               |
==============================================================================
| I1    | PI   | Signed   | 33    |                                          |
| I2    | PI   | Signed   | 11    |                                          |
| I3    | PI   | Signed   | 33    |                                          |
| I4    | PI   | Signed   | 11    |                                          |
| T3    | IFO  | Signed   | 44    | I1 * I2 (multip.v:27)                    |
| T4    | IFO  | Signed   | 44    | I3 * I4 (multip.v:27)                    |
| O1    | PO   | Signed   | 45    | T3 + T4 (multip.v:27)                    |
==============================================================================


Resource Report for Ungrouped Hierarchy u_topfft_sat1_a_sat2/M5_2 in file
        /home/digital4/vlsi/dc/rtl/topfftsrcN128_version5/multip.v
=============================================================================
| Cell           | Module         | Parameters | Contained Operations       |
=============================================================================
| DP_OP_11J9_122_5388             |            |                            |
|                | DP_OP_11J9_122_5388 |       |                            |
| DP_OP_12J9_123_5388             |            |                            |
|                | DP_OP_12J9_123_5388 |       |                            |
=============================================================================

Datapath Report for DP_OP_11J9_122_5388
==============================================================================
| Cell                 | Contained Operations                                |
==============================================================================
| DP_OP_11J9_122_5388  | mult_26 (multip.v:26) sub_26 (multip.v:26)          |
|                      | mult_26_2 (multip.v:26)                             |
==============================================================================

==============================================================================
|       |      | Data     |       |                                          |
| Var   | Type | Class    | Width | Expression                               |
==============================================================================
| I1    | PI   | Signed   | 33    |                                          |
| I2    | PI   | Signed   | 11    |                                          |
| I3    | PI   | Signed   | 33    |                                          |
| I4    | PI   | Signed   | 11    |                                          |
| T0    | IFO  | Signed   | 44    | I1 * I2 (multip.v:26)                    |
| T1    | IFO  | Signed   | 44    | I3 * I4 (multip.v:26)                    |
| O1    | PO   | Signed   | 45    | T0 - T1 (multip.v:26)                    |
==============================================================================

Datapath Report for DP_OP_12J9_123_5388
==============================================================================
| Cell                 | Contained Operations                                |
==============================================================================
| DP_OP_12J9_123_5388  | mult_27 (multip.v:27) add_27 (multip.v:27)          |
|                      | mult_27_2 (multip.v:27)                             |
==============================================================================

==============================================================================
|       |      | Data     |       |                                          |
| Var   | Type | Class    | Width | Expression                               |
==============================================================================
| I1    | PI   | Signed   | 33    |                                          |
| I2    | PI   | Signed   | 11    |                                          |
| I3    | PI   | Signed   | 33    |                                          |
| I4    | PI   | Signed   | 11    |                                          |
| T3    | IFO  | Signed   | 44    | I1 * I2 (multip.v:27)                    |
| T4    | IFO  | Signed   | 44    | I3 * I4 (multip.v:27)                    |
| O1    | PO   | Signed   | 45    | T3 + T4 (multip.v:27)                    |
==============================================================================


Resource Report for Ungrouped Hierarchy u_topfft_sat1_a_sat2/M5_1 in file
        /home/digital4/vlsi/dc/rtl/topfftsrcN128_version5/multip.v
=============================================================================
| Cell           | Module         | Parameters | Contained Operations       |
=============================================================================
| DP_OP_11J9_122_5388             |            |                            |
|                | DP_OP_11J9_122_5388 |       |                            |
| DP_OP_12J9_123_5388             |            |                            |
|                | DP_OP_12J9_123_5388 |       |                            |
=============================================================================

Datapath Report for DP_OP_11J9_122_5388
==============================================================================
| Cell                 | Contained Operations                                |
==============================================================================
| DP_OP_11J9_122_5388  | mult_26 (multip.v:26) sub_26 (multip.v:26)          |
|                      | mult_26_2 (multip.v:26)                             |
==============================================================================

==============================================================================
|       |      | Data     |       |                                          |
| Var   | Type | Class    | Width | Expression                               |
==============================================================================
| I1    | PI   | Signed   | 33    |                                          |
| I2    | PI   | Signed   | 11    |                                          |
| I3    | PI   | Signed   | 33    |                                          |
| I4    | PI   | Signed   | 11    |                                          |
| T0    | IFO  | Signed   | 44    | I1 * I2 (multip.v:26)                    |
| T1    | IFO  | Signed   | 44    | I3 * I4 (multip.v:26)                    |
| O1    | PO   | Signed   | 45    | T0 - T1 (multip.v:26)                    |
==============================================================================

Datapath Report for DP_OP_12J9_123_5388
==============================================================================
| Cell                 | Contained Operations                                |
==============================================================================
| DP_OP_12J9_123_5388  | mult_27 (multip.v:27) add_27 (multip.v:27)          |
|                      | mult_27_2 (multip.v:27)                             |
==============================================================================

==============================================================================
|       |      | Data     |       |                                          |
| Var   | Type | Class    | Width | Expression                               |
==============================================================================
| I1    | PI   | Signed   | 33    |                                          |
| I2    | PI   | Signed   | 11    |                                          |
| I3    | PI   | Signed   | 33    |                                          |
| I4    | PI   | Signed   | 11    |                                          |
| T3    | IFO  | Signed   | 44    | I1 * I2 (multip.v:27)                    |
| T4    | IFO  | Signed   | 44    | I3 * I4 (multip.v:27)                    |
| O1    | PO   | Signed   | 45    | T3 + T4 (multip.v:27)                    |
==============================================================================


Resource Report for Ungrouped Hierarchy u_topfft_sat1_a_sat2/M5_0 in file
        /home/digital4/vlsi/dc/rtl/topfftsrcN128_version5/multip.v
=============================================================================
| Cell           | Module         | Parameters | Contained Operations       |
=============================================================================
| DP_OP_11J9_122_5388             |            |                            |
|                | DP_OP_11J9_122_5388 |       |                            |
| DP_OP_12J9_123_5388             |            |                            |
|                | DP_OP_12J9_123_5388 |       |                            |
=============================================================================

Datapath Report for DP_OP_11J9_122_5388
==============================================================================
| Cell                 | Contained Operations                                |
==============================================================================
| DP_OP_11J9_122_5388  | mult_26 (multip.v:26) sub_26 (multip.v:26)          |
|                      | mult_26_2 (multip.v:26)                             |
==============================================================================

==============================================================================
|       |      | Data     |       |                                          |
| Var   | Type | Class    | Width | Expression                               |
==============================================================================
| I1    | PI   | Signed   | 33    |                                          |
| I2    | PI   | Signed   | 11    |                                          |
| I3    | PI   | Signed   | 33    |                                          |
| I4    | PI   | Signed   | 11    |                                          |
| T0    | IFO  | Signed   | 44    | I1 * I2 (multip.v:26)                    |
| T1    | IFO  | Signed   | 44    | I3 * I4 (multip.v:26)                    |
| O1    | PO   | Signed   | 45    | T0 - T1 (multip.v:26)                    |
==============================================================================

Datapath Report for DP_OP_12J9_123_5388
==============================================================================
| Cell                 | Contained Operations                                |
==============================================================================
| DP_OP_12J9_123_5388  | mult_27 (multip.v:27) add_27 (multip.v:27)          |
|                      | mult_27_2 (multip.v:27)                             |
==============================================================================

==============================================================================
|       |      | Data     |       |                                          |
| Var   | Type | Class    | Width | Expression                               |
==============================================================================
| I1    | PI   | Signed   | 33    |                                          |
| I2    | PI   | Signed   | 11    |                                          |
| I3    | PI   | Signed   | 33    |                                          |
| I4    | PI   | Signed   | 11    |                                          |
| T3    | IFO  | Signed   | 44    | I1 * I2 (multip.v:27)                    |
| T4    | IFO  | Signed   | 44    | I3 * I4 (multip.v:27)                    |
| O1    | PO   | Signed   | 45    | T3 + T4 (multip.v:27)                    |
==============================================================================


Resource Report for Ungrouped Hierarchy
        u_topfft_sat1_a_sat2/control_Blq_BFVI_0 in file
        /home/digital4/vlsi/dc/rtl/topfftsrcN128_version5/contador.v
=============================================================================
| Cell           | Module         | Parameters | Contained Operations       |
=============================================================================
| add_x_2        | DW01_inc       | width=23   | add_42 (contador.v:42)     |
=============================================================================


Resource Report for Ungrouped Hierarchy u_topfft_sat1_a_sat2/M4_3 in file
        /home/digital4/vlsi/dc/rtl/topfftsrcN128_version5/multip.v
=============================================================================
| Cell           | Module         | Parameters | Contained Operations       |
=============================================================================
| DP_OP_11J11_122_5013            |            |                            |
|                | DP_OP_11J11_122_5013 |      |                            |
| DP_OP_12J11_123_5013            |            |                            |
|                | DP_OP_12J11_123_5013 |      |                            |
=============================================================================

Datapath Report for DP_OP_11J11_122_5013
==============================================================================
| Cell                 | Contained Operations                                |
==============================================================================
| DP_OP_11J11_122_5013 | mult_26 (multip.v:26) sub_26 (multip.v:26)          |
|                      | mult_26_2 (multip.v:26)                             |
==============================================================================

==============================================================================
|       |      | Data     |       |                                          |
| Var   | Type | Class    | Width | Expression                               |
==============================================================================
| I1    | PI   | Signed   | 20    |                                          |
| I2    | PI   | Signed   | 11    |                                          |
| I3    | PI   | Signed   | 20    |                                          |
| I4    | PI   | Signed   | 11    |                                          |
| T0    | IFO  | Signed   | 31    | I1 * I2 (multip.v:26)                    |
| T1    | IFO  | Signed   | 31    | I3 * I4 (multip.v:26)                    |
| O1    | PO   | Signed   | 32    | T0 - T1 (multip.v:26)                    |
==============================================================================

Datapath Report for DP_OP_12J11_123_5013
==============================================================================
| Cell                 | Contained Operations                                |
==============================================================================
| DP_OP_12J11_123_5013 | mult_27 (multip.v:27) add_27 (multip.v:27)          |
|                      | mult_27_2 (multip.v:27)                             |
==============================================================================

==============================================================================
|       |      | Data     |       |                                          |
| Var   | Type | Class    | Width | Expression                               |
==============================================================================
| I1    | PI   | Signed   | 20    |                                          |
| I2    | PI   | Signed   | 11    |                                          |
| I3    | PI   | Signed   | 20    |                                          |
| I4    | PI   | Signed   | 11    |                                          |
| T3    | IFO  | Signed   | 31    | I1 * I2 (multip.v:27)                    |
| T4    | IFO  | Signed   | 31    | I3 * I4 (multip.v:27)                    |
| O1    | PO   | Signed   | 32    | T3 + T4 (multip.v:27)                    |
==============================================================================


Resource Report for Ungrouped Hierarchy u_topfft_sat1_a_sat2/M4_2 in file
        /home/digital4/vlsi/dc/rtl/topfftsrcN128_version5/multip.v
=============================================================================
| Cell           | Module         | Parameters | Contained Operations       |
=============================================================================
| DP_OP_11J11_122_5013            |            |                            |
|                | DP_OP_11J11_122_5013 |      |                            |
| DP_OP_12J11_123_5013            |            |                            |
|                | DP_OP_12J11_123_5013 |      |                            |
=============================================================================

Datapath Report for DP_OP_11J11_122_5013
==============================================================================
| Cell                 | Contained Operations                                |
==============================================================================
| DP_OP_11J11_122_5013 | mult_26 (multip.v:26) sub_26 (multip.v:26)          |
|                      | mult_26_2 (multip.v:26)                             |
==============================================================================

==============================================================================
|       |      | Data     |       |                                          |
| Var   | Type | Class    | Width | Expression                               |
==============================================================================
| I1    | PI   | Signed   | 20    |                                          |
| I2    | PI   | Signed   | 11    |                                          |
| I3    | PI   | Signed   | 20    |                                          |
| I4    | PI   | Signed   | 11    |                                          |
| T0    | IFO  | Signed   | 31    | I1 * I2 (multip.v:26)                    |
| T1    | IFO  | Signed   | 31    | I3 * I4 (multip.v:26)                    |
| O1    | PO   | Signed   | 32    | T0 - T1 (multip.v:26)                    |
==============================================================================

Datapath Report for DP_OP_12J11_123_5013
==============================================================================
| Cell                 | Contained Operations                                |
==============================================================================
| DP_OP_12J11_123_5013 | mult_27 (multip.v:27) add_27 (multip.v:27)          |
|                      | mult_27_2 (multip.v:27)                             |
==============================================================================

==============================================================================
|       |      | Data     |       |                                          |
| Var   | Type | Class    | Width | Expression                               |
==============================================================================
| I1    | PI   | Signed   | 20    |                                          |
| I2    | PI   | Signed   | 11    |                                          |
| I3    | PI   | Signed   | 20    |                                          |
| I4    | PI   | Signed   | 11    |                                          |
| T3    | IFO  | Signed   | 31    | I1 * I2 (multip.v:27)                    |
| T4    | IFO  | Signed   | 31    | I3 * I4 (multip.v:27)                    |
| O1    | PO   | Signed   | 32    | T3 + T4 (multip.v:27)                    |
==============================================================================


Resource Report for Ungrouped Hierarchy u_topfft_sat1_a_sat2/M4_1 in file
        /home/digital4/vlsi/dc/rtl/topfftsrcN128_version5/multip.v
=============================================================================
| Cell           | Module         | Parameters | Contained Operations       |
=============================================================================
| DP_OP_11J11_122_5013            |            |                            |
|                | DP_OP_11J11_122_5013 |      |                            |
| DP_OP_12J11_123_5013            |            |                            |
|                | DP_OP_12J11_123_5013 |      |                            |
=============================================================================

Datapath Report for DP_OP_11J11_122_5013
==============================================================================
| Cell                 | Contained Operations                                |
==============================================================================
| DP_OP_11J11_122_5013 | mult_26 (multip.v:26) sub_26 (multip.v:26)          |
|                      | mult_26_2 (multip.v:26)                             |
==============================================================================

==============================================================================
|       |      | Data     |       |                                          |
| Var   | Type | Class    | Width | Expression                               |
==============================================================================
| I1    | PI   | Signed   | 20    |                                          |
| I2    | PI   | Signed   | 11    |                                          |
| I3    | PI   | Signed   | 20    |                                          |
| I4    | PI   | Signed   | 11    |                                          |
| T0    | IFO  | Signed   | 31    | I1 * I2 (multip.v:26)                    |
| T1    | IFO  | Signed   | 31    | I3 * I4 (multip.v:26)                    |
| O1    | PO   | Signed   | 32    | T0 - T1 (multip.v:26)                    |
==============================================================================

Datapath Report for DP_OP_12J11_123_5013
==============================================================================
| Cell                 | Contained Operations                                |
==============================================================================
| DP_OP_12J11_123_5013 | mult_27 (multip.v:27) add_27 (multip.v:27)          |
|                      | mult_27_2 (multip.v:27)                             |
==============================================================================

==============================================================================
|       |      | Data     |       |                                          |
| Var   | Type | Class    | Width | Expression                               |
==============================================================================
| I1    | PI   | Signed   | 20    |                                          |
| I2    | PI   | Signed   | 11    |                                          |
| I3    | PI   | Signed   | 20    |                                          |
| I4    | PI   | Signed   | 11    |                                          |
| T3    | IFO  | Signed   | 31    | I1 * I2 (multip.v:27)                    |
| T4    | IFO  | Signed   | 31    | I3 * I4 (multip.v:27)                    |
| O1    | PO   | Signed   | 32    | T3 + T4 (multip.v:27)                    |
==============================================================================


Resource Report for Ungrouped Hierarchy u_topfft_sat1_a_sat2/M4_0 in file
        /home/digital4/vlsi/dc/rtl/topfftsrcN128_version5/multip.v
=============================================================================
| Cell           | Module         | Parameters | Contained Operations       |
=============================================================================
| DP_OP_11J11_122_5013            |            |                            |
|                | DP_OP_11J11_122_5013 |      |                            |
| DP_OP_12J11_123_5013            |            |                            |
|                | DP_OP_12J11_123_5013 |      |                            |
=============================================================================

Datapath Report for DP_OP_11J11_122_5013
==============================================================================
| Cell                 | Contained Operations                                |
==============================================================================
| DP_OP_11J11_122_5013 | mult_26 (multip.v:26) sub_26 (multip.v:26)          |
|                      | mult_26_2 (multip.v:26)                             |
==============================================================================

==============================================================================
|       |      | Data     |       |                                          |
| Var   | Type | Class    | Width | Expression                               |
==============================================================================
| I1    | PI   | Signed   | 20    |                                          |
| I2    | PI   | Signed   | 11    |                                          |
| I3    | PI   | Signed   | 20    |                                          |
| I4    | PI   | Signed   | 11    |                                          |
| T0    | IFO  | Signed   | 31    | I1 * I2 (multip.v:26)                    |
| T1    | IFO  | Signed   | 31    | I3 * I4 (multip.v:26)                    |
| O1    | PO   | Signed   | 32    | T0 - T1 (multip.v:26)                    |
==============================================================================

Datapath Report for DP_OP_12J11_123_5013
==============================================================================
| Cell                 | Contained Operations                                |
==============================================================================
| DP_OP_12J11_123_5013 | mult_27 (multip.v:27) add_27 (multip.v:27)          |
|                      | mult_27_2 (multip.v:27)                             |
==============================================================================

==============================================================================
|       |      | Data     |       |                                          |
| Var   | Type | Class    | Width | Expression                               |
==============================================================================
| I1    | PI   | Signed   | 20    |                                          |
| I2    | PI   | Signed   | 11    |                                          |
| I3    | PI   | Signed   | 20    |                                          |
| I4    | PI   | Signed   | 11    |                                          |
| T3    | IFO  | Signed   | 31    | I1 * I2 (multip.v:27)                    |
| T4    | IFO  | Signed   | 31    | I3 * I4 (multip.v:27)                    |
| O1    | PO   | Signed   | 32    | T3 + T4 (multip.v:27)                    |
==============================================================================


Resource Report for Ungrouped Hierarchy u_topfft_sat1_a_sat2/control_Blq_BFV_0
        in file /home/digital4/vlsi/dc/rtl/topfftsrcN128_version5/contador.v
=============================================================================
| Cell           | Module         | Parameters | Contained Operations       |
=============================================================================
| add_x_1        | DW01_inc       | width=23   | add_42 (contador.v:42)     |
=============================================================================


Resource Report for Ungrouped Hierarchy u_topfft_sat1_a_sat2/Blq_BFVI_0 in
        file /home/digital4/vlsi/dc/rtl/topfftsrcN128_version5/switch.v
=============================================================================
| Cell           | Module         | Parameters | Contained Operations       |
=============================================================================
| add_x_5        | DW01_add       | width=33   | Butterfly/add_54 (BF.v:54) |
| add_x_6        | DW01_add       | width=33   | Butterfly/add_55 (BF.v:55) |
| sub_x_7        | DW01_sub       | width=33   | Butterfly/sub_57 (BF.v:57) |
| sub_x_8        | DW01_sub       | width=33   | Butterfly/sub_58 (BF.v:58) |
=============================================================================


Resource Report for Ungrouped Hierarchy u_topfft_sat1_a_sat2/Blq_BFVI_1 in
        file /home/digital4/vlsi/dc/rtl/topfftsrcN128_version5/switch.v
=============================================================================
| Cell           | Module         | Parameters | Contained Operations       |
=============================================================================
| add_x_5        | DW01_add       | width=33   | Butterfly/add_54 (BF.v:54) |
| add_x_6        | DW01_add       | width=33   | Butterfly/add_55 (BF.v:55) |
| sub_x_7        | DW01_sub       | width=33   | Butterfly/sub_57 (BF.v:57) |
| sub_x_8        | DW01_sub       | width=33   | Butterfly/sub_58 (BF.v:58) |
=============================================================================


Implementation Report
===============================================================================
|                    |                  | Current            | Set            |
| Cell               | Module           | Implementation     | Implementation |
===============================================================================
| gte_x_5            | DW_cmp           | apparch (area)     |                |
| add_x_6            | DW01_inc         | apparch (area)     |                |
| add_x_10           | DW01_inc         | apparch (area)     |                |
| gte_x_12           | DW_cmp           | apparch (area)     |                |
| add_x_17           | DW01_add         | apparch (area)     |                |
| add_x_18           | DW01_add         | apparch (area)     |                |
| sub_x_19           | DW01_sub         | apparch (area)     |                |
| sub_x_20           | DW01_sub         | apparch (area)     |                |
| add_x_28           | DW01_add         | apparch (area)     |                |
| add_x_29           | DW01_add         | apparch (area)     |                |
| sub_x_30           | DW01_sub         | apparch (area)     |                |
| sub_x_31           | DW01_sub         | apparch (area)     |                |
| add_x_1            | DW01_inc         | apparch (area)     |                |
| add_x_5            | DW01_add         | apparch (area)     |                |
| sub_x_7            | DW01_sub         | apparch (area)     |                |
| sub_x_8            | DW01_sub         | pparch (area,speed)                 |
| add_x_5            | DW01_add         | apparch (area)     |                |
| sub_x_7            | DW01_sub         | apparch (area)     |                |
| sub_x_8            | DW01_sub         | pparch (area,speed)                 |
| DP_OP_11J9_124_1579                   |                    |                |
|                    | DP_OP_11J9_124_1579 | str (area)      |                |
|                    |                  | mult_arch: benc_radix4_mux          |
| DP_OP_12J9_125_1579                   |                    |                |
|                    | DP_OP_12J9_125_1579 | str (area)      |                |
|                    |                  | mult_arch: benc_radix4_mux          |
| DP_OP_11J9_124_1579                   |                    |                |
|                    | DP_OP_11J9_124_1579 | str (area)      |                |
|                    |                  | mult_arch: benc_radix4_mux          |
| DP_OP_12J9_125_1579                   |                    |                |
|                    | DP_OP_12J9_125_1579 | str (area)      |                |
|                    |                  | mult_arch: benc_radix4_mux          |
| DP_OP_11J9_122_5388                   |                    |                |
|                    | DP_OP_11J9_122_5388 | str (area,speed)                 |
|                    |                  | mult_arch: benc_radix4_mux          |
| DP_OP_12J9_123_5388                   |                    |                |
|                    | DP_OP_12J9_123_5388 | str (area,speed)                 |
|                    |                  | mult_arch: benc_radix4_mux          |
| DP_OP_11J9_122_5388                   |                    |                |
|                    | DP_OP_11J9_122_5388 | str (area,speed)                 |
|                    |                  | mult_arch: benc_radix4_mux          |
| DP_OP_12J9_123_5388                   |                    |                |
|                    | DP_OP_12J9_123_5388 | str (area,speed)                 |
|                    |                  | mult_arch: benc_radix4_mux          |
| DP_OP_11J9_122_5388                   |                    |                |
|                    | DP_OP_11J9_122_5388 | str (area,speed)                 |
|                    |                  | mult_arch: benc_radix4_mux          |
| DP_OP_12J9_123_5388                   |                    |                |
|                    | DP_OP_12J9_123_5388 | str (area,speed)                 |
|                    |                  | mult_arch: benc_radix4_mux          |
| DP_OP_11J9_122_5388                   |                    |                |
|                    | DP_OP_11J9_122_5388 | str (area,speed)                 |
|                    |                  | mult_arch: benc_radix4_mux          |
| DP_OP_12J9_123_5388                   |                    |                |
|                    | DP_OP_12J9_123_5388 | str (area,speed)                 |
|                    |                  | mult_arch: benc_radix4_mux          |
| DP_OP_11J11_122_5013                  |                    |                |
|                    | DP_OP_11J11_122_5013 | str (area,speed)                |
|                    |                  | mult_arch: benc_radix4_mux          |
| DP_OP_12J11_123_5013                  |                    |                |
|                    | DP_OP_12J11_123_5013 | str (area,speed)                |
|                    |                  | mult_arch: benc_radix4_mux          |
| DP_OP_11J11_122_5013                  |                    |                |
|                    | DP_OP_11J11_122_5013 | str (area)     |                |
|                    |                  | mult_arch: benc_radix4_mux          |
| DP_OP_12J11_123_5013                  |                    |                |
|                    | DP_OP_12J11_123_5013 | str (area,speed)                |
|                    |                  | mult_arch: benc_radix4              |
| DP_OP_11J11_122_5013                  |                    |                |
|                    | DP_OP_11J11_122_5013 | str (area,speed)                |
|                    |                  | mult_arch: benc_radix4_mux          |
| DP_OP_12J11_123_5013                  |                    |                |
|                    | DP_OP_12J11_123_5013 | str (area,speed)                |
|                    |                  | mult_arch: benc_radix4_mux          |
| DP_OP_11J11_122_5013                  |                    |                |
|                    | DP_OP_11J11_122_5013 | str (area)     |                |
|                    |                  | mult_arch: benc_radix4_mux          |
| DP_OP_12J11_123_5013                  |                    |                |
|                    | DP_OP_12J11_123_5013 | str (area,speed)                |
|                    |                  | mult_arch: benc_radix4              |
===============================================================================

 
****************************************
Design : topD_1_N3
****************************************

Resource Report for this hierarchy in file
        /home/digital4/vlsi/dc/rtl/topfftsrcN128_version5/topD_1.v
=============================================================================
| Cell           | Module         | Parameters | Contained Operations       |
=============================================================================
| add_x_1        | DW01_inc       | width=23   | add_40 (topD_1.v:40)       |
| gte_x_3        | DW_cmp         | width=23   | gte_46 (topD_1.v:46)       |
=============================================================================


Implementation Report
===============================================================================
|                    |                  | Current            | Set            |
| Cell               | Module           | Implementation     | Implementation |
===============================================================================
| add_x_1            | DW01_inc         | apparch (area)     |                |
| gte_x_3            | DW_cmp           | apparch (area)     |                |
===============================================================================

 
****************************************
Design : Blq_ND02_ND12_Nbits19_1
****************************************

Resource Report for this hierarchy in file
        /home/digital4/vlsi/dc/rtl/topfftsrcN128_version5/switch.v
=============================================================================
| Cell           | Module         | Parameters | Contained Operations       |
=============================================================================
| add_x_5        | DW01_add       | width=20   | Butterfly/add_54 (BF.v:54) |
| add_x_6        | DW01_add       | width=20   | Butterfly/add_55 (BF.v:55) |
| sub_x_7        | DW01_sub       | width=20   | Butterfly/sub_57 (BF.v:57) |
| sub_x_8        | DW01_sub       | width=20   | Butterfly/sub_58 (BF.v:58) |
=============================================================================


Implementation Report
===============================================================================
|                    |                  | Current            | Set            |
| Cell               | Module           | Implementation     | Implementation |
===============================================================================
| add_x_5            | DW01_add         | apparch (area)     |                |
| add_x_6            | DW01_add         | apparch (area)     |                |
| sub_x_7            | DW01_sub         | apparch (area)     |                |
| sub_x_8            | DW01_sub         | apparch (area)     |                |
===============================================================================

 
****************************************
Design : Blq_ND02_ND12_Nbits19_0
****************************************

Resource Report for this hierarchy in file
        /home/digital4/vlsi/dc/rtl/topfftsrcN128_version5/switch.v
=============================================================================
| Cell           | Module         | Parameters | Contained Operations       |
=============================================================================
| add_x_5        | DW01_add       | width=20   | Butterfly/add_54 (BF.v:54) |
| add_x_6        | DW01_add       | width=20   | Butterfly/add_55 (BF.v:55) |
| sub_x_7        | DW01_sub       | width=20   | Butterfly/sub_57 (BF.v:57) |
| sub_x_8        | DW01_sub       | width=20   | Butterfly/sub_58 (BF.v:58) |
=============================================================================


Implementation Report
===============================================================================
|                    |                  | Current            | Set            |
| Cell               | Module           | Implementation     | Implementation |
===============================================================================
| add_x_5            | DW01_add         | apparch (area)     |                |
| add_x_6            | DW01_add         | apparch (area)     |                |
| sub_x_7            | DW01_sub         | apparch (area)     |                |
| sub_x_8            | DW01_sub         | apparch (area)     |                |
===============================================================================

 
****************************************
Design : topD_1_N2
****************************************

Resource Report for this hierarchy in file
        /home/digital4/vlsi/dc/rtl/topfftsrcN128_version5/topD_1.v
=============================================================================
| Cell           | Module         | Parameters | Contained Operations       |
=============================================================================
| add_x_1        | DW01_inc       | width=23   | add_40 (topD_1.v:40)       |
=============================================================================


Implementation Report
===============================================================================
|                    |                  | Current            | Set            |
| Cell               | Module           | Implementation     | Implementation |
===============================================================================
| add_x_1            | DW01_inc         | apparch (area)     |                |
===============================================================================

 
****************************************
Design : contador_N16_2
****************************************

Resource Report for this hierarchy in file
        /home/digital4/vlsi/dc/rtl/topfftsrcN128_version5/contador.v
=============================================================================
| Cell           | Module         | Parameters | Contained Operations       |
=============================================================================
| gte_x_1        | DW_cmp         | width=23   | gte_37 (contador.v:37)     |
| add_x_2        | DW01_inc       | width=23   | add_42 (contador.v:42)     |
=============================================================================


Implementation Report
===============================================================================
|                    |                  | Current            | Set            |
| Cell               | Module           | Implementation     | Implementation |
===============================================================================
| gte_x_1            | DW_cmp           | apparch (area)     |                |
| add_x_2            | DW01_inc         | apparch (area)     |                |
===============================================================================

 
****************************************
Design : BFj_NBITS10_1
****************************************

Resource Report for this hierarchy in file
        /home/digital4/vlsi/dc/rtl/topfftsrcN128_version5/BFj.v
=============================================================================
| Cell           | Module         | Parameters | Contained Operations       |
=============================================================================
| add_x_1        | DW01_add       | width=11   | add_64 (BFj.v:64)          |
| add_x_2        | DW01_add       | width=11   | add_65 (BFj.v:65)          |
| sub_x_3        | DW01_sub       | width=11   | sub_67 (BFj.v:67)          |
| sub_x_4        | DW01_sub       | width=11   | sub_68 (BFj.v:68)          |
| sub_x_5        | DW01_sub       | width=11   | sub_70 (BFj.v:70)          |
=============================================================================


Implementation Report
===============================================================================
|                    |                  | Current            | Set            |
| Cell               | Module           | Implementation     | Implementation |
===============================================================================
| add_x_1            | DW01_add         | apparch (area)     |                |
| add_x_2            | DW01_add         | apparch (area)     |                |
| sub_x_3            | DW01_sub         | apparch (area)     |                |
| sub_x_4            | DW01_sub         | apparch (area)     |                |
| sub_x_5            | DW01_sub         | apparch (area)     |                |
===============================================================================

 
****************************************
Design : BFj_NBITS10_0
****************************************

Resource Report for this hierarchy in file
        /home/digital4/vlsi/dc/rtl/topfftsrcN128_version5/BFj.v
=============================================================================
| Cell           | Module         | Parameters | Contained Operations       |
=============================================================================
| add_x_1        | DW01_add       | width=11   | add_64 (BFj.v:64)          |
| add_x_2        | DW01_add       | width=11   | add_65 (BFj.v:65)          |
| sub_x_3        | DW01_sub       | width=11   | sub_67 (BFj.v:67)          |
| sub_x_4        | DW01_sub       | width=11   | sub_68 (BFj.v:68)          |
| sub_x_5        | DW01_sub       | width=11   | sub_70 (BFj.v:70)          |
=============================================================================


Implementation Report
===============================================================================
|                    |                  | Current            | Set            |
| Cell               | Module           | Implementation     | Implementation |
===============================================================================
| add_x_1            | DW01_add         | apparch (area)     |                |
| add_x_2            | DW01_add         | apparch (area)     |                |
| sub_x_3            | DW01_sub         | apparch (area)     |                |
| sub_x_4            | DW01_sub         | apparch (area)     |                |
| sub_x_5            | DW01_sub         | apparch (area)     |                |
===============================================================================

 
****************************************
Design : topD_1_N17_0
****************************************

Resource Report for this hierarchy in file
        /home/digital4/vlsi/dc/rtl/topfftsrcN128_version5/topD_1.v
=============================================================================
| Cell           | Module         | Parameters | Contained Operations       |
=============================================================================
| add_x_1        | DW01_inc       | width=23   | add_40 (topD_1.v:40)       |
| gte_x_3        | DW_cmp         | width=23   | gte_46 (topD_1.v:46)       |
=============================================================================


Implementation Report
===============================================================================
|                    |                  | Current            | Set            |
| Cell               | Module           | Implementation     | Implementation |
===============================================================================
| add_x_1            | DW01_inc         | apparch (area)     |                |
| gte_x_3            | DW_cmp           | apparch (area)     |                |
===============================================================================

 
****************************************
Design : contador_N16_1
****************************************

Resource Report for this hierarchy in file
        /home/digital4/vlsi/dc/rtl/topfftsrcN128_version5/contador.v
=============================================================================
| Cell           | Module         | Parameters | Contained Operations       |
=============================================================================
| gte_x_1        | DW_cmp         | width=23   | gte_37 (contador.v:37)     |
| add_x_2        | DW01_inc       | width=23   | add_42 (contador.v:42)     |
=============================================================================


Implementation Report
===============================================================================
|                    |                  | Current            | Set            |
| Cell               | Module           | Implementation     | Implementation |
===============================================================================
| gte_x_1            | DW_cmp           | apparch (area)     |                |
| add_x_2            | DW01_inc         | apparch (area)     |                |
===============================================================================

 
****************************************
Design : contador_N8_1
****************************************

Resource Report for this hierarchy in file
        /home/digital4/vlsi/dc/rtl/topfftsrcN128_version5/contador.v
=============================================================================
| Cell           | Module         | Parameters | Contained Operations       |
=============================================================================
| gte_x_1        | DW_cmp         | width=23   | gte_37 (contador.v:37)     |
| add_x_2        | DW01_inc       | width=23   | add_42 (contador.v:42)     |
=============================================================================


Implementation Report
===============================================================================
|                    |                  | Current            | Set            |
| Cell               | Module           | Implementation     | Implementation |
===============================================================================
| gte_x_1            | DW_cmp           | apparch (area)     |                |
| add_x_2            | DW01_inc         | apparch (area)     |                |
===============================================================================

 
****************************************
Design : Blqj_ND016_ND116_Nbits11
****************************************

Resource Report for this hierarchy in file
        /home/digital4/vlsi/dc/rtl/topfftsrcN128_version5/switch.v
=============================================================================
| Cell           | Module         | Parameters | Contained Operations       |
=============================================================================
| add_x_5        | DW01_add       | width=12   | Butterfly/add_64 (BFj.v:64) |
| add_x_6        | DW01_add       | width=12   | Butterfly/add_65 (BFj.v:65) |
| sub_x_7        | DW01_sub       | width=12   | Butterfly/sub_67 (BFj.v:67) |
| sub_x_8        | DW01_sub       | width=12   | Butterfly/sub_68 (BFj.v:68) |
| sub_x_9        | DW01_sub       | width=12   | Butterfly/sub_70 (BFj.v:70) |
=============================================================================


Implementation Report
===============================================================================
|                    |                  | Current            | Set            |
| Cell               | Module           | Implementation     | Implementation |
===============================================================================
| add_x_5            | DW01_add         | apparch (area)     |                |
| add_x_6            | DW01_add         | apparch (area)     |                |
| sub_x_7            | DW01_sub         | apparch (area)     |                |
| sub_x_8            | DW01_sub         | apparch (area)     |                |
| sub_x_9            | DW01_sub         | apparch (area)     |                |
===============================================================================

 
****************************************
Design : Blq_ND016_ND116_Nbits11
****************************************

Resource Report for this hierarchy in file
        /home/digital4/vlsi/dc/rtl/topfftsrcN128_version5/BF.v
=============================================================================
| Cell           | Module         | Parameters | Contained Operations       |
=============================================================================
| add_x_1        | DW01_add       | width=12   | Butterfly/add_54 (BF.v:54) |
| add_x_2        | DW01_add       | width=12   | Butterfly/add_55 (BF.v:55) |
| sub_x_3        | DW01_sub       | width=12   | Butterfly/sub_57 (BF.v:57) |
| sub_x_4        | DW01_sub       | width=12   | Butterfly/sub_58 (BF.v:58) |
=============================================================================


Implementation Report
===============================================================================
|                    |                  | Current            | Set            |
| Cell               | Module           | Implementation     | Implementation |
===============================================================================
| add_x_1            | DW01_add         | apparch (area)     |                |
| add_x_2            | DW01_add         | apparch (area)     |                |
| sub_x_3            | DW01_sub         | apparch (area)     |                |
| sub_x_4            | DW01_sub         | apparch (area)     |                |
===============================================================================


No resource sharing information to report.
 
****************************************
Design : topfft_sat0_a_sat1_NBITS15_NBITScoeff11_N32
****************************************

No implementations to report
 
****************************************
Design : Blqj_ND04_ND14_Nbits28_0
****************************************

Resource Report for this hierarchy in file
        /home/digital4/vlsi/dc/rtl/topfftsrcN128_version5/switch.v
=============================================================================
| Cell           | Module         | Parameters | Contained Operations       |
=============================================================================
| add_x_5        | DW01_add       | width=29   | Butterfly/add_64 (BFj.v:64) |
| add_x_6        | DW01_add       | width=29   | Butterfly/add_65 (BFj.v:65) |
| sub_x_7        | DW01_sub       | width=29   | Butterfly/sub_67 (BFj.v:67) |
| sub_x_8        | DW01_sub       | width=29   | Butterfly/sub_68 (BFj.v:68) |
| sub_x_9        | DW01_sub       | width=29   | Butterfly/sub_70 (BFj.v:70) |
=============================================================================


Implementation Report
===============================================================================
|                    |                  | Current            | Set            |
| Cell               | Module           | Implementation     | Implementation |
===============================================================================
| add_x_5            | DW01_add         | apparch (area)     |                |
| add_x_6            | DW01_add         | apparch (area)     |                |
| sub_x_7            | DW01_sub         | apparch (area)     |                |
| sub_x_8            | DW01_sub         | apparch (area)     |                |
| sub_x_9            | DW01_sub         | apparch (area)     |                |
===============================================================================

 
****************************************
Design : Blqj_ND04_ND14_Nbits28_1
****************************************

Resource Report for this hierarchy in file
        /home/digital4/vlsi/dc/rtl/topfftsrcN128_version5/switch.v
=============================================================================
| Cell           | Module         | Parameters | Contained Operations       |
=============================================================================
| add_x_5        | DW01_add       | width=29   | Butterfly/add_64 (BFj.v:64) |
| add_x_6        | DW01_add       | width=29   | Butterfly/add_65 (BFj.v:65) |
| sub_x_7        | DW01_sub       | width=29   | Butterfly/sub_67 (BFj.v:67) |
| sub_x_8        | DW01_sub       | width=29   | Butterfly/sub_68 (BFj.v:68) |
| sub_x_9        | DW01_sub       | width=29   | Butterfly/sub_70 (BFj.v:70) |
=============================================================================


Implementation Report
===============================================================================
|                    |                  | Current            | Set            |
| Cell               | Module           | Implementation     | Implementation |
===============================================================================
| add_x_5            | DW01_add         | apparch (area)     |                |
| add_x_6            | DW01_add         | apparch (area)     |                |
| sub_x_7            | DW01_sub         | apparch (area)     |                |
| sub_x_8            | DW01_sub         | apparch (area)     |                |
| sub_x_9            | DW01_sub         | apparch (area)     |                |
===============================================================================

 
****************************************
Design : contador_N2_1
****************************************

Resource Report for this hierarchy in file
        /home/digital4/vlsi/dc/rtl/topfftsrcN128_version5/contador.v
=============================================================================
| Cell           | Module         | Parameters | Contained Operations       |
=============================================================================
| add_x_1        | DW01_inc       | width=23   | add_42 (contador.v:42)     |
=============================================================================


Implementation Report
===============================================================================
|                    |                  | Current            | Set            |
| Cell               | Module           | Implementation     | Implementation |
===============================================================================
| add_x_1            | DW01_inc         | apparch (area)     |                |
===============================================================================

 
****************************************
Design : contador_N4
****************************************

Resource Report for this hierarchy in file
        /home/digital4/vlsi/dc/rtl/topfftsrcN128_version5/contador.v
=============================================================================
| Cell           | Module         | Parameters | Contained Operations       |
=============================================================================
| gte_x_1        | DW_cmp         | width=23   | gte_37 (contador.v:37)     |
| add_x_2        | DW01_inc       | width=23   | add_42 (contador.v:42)     |
=============================================================================


Implementation Report
===============================================================================
|                    |                  | Current            | Set            |
| Cell               | Module           | Implementation     | Implementation |
===============================================================================
| gte_x_1            | DW_cmp           | apparch (area)     |                |
| add_x_2            | DW01_inc         | apparch (area)     |                |
===============================================================================

 
****************************************
Design : topD_1_N5
****************************************

Resource Report for this hierarchy in file
        /home/digital4/vlsi/dc/rtl/topfftsrcN128_version5/topD_1.v
=============================================================================
| Cell           | Module         | Parameters | Contained Operations       |
=============================================================================
| add_x_1        | DW01_inc       | width=23   | add_40 (topD_1.v:40)       |
| gte_x_3        | DW_cmp         | width=23   | gte_46 (topD_1.v:46)       |
=============================================================================


Implementation Report
===============================================================================
|                    |                  | Current            | Set            |
| Cell               | Module           | Implementation     | Implementation |
===============================================================================
| add_x_1            | DW01_inc         | apparch (area)     |                |
| gte_x_3            | DW_cmp           | apparch (area)     |                |
===============================================================================

 
****************************************
Design : multip_NBITS16_NBITScoeff11_0
****************************************

Resource Report for this hierarchy in file
        /home/digital4/vlsi/dc/rtl/topfftsrcN128_version5/multip.v
=============================================================================
| Cell           | Module         | Parameters | Contained Operations       |
=============================================================================
| DP_OP_11J14_122_2636            |            |                            |
|                | DP_OP_11J14_122_2636 |      |                            |
| DP_OP_12J14_123_2636            |            |                            |
|                | DP_OP_12J14_123_2636 |      |                            |
=============================================================================

Datapath Report for DP_OP_11J14_122_2636
==============================================================================
| Cell                 | Contained Operations                                |
==============================================================================
| DP_OP_11J14_122_2636 | mult_26 (multip.v:26) sub_26 (multip.v:26)          |
|                      | mult_26_2 (multip.v:26)                             |
==============================================================================

==============================================================================
|       |      | Data     |       |                                          |
| Var   | Type | Class    | Width | Expression                               |
==============================================================================
| I1    | PI   | Signed   | 16    |                                          |
| I2    | PI   | Signed   | 11    |                                          |
| I3    | PI   | Signed   | 16    |                                          |
| I4    | PI   | Signed   | 11    |                                          |
| T0    | IFO  | Signed   | 27    | I1 * I2 (multip.v:26)                    |
| T1    | IFO  | Signed   | 27    | I3 * I4 (multip.v:26)                    |
| O1    | PO   | Signed   | 28    | T0 - T1 (multip.v:26)                    |
==============================================================================

Datapath Report for DP_OP_12J14_123_2636
==============================================================================
| Cell                 | Contained Operations                                |
==============================================================================
| DP_OP_12J14_123_2636 | mult_27 (multip.v:27) add_27 (multip.v:27)          |
|                      | mult_27_2 (multip.v:27)                             |
==============================================================================

==============================================================================
|       |      | Data     |       |                                          |
| Var   | Type | Class    | Width | Expression                               |
==============================================================================
| I1    | PI   | Signed   | 16    |                                          |
| I2    | PI   | Signed   | 11    |                                          |
| I3    | PI   | Signed   | 16    |                                          |
| I4    | PI   | Signed   | 11    |                                          |
| T3    | IFO  | Signed   | 27    | I1 * I2 (multip.v:27)                    |
| T4    | IFO  | Signed   | 27    | I3 * I4 (multip.v:27)                    |
| O1    | PO   | Signed   | 28    | T3 + T4 (multip.v:27)                    |
==============================================================================


Implementation Report
===============================================================================
|                    |                  | Current            | Set            |
| Cell               | Module           | Implementation     | Implementation |
===============================================================================
| DP_OP_11J14_122_2636                  |                    |                |
|                    | DP_OP_11J14_122_2636 | str (area)     |                |
|                    |                  | mult_arch: benc_radix4_mux          |
| DP_OP_12J14_123_2636                  |                    |                |
|                    | DP_OP_12J14_123_2636 | str (area)     |                |
|                    |                  | mult_arch: benc_radix4_mux          |
===============================================================================

 
****************************************
Design : multip_NBITS16_NBITScoeff11_1
****************************************

Resource Report for this hierarchy in file
        /home/digital4/vlsi/dc/rtl/topfftsrcN128_version5/multip.v
=============================================================================
| Cell           | Module         | Parameters | Contained Operations       |
=============================================================================
| DP_OP_11J14_122_2636            |            |                            |
|                | DP_OP_11J14_122_2636 |      |                            |
| DP_OP_12J14_123_2636            |            |                            |
|                | DP_OP_12J14_123_2636 |      |                            |
=============================================================================

Datapath Report for DP_OP_11J14_122_2636
==============================================================================
| Cell                 | Contained Operations                                |
==============================================================================
| DP_OP_11J14_122_2636 | mult_26 (multip.v:26) sub_26 (multip.v:26)          |
|                      | mult_26_2 (multip.v:26)                             |
==============================================================================

==============================================================================
|       |      | Data     |       |                                          |
| Var   | Type | Class    | Width | Expression                               |
==============================================================================
| I1    | PI   | Signed   | 16    |                                          |
| I2    | PI   | Signed   | 11    |                                          |
| I3    | PI   | Signed   | 16    |                                          |
| I4    | PI   | Signed   | 11    |                                          |
| T0    | IFO  | Signed   | 27    | I1 * I2 (multip.v:26)                    |
| T1    | IFO  | Signed   | 27    | I3 * I4 (multip.v:26)                    |
| O1    | PO   | Signed   | 28    | T0 - T1 (multip.v:26)                    |
==============================================================================

Datapath Report for DP_OP_12J14_123_2636
==============================================================================
| Cell                 | Contained Operations                                |
==============================================================================
| DP_OP_12J14_123_2636 | mult_27 (multip.v:27) add_27 (multip.v:27)          |
|                      | mult_27_2 (multip.v:27)                             |
==============================================================================

==============================================================================
|       |      | Data     |       |                                          |
| Var   | Type | Class    | Width | Expression                               |
==============================================================================
| I1    | PI   | Signed   | 16    |                                          |
| I2    | PI   | Signed   | 11    |                                          |
| I3    | PI   | Signed   | 16    |                                          |
| I4    | PI   | Signed   | 11    |                                          |
| T3    | IFO  | Signed   | 27    | I1 * I2 (multip.v:27)                    |
| T4    | IFO  | Signed   | 27    | I3 * I4 (multip.v:27)                    |
| O1    | PO   | Signed   | 28    | T3 + T4 (multip.v:27)                    |
==============================================================================


Implementation Report
===============================================================================
|                    |                  | Current            | Set            |
| Cell               | Module           | Implementation     | Implementation |
===============================================================================
| DP_OP_11J14_122_2636                  |                    |                |
|                    | DP_OP_11J14_122_2636 | str (area)     |                |
|                    |                  | mult_arch: benc_radix4_mux          |
| DP_OP_12J14_123_2636                  |                    |                |
|                    | DP_OP_12J14_123_2636 | str (area)     |                |
|                    |                  | mult_arch: benc_radix4_mux          |
===============================================================================

 
****************************************
Design : multip_NBITS16_NBITScoeff11_2
****************************************

Resource Report for this hierarchy in file
        /home/digital4/vlsi/dc/rtl/topfftsrcN128_version5/multip.v
=============================================================================
| Cell           | Module         | Parameters | Contained Operations       |
=============================================================================
| DP_OP_11J14_122_2636            |            |                            |
|                | DP_OP_11J14_122_2636 |      |                            |
| DP_OP_12J14_123_2636            |            |                            |
|                | DP_OP_12J14_123_2636 |      |                            |
=============================================================================

Datapath Report for DP_OP_11J14_122_2636
==============================================================================
| Cell                 | Contained Operations                                |
==============================================================================
| DP_OP_11J14_122_2636 | mult_26 (multip.v:26) sub_26 (multip.v:26)          |
|                      | mult_26_2 (multip.v:26)                             |
==============================================================================

==============================================================================
|       |      | Data     |       |                                          |
| Var   | Type | Class    | Width | Expression                               |
==============================================================================
| I1    | PI   | Signed   | 16    |                                          |
| I2    | PI   | Signed   | 11    |                                          |
| I3    | PI   | Signed   | 16    |                                          |
| I4    | PI   | Signed   | 11    |                                          |
| T0    | IFO  | Signed   | 27    | I1 * I2 (multip.v:26)                    |
| T1    | IFO  | Signed   | 27    | I3 * I4 (multip.v:26)                    |
| O1    | PO   | Signed   | 28    | T0 - T1 (multip.v:26)                    |
==============================================================================

Datapath Report for DP_OP_12J14_123_2636
==============================================================================
| Cell                 | Contained Operations                                |
==============================================================================
| DP_OP_12J14_123_2636 | mult_27 (multip.v:27) add_27 (multip.v:27)          |
|                      | mult_27_2 (multip.v:27)                             |
==============================================================================

==============================================================================
|       |      | Data     |       |                                          |
| Var   | Type | Class    | Width | Expression                               |
==============================================================================
| I1    | PI   | Signed   | 16    |                                          |
| I2    | PI   | Signed   | 11    |                                          |
| I3    | PI   | Signed   | 16    |                                          |
| I4    | PI   | Signed   | 11    |                                          |
| T3    | IFO  | Signed   | 27    | I1 * I2 (multip.v:27)                    |
| T4    | IFO  | Signed   | 27    | I3 * I4 (multip.v:27)                    |
| O1    | PO   | Signed   | 28    | T3 + T4 (multip.v:27)                    |
==============================================================================


Implementation Report
===============================================================================
|                    |                  | Current            | Set            |
| Cell               | Module           | Implementation     | Implementation |
===============================================================================
| DP_OP_11J14_122_2636                  |                    |                |
|                    | DP_OP_11J14_122_2636 | str (area)     |                |
|                    |                  | mult_arch: benc_radix4_mux          |
| DP_OP_12J14_123_2636                  |                    |                |
|                    | DP_OP_12J14_123_2636 | str (area)     |                |
|                    |                  | mult_arch: benc_radix4_mux          |
===============================================================================

 
****************************************
Design : multip_NBITS16_NBITScoeff11_3
****************************************

Resource Report for this hierarchy in file
        /home/digital4/vlsi/dc/rtl/topfftsrcN128_version5/multip.v
=============================================================================
| Cell           | Module         | Parameters | Contained Operations       |
=============================================================================
| DP_OP_11J14_122_2636            |            |                            |
|                | DP_OP_11J14_122_2636 |      |                            |
| DP_OP_12J14_123_2636            |            |                            |
|                | DP_OP_12J14_123_2636 |      |                            |
=============================================================================

Datapath Report for DP_OP_11J14_122_2636
==============================================================================
| Cell                 | Contained Operations                                |
==============================================================================
| DP_OP_11J14_122_2636 | mult_26 (multip.v:26) sub_26 (multip.v:26)          |
|                      | mult_26_2 (multip.v:26)                             |
==============================================================================

==============================================================================
|       |      | Data     |       |                                          |
| Var   | Type | Class    | Width | Expression                               |
==============================================================================
| I1    | PI   | Signed   | 16    |                                          |
| I2    | PI   | Signed   | 11    |                                          |
| I3    | PI   | Signed   | 16    |                                          |
| I4    | PI   | Signed   | 11    |                                          |
| T0    | IFO  | Signed   | 27    | I1 * I2 (multip.v:26)                    |
| T1    | IFO  | Signed   | 27    | I3 * I4 (multip.v:26)                    |
| O1    | PO   | Signed   | 28    | T0 - T1 (multip.v:26)                    |
==============================================================================

Datapath Report for DP_OP_12J14_123_2636
==============================================================================
| Cell                 | Contained Operations                                |
==============================================================================
| DP_OP_12J14_123_2636 | mult_27 (multip.v:27) add_27 (multip.v:27)          |
|                      | mult_27_2 (multip.v:27)                             |
==============================================================================

==============================================================================
|       |      | Data     |       |                                          |
| Var   | Type | Class    | Width | Expression                               |
==============================================================================
| I1    | PI   | Signed   | 16    |                                          |
| I2    | PI   | Signed   | 11    |                                          |
| I3    | PI   | Signed   | 16    |                                          |
| I4    | PI   | Signed   | 11    |                                          |
| T3    | IFO  | Signed   | 27    | I1 * I2 (multip.v:27)                    |
| T4    | IFO  | Signed   | 27    | I3 * I4 (multip.v:27)                    |
| O1    | PO   | Signed   | 28    | T3 + T4 (multip.v:27)                    |
==============================================================================


Implementation Report
===============================================================================
|                    |                  | Current            | Set            |
| Cell               | Module           | Implementation     | Implementation |
===============================================================================
| DP_OP_11J14_122_2636                  |                    |                |
|                    | DP_OP_11J14_122_2636 | str (area)     |                |
|                    |                  | mult_arch: benc_radix4_mux          |
| DP_OP_12J14_123_2636                  |                    |                |
|                    | DP_OP_12J14_123_2636 | str (area)     |                |
|                    |                  | mult_arch: benc_radix4_mux          |
===============================================================================

 
****************************************
Design : Blq_ND08_ND18_Nbits15_0
****************************************

Resource Report for this hierarchy in file
        /home/digital4/vlsi/dc/rtl/topfftsrcN128_version5/switch.v
=============================================================================
| Cell           | Module         | Parameters | Contained Operations       |
=============================================================================
| add_x_5        | DW01_add       | width=16   | Butterfly/add_54 (BF.v:54) |
| add_x_6        | DW01_add       | width=16   | Butterfly/add_55 (BF.v:55) |
| sub_x_7        | DW01_sub       | width=16   | Butterfly/sub_57 (BF.v:57) |
| sub_x_8        | DW01_sub       | width=16   | Butterfly/sub_58 (BF.v:58) |
=============================================================================


Implementation Report
===============================================================================
|                    |                  | Current            | Set            |
| Cell               | Module           | Implementation     | Implementation |
===============================================================================
| add_x_5            | DW01_add         | apparch (area)     |                |
| add_x_6            | DW01_add         | apparch (area)     |                |
| sub_x_7            | DW01_sub         | apparch (area)     |                |
| sub_x_8            | DW01_sub         | apparch (area)     |                |
===============================================================================

 
****************************************
Design : Blq_ND08_ND18_Nbits15_1
****************************************

Resource Report for this hierarchy in file
        /home/digital4/vlsi/dc/rtl/topfftsrcN128_version5/switch.v
=============================================================================
| Cell           | Module         | Parameters | Contained Operations       |
=============================================================================
| add_x_5        | DW01_add       | width=16   | Butterfly/add_54 (BF.v:54) |
| add_x_6        | DW01_add       | width=16   | Butterfly/add_55 (BF.v:55) |
| sub_x_7        | DW01_sub       | width=16   | Butterfly/sub_57 (BF.v:57) |
| sub_x_8        | DW01_sub       | width=16   | Butterfly/sub_58 (BF.v:58) |
=============================================================================


Implementation Report
===============================================================================
|                    |                  | Current            | Set            |
| Cell               | Module           | Implementation     | Implementation |
===============================================================================
| add_x_5            | DW01_add         | apparch (area)     |                |
| add_x_6            | DW01_add         | apparch (area)     |                |
| sub_x_7            | DW01_sub         | apparch (area)     |                |
| sub_x_8            | DW01_sub         | apparch (area)     |                |
===============================================================================

 
****************************************
Design : contador_N8_0
****************************************

Resource Report for this hierarchy in file
        /home/digital4/vlsi/dc/rtl/topfftsrcN128_version5/contador.v
=============================================================================
| Cell           | Module         | Parameters | Contained Operations       |
=============================================================================
| gte_x_1        | DW_cmp         | width=23   | gte_37 (contador.v:37)     |
| add_x_2        | DW01_inc       | width=23   | add_42 (contador.v:42)     |
=============================================================================


Implementation Report
===============================================================================
|                    |                  | Current            | Set            |
| Cell               | Module           | Implementation     | Implementation |
===============================================================================
| gte_x_1            | DW_cmp           | apparch (area)     |                |
| add_x_2            | DW01_inc         | apparch (area)     |                |
===============================================================================

 
****************************************
Design : topD_1_N9
****************************************

Resource Report for this hierarchy in file
        /home/digital4/vlsi/dc/rtl/topfftsrcN128_version5/topD_1.v
=============================================================================
| Cell           | Module         | Parameters | Contained Operations       |
=============================================================================
| add_x_1        | DW01_inc       | width=23   | add_40 (topD_1.v:40)       |
| gte_x_3        | DW_cmp         | width=23   | gte_46 (topD_1.v:46)       |
=============================================================================


Implementation Report
===============================================================================
|                    |                  | Current            | Set            |
| Cell               | Module           | Implementation     | Implementation |
===============================================================================
| add_x_1            | DW01_inc         | apparch (area)     |                |
| gte_x_3            | DW_cmp           | apparch (area)     |                |
===============================================================================

1
