Information: Propagating switching activity (low effort zero delay simulation). (PWR-6)
Warning: Design has unannotated primary inputs. (PWR-414)
Warning: Design has unannotated sequential cell outputs. (PWR-415)
Warning: Design has unannotated black box outputs. (PWR-428)
 
****************************************
Report : power
        -analysis_effort low
Design : topfft
Version: O-2018.06-SP2
Date   : Fri Nov  8 16:34:20 2019
****************************************


Library(s) Used:

    gscl45nm (File: /home/tools/synopsys/tech_kits/FreePDK45/osu_soc/lib/files/gscl45nm.db)


Operating Conditions: typical   Library: gscl45nm
Wire Load Model Mode: top


Global Operating Voltage = 1.1  
Power-specific unit information :
    Voltage Units = 1V
    Capacitance Units = 1.000000pf
    Time Units = 1ns
    Dynamic Power Units = 1mW    (derived from V,C,T units)
    Leakage Power Units = 1nW


  Cell Internal Power  =  88.2791 mW   (12%)
  Net Switching Power  = 666.3474 mW   (88%)
                         ---------
Total Dynamic Power    = 754.6265 mW  (100%)

Cell Leakage Power     =   1.3930 mW


                 Internal         Switching           Leakage            Total
Power Group      Power            Power               Power              Power   (   %    )  Attrs
--------------------------------------------------------------------------------------------------
io_pad             0.0000            0.0000            0.0000            0.0000  (   0.00%)
memory             0.0000            0.0000            0.0000            0.0000  (   0.00%)
black_box          0.0000            0.0000            0.0000            0.0000  (   0.00%)
clock_network     20.8593          664.7298        7.8461e+05          686.4738  (  90.81%)
register          66.5405            0.3324        4.4422e+05           67.3170  (   8.90%)
sequential         0.0000            0.0000            0.0000            0.0000  (   0.00%)
combinational      0.8794            1.1238        1.6418e+05            2.1674  (   0.29%)
--------------------------------------------------------------------------------------------------
Total             88.2791 mW       666.1859 mW     1.3930e+06 nW       755.9581 mW
1
