Warning: Design 'topfft' has '14' unresolved references. For more detailed information, use the "link" command. (UID-341)
 
****************************************
Report : area
Design : topfft
Version: O-2018.06-SP2
Date   : Fri Nov  8 16:34:17 2019
****************************************

Library(s) Used:

    gscl45nm (File: /home/tools/synopsys/tech_kits/FreePDK45/osu_soc/lib/files/gscl45nm.db)

Number of ports:                         2312
Number of nets:                         76592
Number of cells:                        67372
Number of combinational cells:          59106
Number of sequential cells:              8240
Number of macros/black boxes:               0
Number of buf/inv:                      15090
Number of references:                      46

Combinational area:             197625.984247
Buf/Inv area:                    24710.052341
Noncombinational area:           64463.046570
Macro/Black Box area:                0.000000
Net Interconnect area:      undefined  (No wire load specified)

Total cell area:                262089.030817
Total area:                 undefined

Information: This design contains black box (unknown) components. (RPT-8)

Area of detected synthetic parts
--------------------------------
  No DW parts to report!

Estimated area of ungrouped synthetic parts
-------------------------------------------
                                         Estimated  Perc. of
  Module               Implem.  Count         Area cell area
  -------------------- -------  ----- ------------ ---------
  DP_OP_11J11_122_5013     str      4   17566.9214      6.7%
  DP_OP_11J14_122_2636     str      4   13320.1726      5.1%
  DP_OP_11J9_122_5388      str      4   28657.2500     10.9%
  DP_OP_11J9_124_1579      str      2    5300.2842      2.0%
  DP_OP_12J11_123_5013     str      4   19806.0034      7.6%
  DP_OP_12J14_123_2636     str      4   13700.3052      5.2%
  DP_OP_12J9_123_5388      str      4   28599.0586     10.9%
  DP_OP_12J9_125_1579      str      2    5360.3540      2.0%
  DW01_add             apparch     26    4254.2044      1.6%
  DW01_add              pparch      2    1093.9371      0.4%
  DW01_inc             apparch     14    1446.8520      0.6%
  DW01_sub             apparch     31    5594.5254      2.1%
  DW01_sub              pparch      2    1152.1301      0.4%
  DW_cmp               apparch     11     265.2390      0.1%
  -------------------- -------  ----- ------------ ---------
  DP_OP Subtotal:                  28  132310.3494     50.5%
  Total:                          114  146117.2374     55.8%

Subtotal of datapath(DP_OP) cell area:  132310.3494  50.5%  (estimated)
Total synthetic cell area:              146117.2374  55.8%  (estimated)

1
