Warning: Design 'topfft' has '14' unresolved references. For more detailed information, use the "link" command. (UID-341)
 
****************************************
Report : area
Design : topfft
Version: O-2018.06-SP2
Date   : Fri Nov  8 15:53:19 2019
****************************************

Library(s) Used:

    gscl45nm (File: /home/tools/synopsys/tech_kits/FreePDK45/osu_soc/lib/files/gscl45nm.db)

Number of ports:                         4775
Number of nets:                         78991
Number of cells:                        68452
Number of combinational cells:          60320
Number of sequential cells:              8090
Number of macros/black boxes:               0
Number of buf/inv:                      21943
Number of references:                      14

Combinational area:             188915.306767
Buf/Inv area:                    40274.855610
Noncombinational area:           64399.221771
Macro/Black Box area:                0.000000
Net Interconnect area:      undefined  (No wire load specified)

Total cell area:                253314.528539
Total area:                 undefined

Information: This design contains black box (unknown) components. (RPT-8)

Area of detected synthetic parts
--------------------------------
  No DW parts to report!

Estimated area of ungrouped synthetic parts
-------------------------------------------
                                         Estimated  Perc. of
  Module               Implem.  Count         Area cell area
  -------------------- -------  ----- ------------ ---------
  DP_OP_11J11_122_5013     str      4   16378.6113      6.5%
  DP_OP_11J14_122_2636     str      4   13151.6938      5.2%
  DP_OP_11J9_122_5388      str      4   24850.3301      9.8%
  DP_OP_11J9_124_1579      str      2    5164.1875      2.0%
  DP_OP_12J11_123_5013     str      4   15779.8145      6.2%
  DP_OP_12J14_123_2636     str      4   13151.6938      5.2%
  DP_OP_12J9_123_5388      str      4   24859.7148      9.8%
  DP_OP_12J9_125_1579      str      2    5164.1875      2.0%
  DW01_add             apparch     28    4630.1144      1.8%
  DW01_inc             apparch     14    1446.8520      0.6%
  DW01_sub             apparch     33    6110.2865      2.4%
  DW_cmp               apparch     11     264.1878      0.1%
  -------------------- -------  ----- ------------ ---------
  DP_OP Subtotal:                  28  118500.2334     46.8%
  Total:                          114  130951.6741     51.7%

Subtotal of datapath(DP_OP) cell area:  118500.2334  46.8%  (estimated)
Total synthetic cell area:              130951.6741  51.7%  (estimated)

1
