Warning: Design 'topfft' has '14' unresolved references. For more detailed information, use the "link" command. (UID-341)
Information: Updating design information... (UID-85)
Warning: Design 'topfft' contains 1 high-fanout nets. A fanout number of 1000 will be used for delay calculations involving these nets. (TIM-134)
 
****************************************
Report : qor
Design : topfft
Version: O-2018.06-SP2
Date   : Fri Nov  8 15:53:19 2019
****************************************


  Timing Path Group 'CLK'
  -----------------------------------
  Levels of Logic:             137.00
  Critical Path Length:          5.86
  Critical Path Slack:           4.09
  Critical Path Clk Period:     10.00
  Total Negative Slack:          0.00
  No. of Violating Paths:        0.00
  Worst Hold Violation:          0.00
  Total Hold Violation:          0.00
  No. of Hold Violations:        0.00
  -----------------------------------


  Cell Count
  -----------------------------------
  Hierarchical Cell Count:         42
  Hierarchical Port Count:       4613
  Leaf Cell Count:              68406
  Buf/Inv Cell Count:           21943
  Buf Cell Count:                9993
  Inv Cell Count:               11950
  CT Buf/Inv Cell Count:            0
  Combinational Cell Count:     60334
  Sequential Cell Count:         8072
  Macro Count:                      0
  -----------------------------------


  Area
  -----------------------------------
  Combinational Area:   188915.306767
  Noncombinational Area: 64399.221771
  Buf/Inv Area:          40274.855610
  Total Buffer Area:         23448.57
  Total Inverter Area:       16826.28
  Macro/Black Box Area:      0.000000
  Net Area:                  0.000000
  -----------------------------------
  Cell Area:            253314.528539
  Design Area:          253314.528539


  Design Rules
  -----------------------------------
  Total Number of Nets:         74654
  Nets With Violations:         10924
  Max Trans Violations:             0
  Max Cap Violations:           10924
  -----------------------------------


  Hostname: nina.localdomain

  Compile CPU Statistics
  -----------------------------------------
  Resource Sharing:                    6.01
  Logic Optimization:                 15.11
  Mapping Optimization:              167.49
  -----------------------------------------
  Overall Compile Time:              331.15
  Overall Compile Wall Clock Time:   225.37

  --------------------------------------------------------------------

  Design  WNS: 0.00  TNS: 0.00  Number of Violating Paths: 0


  Design (Hold)  WNS: 0.00  TNS: 0.00  Number of Violating Paths: 0

  --------------------------------------------------------------------


1
