Warning: Design 'topfft' has '14' unresolved references. For more detailed information, use the "link" command. (UID-341)
 
****************************************
Report : area
Design : topfft
Version: O-2018.06-SP2
Date   : Fri Nov  8 15:53:19 2019
****************************************

Library(s) Used:

    gscl45nm (File: /home/tools/synopsys/tech_kits/FreePDK45/osu_soc/lib/files/gscl45nm.db)

Number of ports:                         4775
Number of nets:                         78991
Number of cells:                        68452
Number of combinational cells:          60320
Number of sequential cells:              8090
Number of macros/black boxes:               0
Number of buf/inv:                      21943
Number of references:                      14

Combinational area:             188915.306767
Buf/Inv area:                    40274.855610
Noncombinational area:           64399.221771
Macro/Black Box area:                0.000000
Net Interconnect area:      undefined  (No wire load specified)

Total cell area:                253314.528539
Total area:                 undefined

Information: This design contains black box (unknown) components. (RPT-8)
1
