 
****************************************
Report : area
Design : topfft
Version: O-2018.06-SP2
Date   : Tue Oct 22 11:09:50 2019
****************************************

Library(s) Used:

    gscl45nm (File: /home/tools/synopsys/tech_kits/FreePDK45/osu_soc/lib/files/gscl45nm.db)

Number of ports:                          162
Number of nets:                        137832
Number of cells:                       116234
Number of combinational cells:         108309
Number of sequential cells:              7925
Number of macros/black boxes:               0
Number of buf/inv:                      30876
Number of references:                      42

Combinational area:             328970.849246
Buf/Inv area:                    53945.564416
Noncombinational area:           63074.857201
Macro/Black Box area:                0.000000
Net Interconnect area:      undefined  (No wire load specified)

Total cell area:                392045.706447
Total area:                 undefined
1
